➤ YN0000: · Yarn 4.9.2
➤ YN0000: ┌ Resolution step
➤ YN0085: │ + @auth/prisma-adapter@npm:2.9.0, @auth/core@npm:0.39.0, jose@npm:6.0.11, oauth4webapi@npm:3.5.3, preact-render-to-string@npm:6.5.11, preact@npm:10.24.3
➤ YN0085: │ - @next-auth/prisma-adapter@npm:1.0.7, tsx@npm:4.20.3
➤ YN0000: └ Completed in 0s 301ms
➤ YN0000: ┌ Post-resolution validation
➤ YN0060: │ @typescript-eslint/parser is listed by your project with version 7.0.0 (p6cb6c), which doesn't satisfy what @typescript-eslint/eslint-plugin requests (^6.0.0-alpha).
➤ YN0060: │ eslint is listed by your project with version 9.24.0 (pe6e00), which doesn't satisfy what @typescript-eslint/eslint-plugin and other dependencies request (^8.57.0).
➤ YN0002: │ app@workspace:. doesn't provide prettier (pd88b5), requested by eslint-plugin-prettier.
➤ YN0086: │ Some peer dependencies are incorrectly met by your project; run yarn explain peer-requirements <hash> for details, where <hash> is the six-letter p-prefixed code.
➤ YN0086: │ Some peer dependencies are incorrectly met by dependencies; run yarn explain peer-requirements for details.
➤ YN0000: └ Completed
➤ YN0000: ┌ Fetch step
➤ YN0000: └ Completed in 1s 254ms
➤ YN0000: ┌ Link step
➤ YN0000: └ Completed in 0s 659ms
➤ YN0000: · Done with warnings in 2s 275ms
Environment variables loaded from .env
Prisma schema loaded from prisma/schema.prisma

✔ Generated Prisma Client (v6.7.0) to ./node_modules/.prisma/client in 209ms

Start by importing your Prisma Client (See: https://pris.ly/d/importing-client)

Tip: Curious about the SQL queries Prisma ORM generates? Optimize helps you enhance your visibility: https://pris.ly/tip-2-optimize

  ▲ Next.js 14.2.28
  - Local:        http://localhost:3000
  - Environments: .env
  - Experiments (use with caution):
    · outputFileTracingRoot

 ✓ Starting...
 ✓ Ready in 1523ms
 ✓ Compiled /middleware in 386ms (164 modules)
 ○ Compiling / ...
 ✓ Compiled / in 2.6s (1383 modules)
 GET / 200 in 3067ms
 ✓ Compiled in 567ms (697 modules)
 GET / 200 in 45ms
 GET / 200 in 40ms
