  ▲ Next.js 14.2.28
  - Local:        http://localhost:3000
  - Environments: .env
  - Experiments (use with caution):
    · outputFileTracingRoot

 ✓ Starting...
 ✓ Ready in 1616ms
 ✓ Compiled /middleware in 268ms (164 modules)
 ○ Compiling / ...
 ✓ Compiled / in 2.5s (1339 modules)
 GET / 200 in 2933ms
 GET / 200 in 2934ms
 ✓ Compiled in 530ms (675 modules)
 GET / 200 in 44ms
 ○ Compiling /api/companies ...
 ✓ Compiled /api/companies in 633ms (781 modules)
 ✓ Compiled (784 modules)
 GET /api/auth/me 401 in 922ms
 GET /api/companies 200 in 1007ms
 GET /api/auth/me 401 in 17ms
 GET /api/companies 200 in 17ms
 GET /api/companies 200 in 16ms
 GET /api/companies 200 in 15ms
 GET /api/companies 200 in 17ms
 GET /api/companies 200 in 15ms
 GET /api/companies 200 in 16ms
 GET /api/companies 200 in 17ms
 GET / 200 in 77ms
 GET / 200 in 27ms
 GET / 200 in 26ms
 GET /api/companies 200 in 23ms
 GET /api/auth/me 401 in 25ms
 GET /api/companies 200 in 18ms
 GET /api/auth/me 401 in 18ms
 GET /api/companies 200 in 16ms
 GET /api/companies 200 in 15ms
 GET /api/companies 200 in 16ms
 GET /api/companies 200 in 15ms
 GET /api/companies 200 in 14ms
 GET /api/companies 200 in 15ms
 GET / 200 in 33ms
 GET / 200 in 28ms
 GET / 200 in 33ms
 GET /api/auth/me 401 in 18ms
 GET /api/companies 200 in 21ms
 GET /api/auth/me 401 in 16ms
 GET /api/companies 200 in 14ms
 GET /api/companies 200 in 15ms
 GET /api/companies 200 in 15ms
 GET /api/companies 200 in 15ms
 GET /api/companies 200 in 15ms
 GET /api/companies 200 in 17ms
 GET /api/companies 200 in 15ms
[?25h
