  ▲ Next.js 14.2.28
  - Local:        http://localhost:3000
  - Environments: .env
  - Experiments (use with caution):
    · outputFileTracingRoot

 ✓ Starting...
 ✓ Ready in 1881ms
 ○ Compiling / ...
 ✓ Compiled / in 4.7s (1657 modules)
 GET / 200 in 5275ms
 GET / 200 in 5283ms
 ✓ Compiled in 645ms (709 modules)
 GET / 200 in 55ms
 ○ Compiling /api/auth/[...nextauth] ...
 ✓ Compiled /api/auth/[...nextauth] in 1304ms (945 modules)
 GET /api/auth/session 200 in 1830ms
 GET /api/auth/session 200 in 27ms
 GET / 200 in 92ms
 GET / 200 in 33ms
 GET / 200 in 34ms
 GET /api/auth/session 200 in 27ms
 GET /api/auth/session 200 in 17ms
 GET / 200 in 39ms
 GET / 200 in 31ms
 GET /api/auth/session 200 in 27ms
 GET /api/auth/session 200 in 16ms
