  ▲ Next.js 14.2.28
  - Local:        http://localhost:3000
  - Environments: .env
  - Experiments (use with caution):
    · outputFileTracingRoot

 ✓ Starting...
 ✓ Ready in 2.4s
 ○ Compiling /middleware ...
 ✓ Compiled /middleware in 572ms (164 modules)
 ○ Compiling / ...
 ✓ Compiled / in 4.3s (1366 modules)
 GET / 200 in 4847ms
 GET / 200 in 4850ms
 ✓ Compiled in 606ms (685 modules)
 GET / 200 in 74ms
 ○ Compiling /api/auth/me ...
 ✓ Compiled /api/auth/me in 2.6s (792 modules)
 ✓ Compiled (794 modules)
 GET /api/auth/me 401 in 2902ms
 GET /api/companies 401 in 2933ms
 GET /api/auth/me 401 in 24ms
 GET /api/companies 401 in 23ms
 GET /api/companies 401 in 21ms
 GET /api/companies 401 in 31ms
 GET /api/companies 401 in 23ms
 GET /api/companies 401 in 22ms
 GET /api/companies 401 in 21ms
 GET /api/companies 401 in 23ms
 GET / 200 in 122ms
 GET / 200 in 33ms
 GET / 200 in 33ms
 GET /api/companies 401 in 24ms
 GET /api/auth/me 401 in 30ms
 GET /api/companies 401 in 26ms
 GET /api/auth/me 401 in 30ms
 GET /api/companies 401 in 16ms
 GET /api/companies 401 in 18ms
 GET /api/companies 401 in 17ms
 GET /api/companies 401 in 17ms
 GET /api/companies 401 in 19ms
 GET /api/companies 401 in 17ms
 GET / 200 in 53ms
 GET / 200 in 40ms
 GET / 200 in 38ms
 GET /api/companies 401 in 30ms
 GET /api/auth/me 401 in 34ms
 GET /api/companies 401 in 33ms
 GET /api/auth/me 401 in 39ms
 GET /api/companies 401 in 20ms
 GET /api/companies 401 in 21ms
 GET /api/companies 401 in 22ms
 GET /api/companies 401 in 18ms
 GET /api/companies 401 in 21ms
 GET /api/companies 401 in 19ms
[?25h
