  ▲ Next.js 14.2.28
  - Local:        http://localhost:3000
  - Environments: .env
  - Experiments (use with caution):
    · outputFileTracingRoot

 ✓ Starting...
 ✓ Ready in 1538ms
 ○ Compiling / ...
 ✓ Compiled / in 2.4s (1650 modules)
 GET / 200 in 2989ms
 ✓ Compiled in 669ms (709 modules)
 ✓ Compiled /api/auth/[...nextauth] in 243ms (945 modules)
 GET /api/auth/session 200 in 666ms
 GET /api/auth/session 200 in 31ms
 ○ Compiling /auth/signup ...
 ✓ Compiled /auth/signup in 1041ms (1676 modules)
 GET /auth/signin 200 in 1265ms
 GET / 200 in 1261ms
 GET /auth/signup 200 in 1261ms
 GET /api/auth/session 200 in 80ms
 GET /api/auth/session 200 in 63ms
 GET /api/auth/session 200 in 73ms
 GET /api/auth/session 200 in 28ms
 GET /api/auth/session 200 in 28ms
 GET /api/auth/session 200 in 20ms
 GET /auth/signin 200 in 49ms
 GET / 200 in 59ms
 GET /auth/signup 200 in 61ms
[?25h
