  ▲ Next.js 14.2.28
  - Local:        http://localhost:3000
  - Environments: .env
  - Experiments (use with caution):
    · outputFileTracingRoot

 ✓ Starting...
 ✓ Ready in 1899ms
 ○ Compiling /middleware ...
 ✓ Compiled /middleware in 558ms (164 modules)
 ○ Compiling / ...
 ✓ Compiled / in 4.4s (1366 modules)
 GET / 200 in 4862ms
 ✓ Compiled in 592ms (685 modules)
 ○ Compiling /api/companies ...
 ✓ Compiled /api/companies in 3.1s (791 modules)
 ✓ Compiled (794 modules)
 GET /api/companies 401 in 3391ms
 GET /api/auth/me 401 in 3437ms
 GET /api/auth/me 401 in 32ms
 GET /api/companies 401 in 27ms
 GET /api/companies 401 in 19ms
 GET /api/companies 401 in 17ms
 GET /api/companies 401 in 17ms
 GET /api/companies 401 in 19ms
 GET /api/companies 401 in 23ms
 GET /api/companies 401 in 22ms
 GET / 200 in 134ms
 ○ Compiling /stories ...
 ✓ Compiled /stories in 1902ms (1655 modules)
 GET /api/companies 401 in 1569ms
 GET /api/auth/me 401 in 1628ms
 GET /?company=meta 200 in 2291ms
 GET /companies?company=meta 200 in 2356ms
 GET /critical?company=meta 200 in 2254ms
 GET /comprehensive?company=meta 200 in 2261ms
 GET /signup 200 in 2247ms
 GET /login 200 in 2250ms
 GET /login?redirect=%2Fretrospective 200 in 2200ms
 GET /faq?company=meta 200 in 2251ms
 GET /stories?company=meta 200 in 2254ms
 GET /api/auth/me 401 in 188ms
 GET /api/companies 401 in 224ms
 GET /api/companies 401 in 158ms
 GET /api/companies 401 in 30ms
 GET /api/companies 401 in 29ms
 GET /api/companies 401 in 23ms
 GET /api/companies 401 in 29ms
 GET /api/companies 401 in 43ms
 GET /api/auth/me 401 in 67ms
 GET /api/companies 401 in 53ms
 GET /api/companies 401 in 53ms
 GET /api/auth/me 401 in 147ms
 GET /api/auth/me 401 in 146ms
 GET /api/auth/me 401 in 152ms
 ✓ Compiled /api/faqs in 263ms (897 modules)
 ✓ Compiled (905 modules)
 GET /api/auth/me 401 in 705ms
 GET /api/auth/me 401 in 705ms
 GET /api/auth/me 401 in 668ms
 GET /api/auth/me 401 in 648ms
 GET /api/auth/me 401 in 648ms
 GET /api/companies 401 in 713ms
 GET /api/companies 401 in 712ms
 GET /api/companies 401 in 712ms
 GET /api/auth/me 401 in 646ms
 GET /api/auth/me 401 in 584ms
 GET /api/auth/me 401 in 653ms
 GET /api/companies 401 in 632ms
 GET /api/companies 401 in 631ms
 GET /api/companies 401 in 598ms
 GET /api/companies 401 in 597ms
 GET /api/companies 401 in 584ms
 GET /api/companies 401 in 584ms
 GET /api/stories? 401 in 685ms
 GET /api/auth/me 401 in 147ms
 GET /api/auth/me 401 in 146ms
 GET /api/auth/me 401 in 146ms
 GET /api/auth/me 401 in 145ms
 GET /api/auth/me 401 in 61ms
 GET /api/companies 401 in 80ms
 GET /api/companies 401 in 80ms
 GET /api/companies 401 in 80ms
 GET /api/auth/me 401 in 93ms
 GET /api/companies 401 in 63ms
 GET /api/companies 401 in 63ms
 GET /api/companies 401 in 63ms
 GET /api/companies 401 in 63ms
 GET /api/companies 401 in 63ms
 GET /api/companies 401 in 62ms
 GET /api/questions?company=meta 200 in 942ms
 GET /api/tags 200 in 824ms
 GET /api/faqs 200 in 790ms
 GET /api/questions?critical=true&company=meta 200 in 778ms
 GET /api/categories 200 in 951ms
 GET /api/stories? 401 in 92ms
 GET /api/companies 401 in 70ms
 GET /api/companies 401 in 70ms
 GET /api/companies 401 in 70ms
 GET /api/companies 401 in 93ms
 GET /api/companies 401 in 93ms
 GET /api/companies 401 in 93ms
 GET /api/companies 401 in 92ms
 GET /api/companies 401 in 92ms
 GET /api/companies 401 in 92ms
 GET /api/questions?company=meta 200 in 108ms
 GET /api/questions?critical=true&company=meta 200 in 109ms
 GET /api/faqs 200 in 109ms
 GET /api/categories 200 in 114ms
 GET /api/tags 200 in 117ms
 GET /api/stories? 401 in 107ms
 GET /api/companies 401 in 63ms
 GET /api/companies 401 in 62ms
 GET /api/companies 401 in 62ms
 GET /api/companies 401 in 69ms
 GET /api/companies 401 in 68ms
 GET /api/companies 401 in 68ms
 GET /api/companies 401 in 68ms
 GET /api/companies 401 in 68ms
 GET /api/companies 401 in 89ms
 GET /api/tags 200 in 90ms
 GET /api/stories? 401 in 90ms
 GET /api/companies 401 in 37ms
 GET /api/companies 401 in 57ms
 GET /api/companies 401 in 57ms
 GET /api/companies 401 in 41ms
 GET /api/tags 200 in 41ms
 GET /api/companies 401 in 27ms
 GET /api/companies 401 in 27ms
 GET /api/companies 401 in 26ms
 GET /api/companies 401 in 24ms
 GET /?redirect=%2Fretrospective&company=meta 200 in 85ms
 GET /companies?redirect=%2Fretrospective&company=meta 200 in 189ms
 GET /comprehensive?redirect=%2Fretrospective&company=meta 200 in 218ms
 GET /critical?redirect=%2Fretrospective&company=meta 200 in 203ms
 GET /stories?redirect=%2Fretrospective&company=meta 200 in 212ms
 GET /faq?redirect=%2Fretrospective&company=meta 200 in 224ms
 GET /login?redirect=%2Fretrospective 200 in 292ms
 GET /api/auth/me 401 in 56ms
 GET /api/companies 401 in 81ms
 GET /api/auth/me 401 in 130ms
 GET /api/auth/me 401 in 130ms
 GET /api/auth/me 401 in 125ms
 GET /api/auth/me 401 in 112ms
 GET /api/companies 401 in 123ms
 GET /api/questions?company=meta 200 in 146ms
 GET /api/categories 200 in 152ms
 GET /api/auth/me 401 in 161ms
 GET /api/companies 401 in 190ms
 GET /api/companies 401 in 190ms
 GET /api/companies 401 in 189ms
 GET /api/companies 401 in 153ms
 GET /api/companies 401 in 153ms
 GET /api/stories? 401 in 181ms
 GET /api/questions?critical=true&company=meta 200 in 182ms
 GET /api/auth/me 401 in 203ms
 GET /api/auth/me 401 in 201ms
 GET /api/auth/me 401 in 154ms
 GET /api/auth/me 401 in 153ms
 GET /api/auth/me 401 in 153ms
 GET /api/tags 200 in 210ms
 GET /api/faqs 200 in 164ms
 GET /api/auth/me 401 in 120ms
 GET /api/companies 401 in 152ms
 GET /api/auth/me 401 in 69ms
 GET /api/auth/me 401 in 69ms
 GET /api/companies 401 in 86ms
 GET /api/questions?company=meta 200 in 89ms
 GET /api/categories 200 in 105ms
 GET /api/companies 401 in 95ms
 GET /api/companies 401 in 95ms
 GET /api/companies 401 in 95ms
 GET /api/companies 401 in 95ms
 GET /api/companies 401 in 95ms
 GET /api/stories? 401 in 108ms
 GET /api/tags 200 in 112ms
 GET /api/questions?critical=true&company=meta 200 in 117ms
 GET /api/companies 401 in 86ms
 GET /api/faqs 200 in 101ms
 GET /api/companies 401 in 60ms
 GET /api/companies 401 in 62ms
 GET /api/companies 401 in 62ms
 GET /api/companies 401 in 62ms
 GET /api/companies 401 in 62ms
 GET /api/stories? 401 in 75ms
 GET /api/companies 401 in 79ms
 GET /api/tags 200 in 83ms
 GET /api/companies 401 in 67ms
 GET /api/companies 401 in 46ms
 GET /api/companies 401 in 47ms
 GET /api/companies 401 in 47ms
 GET /api/companies 401 in 47ms
 GET /api/companies 401 in 46ms
 GET /api/stories? 401 in 50ms
 GET /api/companies 401 in 66ms
 GET /api/companies 401 in 55ms
 GET /api/tags 200 in 69ms
 GET /api/companies 401 in 48ms
 GET /api/companies 401 in 41ms
 GET /api/companies 401 in 41ms
 GET /api/companies 401 in 41ms
 GET /api/companies 401 in 26ms
 GET /api/companies 401 in 31ms
 GET /api/companies 401 in 39ms
 GET /api/companies 401 in 39ms
 GET /api/companies 401 in 23ms
 GET /critical?redirect=/retrospective&company=meta 200 in 82ms
 GET /comprehensive?redirect=/retrospective&company=meta 200 in 128ms
 GET /companies?redirect=/retrospective&company=meta 200 in 128ms
 GET /?redirect=/retrospective&company=meta 200 in 136ms
 GET / 200 in 136ms
 GET /signup 200 in 137ms
 GET /?company=meta 200 in 138ms
 GET /stories?company=meta 200 in 140ms
 GET /login?redirect=/retrospective 200 in 148ms
 GET /login?redirect=/retrospective 200 in 151ms
 GET /comprehensive?company=meta 200 in 99ms
 GET /critical?company=meta 200 in 95ms
 GET /faq?redirect=/retrospective&company=meta 200 in 95ms
 GET /faq?company=meta 200 in 95ms
 GET /companies?company=meta 200 in 98ms
 GET /stories?redirect=/retrospective&company=meta 200 in 119ms
 GET /login 200 in 98ms
 GET /api/companies 401 in 21ms
 ✓ Compiled /api/auth/login in 231ms (908 modules)
 POST /api/auth/login 401 in 679ms
 POST /api/auth/login 200 in 390ms
 GET /api/companies 200 in 110ms
 GET /api/questions?critical=true&company=meta 200 in 110ms
 ✓ Compiled /api/search in 288ms (910 modules)
 GET /api/search?q=leadership 200 in 434ms
 GET / 200 in 97ms
 GET /api/auth/me 401 in 41ms
 GET /api/companies 401 in 47ms
 GET /api/auth/me 401 in 39ms
 GET /api/companies 401 in 24ms
 GET /api/companies 401 in 21ms
 GET /api/companies 401 in 22ms
 GET /api/companies 401 in 21ms
 GET /api/companies 401 in 21ms
 GET /api/companies 401 in 22ms
 GET /api/companies 401 in 25ms
 GET /login 200 in 50ms
 GET /api/auth/me 401 in 29ms
 GET /api/companies 401 in 34ms
 GET /api/auth/me 401 in 31ms
 GET /api/companies 401 in 24ms
 GET /api/companies 401 in 17ms
 GET /api/companies 401 in 16ms
 GET /api/companies 401 in 26ms
 GET /api/companies 401 in 23ms
 GET /api/companies 401 in 21ms
 POST /api/auth/login 200 in 350ms
 POST /api/auth/login 200 in 342ms
 GET /api/companies 200 in 101ms
 GET /api/questions?critical=true&company=meta 200 in 108ms
 GET /api/search?q=leadership 200 in 36ms
 GET /api/auth/me 200 in 23ms
 ✓ Compiled in 1167ms (1618 modules)
 ✓ Compiled in 551ms (1616 modules)
 ✓ Compiled in 905ms (1611 modules)
 ✓ Compiled in 669ms (1611 modules)
 ✓ Compiled /api/categories in 171ms (753 modules)
 GET /api/categories 200 in 331ms
 GET /login 200 in 136ms
 ✓ Compiled /api/companies in 208ms (842 modules)
 ✓ Compiled (844 modules)
 GET /api/companies 401 in 598ms
 GET /api/auth/me 401 in 645ms
 GET /api/auth/me 401 in 57ms
 GET /api/companies 401 in 41ms
 GET /api/companies 401 in 27ms
 GET /api/companies 401 in 39ms
 ✓ Compiled /api/auth/login in 201ms (847 modules)
 POST /api/auth/login 200 in 578ms
 GET /api/companies 200 in 107ms
 ✓ Compiled /api/questions in 191ms (849 modules)
 GET /api/questions?critical=true&company=meta 200 in 318ms
 ✓ Compiled /api/search in 204ms (851 modules)
 GET /api/search?q=leadership 200 in 314ms
 GET / 200 in 89ms
 POST /api/auth/login 200 in 353ms
 GET /companies 200 in 46ms
 GET /critical 200 in 44ms
 GET /comprehensive 200 in 41ms
 GET /api/search?q=test 200 in 30ms
 POST /api/auth/login 200 in 343ms
 GET /companies 200 in 32ms
 POST /api/auth/login 200 in 342ms
 GET /api/auth/me 200 in 27ms
 GET /api/companies 200 in 112ms
 POST /api/auth/login 200 in 346ms
 GET /api/search?q=leadership 200 in 34ms
 GET /api/search?q=team&companyId=meta 200 in 29ms
 GET /api/search?q=system 200 in 33ms
 GET /api/questions?critical=true&company=meta 200 in 106ms
 GET /api/questions?critical=true&company=google 200 in 23ms
 GET /api/companies 200 in 21ms
[?25h
