/bin/bash: line 1: yarn install,: command not found
 ⨯ Error: @prisma/client did not initialize yet. Please run "prisma generate" and try to import it again.
    at new PrismaClient (/opt/hostedapp/node/root/app/node_modules/.prisma/client/default.js:43:11)
    at (rsc)/./app/api/companies/route.ts (/home/ubuntu/em_interview_prep/app/.next/server/app/api/companies/route.js:113:16)
    at __webpack_require__ (/home/ubuntu/em_interview_prep/app/.next/server/webpack-runtime.js:25:43)
    at (rsc)/../../../../opt/hostedapp/node/root/app/node_modules/next/dist/build/webpack/loaders/next-app-loader.js?name=app%2Fapi%2Fcompanies%2Froute&page=%2Fapi%2Fcompanies%2Froute&appPaths=&pagePath=private-next-app-dir%2Fapi%2Fcompanies%2Froute.ts&appDir=%2Fhome%2Fubuntu%2Fem_interview_prep%2Fapp%2Fapp&pageExtensions=tsx&pageExtensions=ts&pageExtensions=jsx&pageExtensions=js&rootDir=%2Fhome%2Fubuntu%2Fem_interview_prep%2Fapp&isDev=true&tsconfigPath=tsconfig.json&basePath=&assetPrefix=&nextConfigOutput=&preferredRegion=&middlewareConfig=e30%3D! (/home/ubuntu/em_interview_prep/app/.next/server/app/api/companies/route.js:58:119)
    at __webpack_require__ (/home/ubuntu/em_interview_prep/app/.next/server/webpack-runtime.js:25:43)
    at __webpack_exec__ (/home/ubuntu/em_interview_prep/app/.next/server/app/api/companies/route.js:181:39)
    at /home/ubuntu/em_interview_prep/app/.next/server/app/api/companies/route.js:182:83
    at __webpack_require__.X (/home/ubuntu/em_interview_prep/app/.next/server/webpack-runtime.js:160:21)
    at /home/ubuntu/em_interview_prep/app/.next/server/app/api/companies/route.js:182:47
    at Object.<anonymous> (/home/ubuntu/em_interview_prep/app/.next/server/app/api/companies/route.js:185:3)
    at Module._compile (node:internal/modules/cjs/loader:1554:14)
    at Object..js (node:internal/modules/cjs/loader:1706:10)
    at Module.load (node:internal/modules/cjs/loader:1289:32)
    at Function._load (node:internal/modules/cjs/loader:1108:12)
    at TracingChannel.traceSync (node:diagnostics_channel:322:14)
    at wrapModuleLoad (node:internal/modules/cjs/loader:220:24)
    at Module.<anonymous> (node:internal/modules/cjs/loader:1311:12)
    at mod.require (/opt/hostedapp/node/root/app/node_modules/next/dist/server/require-hook.js:65:28)
    at require (node:internal/modules/helpers:136:16)
    at requirePage (/opt/hostedapp/node/root/app/node_modules/next/dist/server/require.js:109:84)
    at /opt/hostedapp/node/root/app/node_modules/next/dist/server/load-components.js:103:84
    at async loadComponentsImpl (/opt/hostedapp/node/root/app/node_modules/next/dist/server/load-components.js:103:26)
    at async DevServer.findPageComponentsImpl (/opt/hostedapp/node/root/app/node_modules/next/dist/server/next-server.js:714:36)
    at async DevServer.findPageComponents (/opt/hostedapp/node/root/app/node_modules/next/dist/server/dev/next-dev-server.js:577:20)
    at async DevServer.renderPageComponent (/opt/hostedapp/node/root/app/node_modules/next/dist/server/base-server.js:1910:24)
    at async DevServer.renderToResponseImpl (/opt/hostedapp/node/root/app/node_modules/next/dist/server/base-server.js:1962:32)
    at async DevServer.pipeImpl (/opt/hostedapp/node/root/app/node_modules/next/dist/server/base-server.js:922:25)
    at async NextNodeServer.handleCatchallRenderRequest (/opt/hostedapp/node/root/app/node_modules/next/dist/server/next-server.js:272:17)
    at async DevServer.handleRequestImpl (/opt/hostedapp/node/root/app/node_modules/next/dist/server/base-server.js:818:17)
    at async /opt/hostedapp/node/root/app/node_modules/next/dist/server/dev/next-dev-server.js:339:20
    at async Span.traceAsyncFn (/opt/hostedapp/node/root/app/node_modules/next/dist/trace/trace.js:154:20)
    at async DevServer.handleRequest (/opt/hostedapp/node/root/app/node_modules/next/dist/server/dev/next-dev-server.js:336:24)
    at async invokeRender (/opt/hostedapp/node/root/app/node_modules/next/dist/server/lib/router-server.js:178:21)
    at async handleRequest (/opt/hostedapp/node/root/app/node_modules/next/dist/server/lib/router-server.js:355:24)
    at async requestHandlerImpl (/opt/hostedapp/node/root/app/node_modules/next/dist/server/lib/router-server.js:379:13)
    at async Server.requestListener (/opt/hostedapp/node/root/app/node_modules/next/dist/server/lib/start-server.js:141:13) {
  page: '/api/companies'
}
 ⨯ Error: @prisma/client did not initialize yet. Please run "prisma generate" and try to import it again.
    at new PrismaClient (/opt/hostedapp/node/root/app/node_modules/.prisma/client/default.js:43:11)
    at (rsc)/./app/api/companies/route.ts (/home/ubuntu/em_interview_prep/app/.next/server/app/api/companies/route.js:113:16)
    at __webpack_require__ (/home/ubuntu/em_interview_prep/app/.next/server/webpack-runtime.js:25:43)
    at (rsc)/../../../../opt/hostedapp/node/root/app/node_modules/next/dist/build/webpack/loaders/next-app-loader.js?name=app%2Fapi%2Fcompanies%2Froute&page=%2Fapi%2Fcompanies%2Froute&appPaths=&pagePath=private-next-app-dir%2Fapi%2Fcompanies%2Froute.ts&appDir=%2Fhome%2Fubuntu%2Fem_interview_prep%2Fapp%2Fapp&pageExtensions=tsx&pageExtensions=ts&pageExtensions=jsx&pageExtensions=js&rootDir=%2Fhome%2Fubuntu%2Fem_interview_prep%2Fapp&isDev=true&tsconfigPath=tsconfig.json&basePath=&assetPrefix=&nextConfigOutput=&preferredRegion=&middlewareConfig=e30%3D! (/home/ubuntu/em_interview_prep/app/.next/server/app/api/companies/route.js:58:119)
    at __webpack_require__ (/home/ubuntu/em_interview_prep/app/.next/server/webpack-runtime.js:25:43)
    at __webpack_exec__ (/home/ubuntu/em_interview_prep/app/.next/server/app/api/companies/route.js:181:39)
    at /home/ubuntu/em_interview_prep/app/.next/server/app/api/companies/route.js:182:83
    at __webpack_require__.X (/home/ubuntu/em_interview_prep/app/.next/server/webpack-runtime.js:160:21)
    at /home/ubuntu/em_interview_prep/app/.next/server/app/api/companies/route.js:182:47
    at Object.<anonymous> (/home/ubuntu/em_interview_prep/app/.next/server/app/api/companies/route.js:185:3)
    at Module._compile (node:internal/modules/cjs/loader:1554:14)
    at Object..js (node:internal/modules/cjs/loader:1706:10)
    at Module.load (node:internal/modules/cjs/loader:1289:32)
    at Function._load (node:internal/modules/cjs/loader:1108:12)
    at TracingChannel.traceSync (node:diagnostics_channel:322:14)
    at wrapModuleLoad (node:internal/modules/cjs/loader:220:24)
    at Module.<anonymous> (node:internal/modules/cjs/loader:1311:12)
    at mod.require (/opt/hostedapp/node/root/app/node_modules/next/dist/server/require-hook.js:65:28)
    at require (node:internal/modules/helpers:136:16)
    at requirePage (/opt/hostedapp/node/root/app/node_modules/next/dist/server/require.js:109:84)
    at /opt/hostedapp/node/root/app/node_modules/next/dist/server/load-components.js:103:84
    at async loadComponentsImpl (/opt/hostedapp/node/root/app/node_modules/next/dist/server/load-components.js:103:26)
    at async DevServer.findPageComponentsImpl (/opt/hostedapp/node/root/app/node_modules/next/dist/server/next-server.js:714:36)
    at async DevServer.findPageComponents (/opt/hostedapp/node/root/app/node_modules/next/dist/server/dev/next-dev-server.js:577:20)
    at async DevServer.renderPageComponent (/opt/hostedapp/node/root/app/node_modules/next/dist/server/base-server.js:1910:24)
    at async DevServer.renderToResponseImpl (/opt/hostedapp/node/root/app/node_modules/next/dist/server/base-server.js:1962:32)
    at async DevServer.pipeImpl (/opt/hostedapp/node/root/app/node_modules/next/dist/server/base-server.js:922:25)
    at async NextNodeServer.handleCatchallRenderRequest (/opt/hostedapp/node/root/app/node_modules/next/dist/server/next-server.js:272:17)
    at async DevServer.handleRequestImpl (/opt/hostedapp/node/root/app/node_modules/next/dist/server/base-server.js:818:17)
    at async /opt/hostedapp/node/root/app/node_modules/next/dist/server/dev/next-dev-server.js:339:20
    at async Span.traceAsyncFn (/opt/hostedapp/node/root/app/node_modules/next/dist/trace/trace.js:154:20)
    at async DevServer.handleRequest (/opt/hostedapp/node/root/app/node_modules/next/dist/server/dev/next-dev-server.js:336:24)
    at async invokeRender (/opt/hostedapp/node/root/app/node_modules/next/dist/server/lib/router-server.js:178:21)
    at async handleRequest (/opt/hostedapp/node/root/app/node_modules/next/dist/server/lib/router-server.js:355:24)
    at async requestHandlerImpl (/opt/hostedapp/node/root/app/node_modules/next/dist/server/lib/router-server.js:379:13)
    at async Server.requestListener (/opt/hostedapp/node/root/app/node_modules/next/dist/server/lib/start-server.js:141:13) {
  page: '/api/companies'
}
 ⨯ Error: @prisma/client did not initialize yet. Please run "prisma generate" and try to import it again.
    at new PrismaClient (/opt/hostedapp/node/root/app/node_modules/.prisma/client/default.js:43:11)
    at (rsc)/./app/api/companies/route.ts (/home/ubuntu/em_interview_prep/app/.next/server/app/api/companies/route.js:113:16)
    at __webpack_require__ (/home/ubuntu/em_interview_prep/app/.next/server/webpack-runtime.js:25:43)
    at (rsc)/../../../../opt/hostedapp/node/root/app/node_modules/next/dist/build/webpack/loaders/next-app-loader.js?name=app%2Fapi%2Fcompanies%2Froute&page=%2Fapi%2Fcompanies%2Froute&appPaths=&pagePath=private-next-app-dir%2Fapi%2Fcompanies%2Froute.ts&appDir=%2Fhome%2Fubuntu%2Fem_interview_prep%2Fapp%2Fapp&pageExtensions=tsx&pageExtensions=ts&pageExtensions=jsx&pageExtensions=js&rootDir=%2Fhome%2Fubuntu%2Fem_interview_prep%2Fapp&isDev=true&tsconfigPath=tsconfig.json&basePath=&assetPrefix=&nextConfigOutput=&preferredRegion=&middlewareConfig=e30%3D! (/home/ubuntu/em_interview_prep/app/.next/server/app/api/companies/route.js:58:119)
    at __webpack_require__ (/home/ubuntu/em_interview_prep/app/.next/server/webpack-runtime.js:25:43)
    at __webpack_exec__ (/home/ubuntu/em_interview_prep/app/.next/server/app/api/companies/route.js:181:39)
    at /home/ubuntu/em_interview_prep/app/.next/server/app/api/companies/route.js:182:83
    at __webpack_require__.X (/home/ubuntu/em_interview_prep/app/.next/server/webpack-runtime.js:160:21)
    at /home/ubuntu/em_interview_prep/app/.next/server/app/api/companies/route.js:182:47
    at Object.<anonymous> (/home/ubuntu/em_interview_prep/app/.next/server/app/api/companies/route.js:185:3)
    at Module._compile (node:internal/modules/cjs/loader:1554:14)
    at Object..js (node:internal/modules/cjs/loader:1706:10)
    at Module.load (node:internal/modules/cjs/loader:1289:32)
    at Function._load (node:internal/modules/cjs/loader:1108:12)
    at TracingChannel.traceSync (node:diagnostics_channel:322:14)
    at wrapModuleLoad (node:internal/modules/cjs/loader:220:24)
    at Module.<anonymous> (node:internal/modules/cjs/loader:1311:12)
    at mod.require (/opt/hostedapp/node/root/app/node_modules/next/dist/server/require-hook.js:65:28)
    at require (node:internal/modules/helpers:136:16)
    at requirePage (/opt/hostedapp/node/root/app/node_modules/next/dist/server/require.js:109:84)
    at /opt/hostedapp/node/root/app/node_modules/next/dist/server/load-components.js:103:84
    at async loadComponentsImpl (/opt/hostedapp/node/root/app/node_modules/next/dist/server/load-components.js:103:26)
    at async DevServer.findPageComponentsImpl (/opt/hostedapp/node/root/app/node_modules/next/dist/server/next-server.js:714:36)
    at async DevServer.findPageComponents (/opt/hostedapp/node/root/app/node_modules/next/dist/server/dev/next-dev-server.js:577:20)
    at async DevServer.renderPageComponent (/opt/hostedapp/node/root/app/node_modules/next/dist/server/base-server.js:1910:24)
    at async DevServer.renderToResponseImpl (/opt/hostedapp/node/root/app/node_modules/next/dist/server/base-server.js:1962:32)
    at async DevServer.pipeImpl (/opt/hostedapp/node/root/app/node_modules/next/dist/server/base-server.js:922:25)
    at async NextNodeServer.handleCatchallRenderRequest (/opt/hostedapp/node/root/app/node_modules/next/dist/server/next-server.js:272:17)
    at async DevServer.handleRequestImpl (/opt/hostedapp/node/root/app/node_modules/next/dist/server/base-server.js:818:17)
    at async /opt/hostedapp/node/root/app/node_modules/next/dist/server/dev/next-dev-server.js:339:20
    at async Span.traceAsyncFn (/opt/hostedapp/node/root/app/node_modules/next/dist/trace/trace.js:154:20)
    at async DevServer.handleRequest (/opt/hostedapp/node/root/app/node_modules/next/dist/server/dev/next-dev-server.js:336:24)
    at async invokeRender (/opt/hostedapp/node/root/app/node_modules/next/dist/server/lib/router-server.js:178:21)
    at async handleRequest (/opt/hostedapp/node/root/app/node_modules/next/dist/server/lib/router-server.js:355:24)
    at async requestHandlerImpl (/opt/hostedapp/node/root/app/node_modules/next/dist/server/lib/router-server.js:379:13)
    at async Server.requestListener (/opt/hostedapp/node/root/app/node_modules/next/dist/server/lib/start-server.js:141:13) {
  page: '/api/companies'
}
 ⨯ Error: @prisma/client did not initialize yet. Please run "prisma generate" and try to import it again.
    at new PrismaClient (/opt/hostedapp/node/root/app/node_modules/.prisma/client/default.js:43:11)
    at (rsc)/./app/api/companies/route.ts (/home/ubuntu/em_interview_prep/app/.next/server/app/api/companies/route.js:113:16)
    at __webpack_require__ (/home/ubuntu/em_interview_prep/app/.next/server/webpack-runtime.js:25:43)
    at (rsc)/../../../../opt/hostedapp/node/root/app/node_modules/next/dist/build/webpack/loaders/next-app-loader.js?name=app%2Fapi%2Fcompanies%2Froute&page=%2Fapi%2Fcompanies%2Froute&appPaths=&pagePath=private-next-app-dir%2Fapi%2Fcompanies%2Froute.ts&appDir=%2Fhome%2Fubuntu%2Fem_interview_prep%2Fapp%2Fapp&pageExtensions=tsx&pageExtensions=ts&pageExtensions=jsx&pageExtensions=js&rootDir=%2Fhome%2Fubuntu%2Fem_interview_prep%2Fapp&isDev=true&tsconfigPath=tsconfig.json&basePath=&assetPrefix=&nextConfigOutput=&preferredRegion=&middlewareConfig=e30%3D! (/home/ubuntu/em_interview_prep/app/.next/server/app/api/companies/route.js:58:119)
    at __webpack_require__ (/home/ubuntu/em_interview_prep/app/.next/server/webpack-runtime.js:25:43)
    at __webpack_exec__ (/home/ubuntu/em_interview_prep/app/.next/server/app/api/companies/route.js:181:39)
    at /home/ubuntu/em_interview_prep/app/.next/server/app/api/companies/route.js:182:83
    at __webpack_require__.X (/home/ubuntu/em_interview_prep/app/.next/server/webpack-runtime.js:160:21)
    at /home/ubuntu/em_interview_prep/app/.next/server/app/api/companies/route.js:182:47
    at Object.<anonymous> (/home/ubuntu/em_interview_prep/app/.next/server/app/api/companies/route.js:185:3)
    at Module._compile (node:internal/modules/cjs/loader:1554:14)
    at Object..js (node:internal/modules/cjs/loader:1706:10)
    at Module.load (node:internal/modules/cjs/loader:1289:32)
    at Function._load (node:internal/modules/cjs/loader:1108:12)
    at TracingChannel.traceSync (node:diagnostics_channel:322:14)
    at wrapModuleLoad (node:internal/modules/cjs/loader:220:24)
    at Module.<anonymous> (node:internal/modules/cjs/loader:1311:12)
    at mod.require (/opt/hostedapp/node/root/app/node_modules/next/dist/server/require-hook.js:65:28)
    at require (node:internal/modules/helpers:136:16)
    at requirePage (/opt/hostedapp/node/root/app/node_modules/next/dist/server/require.js:109:84)
    at /opt/hostedapp/node/root/app/node_modules/next/dist/server/load-components.js:103:84
    at async loadComponentsImpl (/opt/hostedapp/node/root/app/node_modules/next/dist/server/load-components.js:103:26)
    at async DevServer.findPageComponentsImpl (/opt/hostedapp/node/root/app/node_modules/next/dist/server/next-server.js:714:36)
    at async DevServer.findPageComponents (/opt/hostedapp/node/root/app/node_modules/next/dist/server/dev/next-dev-server.js:577:20)
    at async DevServer.renderPageComponent (/opt/hostedapp/node/root/app/node_modules/next/dist/server/base-server.js:1910:24)
    at async DevServer.renderToResponseImpl (/opt/hostedapp/node/root/app/node_modules/next/dist/server/base-server.js:1962:32)
    at async DevServer.pipeImpl (/opt/hostedapp/node/root/app/node_modules/next/dist/server/base-server.js:922:25)
    at async NextNodeServer.handleCatchallRenderRequest (/opt/hostedapp/node/root/app/node_modules/next/dist/server/next-server.js:272:17)
    at async DevServer.handleRequestImpl (/opt/hostedapp/node/root/app/node_modules/next/dist/server/base-server.js:818:17)
    at async /opt/hostedapp/node/root/app/node_modules/next/dist/server/dev/next-dev-server.js:339:20
    at async Span.traceAsyncFn (/opt/hostedapp/node/root/app/node_modules/next/dist/trace/trace.js:154:20)
    at async DevServer.handleRequest (/opt/hostedapp/node/root/app/node_modules/next/dist/server/dev/next-dev-server.js:336:24)
    at async invokeRender (/opt/hostedapp/node/root/app/node_modules/next/dist/server/lib/router-server.js:178:21)
    at async handleRequest (/opt/hostedapp/node/root/app/node_modules/next/dist/server/lib/router-server.js:355:24)
    at async requestHandlerImpl (/opt/hostedapp/node/root/app/node_modules/next/dist/server/lib/router-server.js:379:13)
    at async Server.requestListener (/opt/hostedapp/node/root/app/node_modules/next/dist/server/lib/start-server.js:141:13) {
  page: '/api/companies'
}
 ⨯ Error: @prisma/client did not initialize yet. Please run "prisma generate" and try to import it again.
    at new PrismaClient (/opt/hostedapp/node/root/app/node_modules/.prisma/client/default.js:43:11)
    at (rsc)/./app/api/companies/route.ts (/home/ubuntu/em_interview_prep/app/.next/server/app/api/companies/route.js:113:16)
    at __webpack_require__ (/home/ubuntu/em_interview_prep/app/.next/server/webpack-runtime.js:25:43)
    at (rsc)/../../../../opt/hostedapp/node/root/app/node_modules/next/dist/build/webpack/loaders/next-app-loader.js?name=app%2Fapi%2Fcompanies%2Froute&page=%2Fapi%2Fcompanies%2Froute&appPaths=&pagePath=private-next-app-dir%2Fapi%2Fcompanies%2Froute.ts&appDir=%2Fhome%2Fubuntu%2Fem_interview_prep%2Fapp%2Fapp&pageExtensions=tsx&pageExtensions=ts&pageExtensions=jsx&pageExtensions=js&rootDir=%2Fhome%2Fubuntu%2Fem_interview_prep%2Fapp&isDev=true&tsconfigPath=tsconfig.json&basePath=&assetPrefix=&nextConfigOutput=&preferredRegion=&middlewareConfig=e30%3D! (/home/ubuntu/em_interview_prep/app/.next/server/app/api/companies/route.js:58:119)
    at __webpack_require__ (/home/ubuntu/em_interview_prep/app/.next/server/webpack-runtime.js:25:43)
    at __webpack_exec__ (/home/ubuntu/em_interview_prep/app/.next/server/app/api/companies/route.js:181:39)
    at /home/ubuntu/em_interview_prep/app/.next/server/app/api/companies/route.js:182:83
    at __webpack_require__.X (/home/ubuntu/em_interview_prep/app/.next/server/webpack-runtime.js:160:21)
    at /home/ubuntu/em_interview_prep/app/.next/server/app/api/companies/route.js:182:47
    at Object.<anonymous> (/home/ubuntu/em_interview_prep/app/.next/server/app/api/companies/route.js:185:3)
    at Module._compile (node:internal/modules/cjs/loader:1554:14)
    at Object..js (node:internal/modules/cjs/loader:1706:10)
    at Module.load (node:internal/modules/cjs/loader:1289:32)
    at Function._load (node:internal/modules/cjs/loader:1108:12)
    at TracingChannel.traceSync (node:diagnostics_channel:322:14)
    at wrapModuleLoad (node:internal/modules/cjs/loader:220:24)
    at Module.<anonymous> (node:internal/modules/cjs/loader:1311:12)
    at mod.require (/opt/hostedapp/node/root/app/node_modules/next/dist/server/require-hook.js:65:28)
    at require (node:internal/modules/helpers:136:16)
    at requirePage (/opt/hostedapp/node/root/app/node_modules/next/dist/server/require.js:109:84)
    at /opt/hostedapp/node/root/app/node_modules/next/dist/server/load-components.js:103:84
    at async loadComponentsImpl (/opt/hostedapp/node/root/app/node_modules/next/dist/server/load-components.js:103:26)
    at async DevServer.findPageComponentsImpl (/opt/hostedapp/node/root/app/node_modules/next/dist/server/next-server.js:714:36)
    at async DevServer.findPageComponents (/opt/hostedapp/node/root/app/node_modules/next/dist/server/dev/next-dev-server.js:577:20)
    at async DevServer.renderPageComponent (/opt/hostedapp/node/root/app/node_modules/next/dist/server/base-server.js:1910:24)
    at async DevServer.renderToResponseImpl (/opt/hostedapp/node/root/app/node_modules/next/dist/server/base-server.js:1962:32)
    at async DevServer.pipeImpl (/opt/hostedapp/node/root/app/node_modules/next/dist/server/base-server.js:922:25)
    at async NextNodeServer.handleCatchallRenderRequest (/opt/hostedapp/node/root/app/node_modules/next/dist/server/next-server.js:272:17)
    at async DevServer.handleRequestImpl (/opt/hostedapp/node/root/app/node_modules/next/dist/server/base-server.js:818:17)
    at async /opt/hostedapp/node/root/app/node_modules/next/dist/server/dev/next-dev-server.js:339:20
    at async Span.traceAsyncFn (/opt/hostedapp/node/root/app/node_modules/next/dist/trace/trace.js:154:20)
    at async DevServer.handleRequest (/opt/hostedapp/node/root/app/node_modules/next/dist/server/dev/next-dev-server.js:336:24)
    at async invokeRender (/opt/hostedapp/node/root/app/node_modules/next/dist/server/lib/router-server.js:178:21)
    at async handleRequest (/opt/hostedapp/node/root/app/node_modules/next/dist/server/lib/router-server.js:355:24)
    at async requestHandlerImpl (/opt/hostedapp/node/root/app/node_modules/next/dist/server/lib/router-server.js:379:13)
    at async Server.requestListener (/opt/hostedapp/node/root/app/node_modules/next/dist/server/lib/start-server.js:141:13) {
  page: '/api/companies'
}
 ⨯ Error: @prisma/client did not initialize yet. Please run "prisma generate" and try to import it again.
    at new PrismaClient (/opt/hostedapp/node/root/app/node_modules/.prisma/client/default.js:43:11)
    at (rsc)/./app/api/companies/route.ts (/home/ubuntu/em_interview_prep/app/.next/server/app/api/companies/route.js:113:16)
    at __webpack_require__ (/home/ubuntu/em_interview_prep/app/.next/server/webpack-runtime.js:25:43)
    at (rsc)/../../../../opt/hostedapp/node/root/app/node_modules/next/dist/build/webpack/loaders/next-app-loader.js?name=app%2Fapi%2Fcompanies%2Froute&page=%2Fapi%2Fcompanies%2Froute&appPaths=&pagePath=private-next-app-dir%2Fapi%2Fcompanies%2Froute.ts&appDir=%2Fhome%2Fubuntu%2Fem_interview_prep%2Fapp%2Fapp&pageExtensions=tsx&pageExtensions=ts&pageExtensions=jsx&pageExtensions=js&rootDir=%2Fhome%2Fubuntu%2Fem_interview_prep%2Fapp&isDev=true&tsconfigPath=tsconfig.json&basePath=&assetPrefix=&nextConfigOutput=&preferredRegion=&middlewareConfig=e30%3D! (/home/ubuntu/em_interview_prep/app/.next/server/app/api/companies/route.js:58:119)
    at __webpack_require__ (/home/ubuntu/em_interview_prep/app/.next/server/webpack-runtime.js:25:43)
    at __webpack_exec__ (/home/ubuntu/em_interview_prep/app/.next/server/app/api/companies/route.js:181:39)
    at /home/ubuntu/em_interview_prep/app/.next/server/app/api/companies/route.js:182:83
    at __webpack_require__.X (/home/ubuntu/em_interview_prep/app/.next/server/webpack-runtime.js:160:21)
    at /home/ubuntu/em_interview_prep/app/.next/server/app/api/companies/route.js:182:47
    at Object.<anonymous> (/home/ubuntu/em_interview_prep/app/.next/server/app/api/companies/route.js:185:3)
    at Module._compile (node:internal/modules/cjs/loader:1554:14)
    at Object..js (node:internal/modules/cjs/loader:1706:10)
    at Module.load (node:internal/modules/cjs/loader:1289:32)
    at Function._load (node:internal/modules/cjs/loader:1108:12)
    at TracingChannel.traceSync (node:diagnostics_channel:322:14)
    at wrapModuleLoad (node:internal/modules/cjs/loader:220:24)
    at Module.<anonymous> (node:internal/modules/cjs/loader:1311:12)
    at mod.require (/opt/hostedapp/node/root/app/node_modules/next/dist/server/require-hook.js:65:28)
    at require (node:internal/modules/helpers:136:16)
    at requirePage (/opt/hostedapp/node/root/app/node_modules/next/dist/server/require.js:109:84)
    at /opt/hostedapp/node/root/app/node_modules/next/dist/server/load-components.js:103:84
    at async loadComponentsImpl (/opt/hostedapp/node/root/app/node_modules/next/dist/server/load-components.js:103:26)
    at async DevServer.findPageComponentsImpl (/opt/hostedapp/node/root/app/node_modules/next/dist/server/next-server.js:714:36)
    at async DevServer.findPageComponents (/opt/hostedapp/node/root/app/node_modules/next/dist/server/dev/next-dev-server.js:577:20)
    at async DevServer.renderPageComponent (/opt/hostedapp/node/root/app/node_modules/next/dist/server/base-server.js:1910:24)
    at async DevServer.renderToResponseImpl (/opt/hostedapp/node/root/app/node_modules/next/dist/server/base-server.js:1962:32)
    at async DevServer.pipeImpl (/opt/hostedapp/node/root/app/node_modules/next/dist/server/base-server.js:922:25)
    at async NextNodeServer.handleCatchallRenderRequest (/opt/hostedapp/node/root/app/node_modules/next/dist/server/next-server.js:272:17)
    at async DevServer.handleRequestImpl (/opt/hostedapp/node/root/app/node_modules/next/dist/server/base-server.js:818:17)
    at async /opt/hostedapp/node/root/app/node_modules/next/dist/server/dev/next-dev-server.js:339:20
    at async Span.traceAsyncFn (/opt/hostedapp/node/root/app/node_modules/next/dist/trace/trace.js:154:20)
    at async DevServer.handleRequest (/opt/hostedapp/node/root/app/node_modules/next/dist/server/dev/next-dev-server.js:336:24)
    at async invokeRender (/opt/hostedapp/node/root/app/node_modules/next/dist/server/lib/router-server.js:178:21)
    at async handleRequest (/opt/hostedapp/node/root/app/node_modules/next/dist/server/lib/router-server.js:355:24)
    at async requestHandlerImpl (/opt/hostedapp/node/root/app/node_modules/next/dist/server/lib/router-server.js:379:13)
    at async Server.requestListener (/opt/hostedapp/node/root/app/node_modules/next/dist/server/lib/start-server.js:141:13) {
  page: '/api/companies'
}
 ⨯ Error: @prisma/client did not initialize yet. Please run "prisma generate" and try to import it again.
    at new PrismaClient (/opt/hostedapp/node/root/app/node_modules/.prisma/client/default.js:43:11)
    at (rsc)/./app/api/companies/route.ts (/home/ubuntu/em_interview_prep/app/.next/server/app/api/companies/route.js:113:16)
    at __webpack_require__ (/home/ubuntu/em_interview_prep/app/.next/server/webpack-runtime.js:25:43)
    at (rsc)/../../../../opt/hostedapp/node/root/app/node_modules/next/dist/build/webpack/loaders/next-app-loader.js?name=app%2Fapi%2Fcompanies%2Froute&page=%2Fapi%2Fcompanies%2Froute&appPaths=&pagePath=private-next-app-dir%2Fapi%2Fcompanies%2Froute.ts&appDir=%2Fhome%2Fubuntu%2Fem_interview_prep%2Fapp%2Fapp&pageExtensions=tsx&pageExtensions=ts&pageExtensions=jsx&pageExtensions=js&rootDir=%2Fhome%2Fubuntu%2Fem_interview_prep%2Fapp&isDev=true&tsconfigPath=tsconfig.json&basePath=&assetPrefix=&nextConfigOutput=&preferredRegion=&middlewareConfig=e30%3D! (/home/ubuntu/em_interview_prep/app/.next/server/app/api/companies/route.js:58:119)
    at __webpack_require__ (/home/ubuntu/em_interview_prep/app/.next/server/webpack-runtime.js:25:43)
    at __webpack_exec__ (/home/ubuntu/em_interview_prep/app/.next/server/app/api/companies/route.js:181:39)
    at /home/ubuntu/em_interview_prep/app/.next/server/app/api/companies/route.js:182:83
    at __webpack_require__.X (/home/ubuntu/em_interview_prep/app/.next/server/webpack-runtime.js:160:21)
    at /home/ubuntu/em_interview_prep/app/.next/server/app/api/companies/route.js:182:47
    at Object.<anonymous> (/home/ubuntu/em_interview_prep/app/.next/server/app/api/companies/route.js:185:3)
    at Module._compile (node:internal/modules/cjs/loader:1554:14)
    at Object..js (node:internal/modules/cjs/loader:1706:10)
    at Module.load (node:internal/modules/cjs/loader:1289:32)
    at Function._load (node:internal/modules/cjs/loader:1108:12)
    at TracingChannel.traceSync (node:diagnostics_channel:322:14)
    at wrapModuleLoad (node:internal/modules/cjs/loader:220:24)
    at Module.<anonymous> (node:internal/modules/cjs/loader:1311:12)
    at mod.require (/opt/hostedapp/node/root/app/node_modules/next/dist/server/require-hook.js:65:28)
    at require (node:internal/modules/helpers:136:16)
    at requirePage (/opt/hostedapp/node/root/app/node_modules/next/dist/server/require.js:109:84)
    at /opt/hostedapp/node/root/app/node_modules/next/dist/server/load-components.js:103:84
    at async loadComponentsImpl (/opt/hostedapp/node/root/app/node_modules/next/dist/server/load-components.js:103:26)
    at async DevServer.findPageComponentsImpl (/opt/hostedapp/node/root/app/node_modules/next/dist/server/next-server.js:714:36)
    at async DevServer.findPageComponents (/opt/hostedapp/node/root/app/node_modules/next/dist/server/dev/next-dev-server.js:577:20)
    at async DevServer.renderPageComponent (/opt/hostedapp/node/root/app/node_modules/next/dist/server/base-server.js:1910:24)
    at async DevServer.renderToResponseImpl (/opt/hostedapp/node/root/app/node_modules/next/dist/server/base-server.js:1962:32)
    at async DevServer.pipeImpl (/opt/hostedapp/node/root/app/node_modules/next/dist/server/base-server.js:922:25)
    at async NextNodeServer.handleCatchallRenderRequest (/opt/hostedapp/node/root/app/node_modules/next/dist/server/next-server.js:272:17)
    at async DevServer.handleRequestImpl (/opt/hostedapp/node/root/app/node_modules/next/dist/server/base-server.js:818:17)
    at async /opt/hostedapp/node/root/app/node_modules/next/dist/server/dev/next-dev-server.js:339:20
    at async Span.traceAsyncFn (/opt/hostedapp/node/root/app/node_modules/next/dist/trace/trace.js:154:20)
    at async DevServer.handleRequest (/opt/hostedapp/node/root/app/node_modules/next/dist/server/dev/next-dev-server.js:336:24)
    at async invokeRender (/opt/hostedapp/node/root/app/node_modules/next/dist/server/lib/router-server.js:178:21)
    at async handleRequest (/opt/hostedapp/node/root/app/node_modules/next/dist/server/lib/router-server.js:355:24)
    at async requestHandlerImpl (/opt/hostedapp/node/root/app/node_modules/next/dist/server/lib/router-server.js:379:13)
    at async Server.requestListener (/opt/hostedapp/node/root/app/node_modules/next/dist/server/lib/start-server.js:141:13) {
  page: '/api/companies'
}
 ⨯ Error: @prisma/client did not initialize yet. Please run "prisma generate" and try to import it again.
    at new PrismaClient (/opt/hostedapp/node/root/app/node_modules/.prisma/client/default.js:43:11)
    at (rsc)/./app/api/companies/route.ts (/home/ubuntu/em_interview_prep/app/.next/server/app/api/companies/route.js:113:16)
    at __webpack_require__ (/home/ubuntu/em_interview_prep/app/.next/server/webpack-runtime.js:25:43)
    at (rsc)/../../../../opt/hostedapp/node/root/app/node_modules/next/dist/build/webpack/loaders/next-app-loader.js?name=app%2Fapi%2Fcompanies%2Froute&page=%2Fapi%2Fcompanies%2Froute&appPaths=&pagePath=private-next-app-dir%2Fapi%2Fcompanies%2Froute.ts&appDir=%2Fhome%2Fubuntu%2Fem_interview_prep%2Fapp%2Fapp&pageExtensions=tsx&pageExtensions=ts&pageExtensions=jsx&pageExtensions=js&rootDir=%2Fhome%2Fubuntu%2Fem_interview_prep%2Fapp&isDev=true&tsconfigPath=tsconfig.json&basePath=&assetPrefix=&nextConfigOutput=&preferredRegion=&middlewareConfig=e30%3D! (/home/ubuntu/em_interview_prep/app/.next/server/app/api/companies/route.js:58:119)
    at __webpack_require__ (/home/ubuntu/em_interview_prep/app/.next/server/webpack-runtime.js:25:43)
    at __webpack_exec__ (/home/ubuntu/em_interview_prep/app/.next/server/app/api/companies/route.js:181:39)
    at /home/ubuntu/em_interview_prep/app/.next/server/app/api/companies/route.js:182:83
    at __webpack_require__.X (/home/ubuntu/em_interview_prep/app/.next/server/webpack-runtime.js:160:21)
    at /home/ubuntu/em_interview_prep/app/.next/server/app/api/companies/route.js:182:47
    at Object.<anonymous> (/home/ubuntu/em_interview_prep/app/.next/server/app/api/companies/route.js:185:3)
    at Module._compile (node:internal/modules/cjs/loader:1554:14)
    at Object..js (node:internal/modules/cjs/loader:1706:10)
    at Module.load (node:internal/modules/cjs/loader:1289:32)
    at Function._load (node:internal/modules/cjs/loader:1108:12)
    at TracingChannel.traceSync (node:diagnostics_channel:322:14)
    at wrapModuleLoad (node:internal/modules/cjs/loader:220:24)
    at Module.<anonymous> (node:internal/modules/cjs/loader:1311:12)
    at mod.require (/opt/hostedapp/node/root/app/node_modules/next/dist/server/require-hook.js:65:28)
    at require (node:internal/modules/helpers:136:16)
    at requirePage (/opt/hostedapp/node/root/app/node_modules/next/dist/server/require.js:109:84)
    at /opt/hostedapp/node/root/app/node_modules/next/dist/server/load-components.js:103:84
    at async loadComponentsImpl (/opt/hostedapp/node/root/app/node_modules/next/dist/server/load-components.js:103:26)
    at async DevServer.findPageComponentsImpl (/opt/hostedapp/node/root/app/node_modules/next/dist/server/next-server.js:714:36)
    at async DevServer.findPageComponents (/opt/hostedapp/node/root/app/node_modules/next/dist/server/dev/next-dev-server.js:577:20)
    at async DevServer.renderPageComponent (/opt/hostedapp/node/root/app/node_modules/next/dist/server/base-server.js:1910:24)
    at async DevServer.renderToResponseImpl (/opt/hostedapp/node/root/app/node_modules/next/dist/server/base-server.js:1962:32)
    at async DevServer.pipeImpl (/opt/hostedapp/node/root/app/node_modules/next/dist/server/base-server.js:922:25)
    at async NextNodeServer.handleCatchallRenderRequest (/opt/hostedapp/node/root/app/node_modules/next/dist/server/next-server.js:272:17)
    at async DevServer.handleRequestImpl (/opt/hostedapp/node/root/app/node_modules/next/dist/server/base-server.js:818:17)
    at async /opt/hostedapp/node/root/app/node_modules/next/dist/server/dev/next-dev-server.js:339:20
    at async Span.traceAsyncFn (/opt/hostedapp/node/root/app/node_modules/next/dist/trace/trace.js:154:20)
    at async DevServer.handleRequest (/opt/hostedapp/node/root/app/node_modules/next/dist/server/dev/next-dev-server.js:336:24)
    at async invokeRender (/opt/hostedapp/node/root/app/node_modules/next/dist/server/lib/router-server.js:178:21)
    at async handleRequest (/opt/hostedapp/node/root/app/node_modules/next/dist/server/lib/router-server.js:355:24)
    at async requestHandlerImpl (/opt/hostedapp/node/root/app/node_modules/next/dist/server/lib/router-server.js:379:13)
    at async Server.requestListener (/opt/hostedapp/node/root/app/node_modules/next/dist/server/lib/start-server.js:141:13) {
  page: '/api/companies'
}
