  ▲ Next.js 14.2.28
  - Local:        http://localhost:3000
  - Environments: .env
  - Experiments (use with caution):
    · outputFileTracingRoot

 ✓ Starting...
 ✓ Ready in 1526ms
 ○ Compiling / ...
 ✓ Compiled / in 4.5s (1650 modules)
 GET / 200 in 5064ms
 GET / 200 in 5089ms
 ✓ Compiled in 704ms (709 modules)
 GET / 200 in 57ms
 ○ Compiling /api/auth/[...nextauth] ...
 ✓ Compiled /api/auth/[...nextauth] in 795ms (945 modules)
 GET /api/auth/session 200 in 1480ms
 GET /api/auth/session 200 in 33ms
 GET / 200 in 101ms
 GET / 200 in 38ms
 GET / 200 in 47ms
 GET /api/auth/session 200 in 46ms
 GET /api/auth/session 200 in 23ms
