  ▲ Next.js 14.2.28
  - Local:        http://localhost:3000
  - Environments: .env
  - Experiments (use with caution):
    · outputFileTracingRoot

 ✓ Starting...
 ✓ Ready in 1506ms
 ○ Compiling / ...
 ✓ Compiled / in 3.7s (1326 modules)
 GET / 200 in 4211ms
 ✓ Compiled in 560ms (665 modules)
 GET / 200 in 88ms
 ○ Compiling /api/companies ...
 ✓ Compiled /api/companies in 2.6s (1412 modules)
 GET /?company=meta 200 in 2935ms
 GET /stories?company=meta 200 in 2948ms
 GET /faq?company=meta 200 in 2951ms
 GET /comprehensive?company=meta 200 in 2958ms
 GET /critical?company=meta 200 in 2956ms
 GET /api/companies 500 in 2656ms
 GET /api/companies?slug=meta 500 in 2588ms
 GET /api/companies 500 in 108ms
 GET /api/companies?slug=meta 500 in 90ms
 GET /api/companies 500 in 38ms
 GET /api/companies 500 in 41ms
 GET /api/companies 500 in 27ms
 GET /api/companies 500 in 34ms
 GET /api/companies 500 in 31ms
 GET /api/companies 500 in 61ms
 GET /api/companies 500 in 64ms
 ✓ Compiled /api/questions in 177ms (728 modules)
 ✓ Compiled (736 modules)
 GET /api/companies 500 in 677ms
 GET /api/companies 500 in 621ms
 GET /api/companies?slug=meta 500 in 696ms
 GET /api/companies 500 in 693ms
 GET /api/companies 500 in 670ms
 GET /api/companies 500 in 646ms
 GET /api/faqs 200 in 709ms
 GET /api/companies 500 in 40ms
 GET /api/companies 500 in 42ms
 GET /api/companies?slug=meta 500 in 45ms
 GET /api/companies 500 in 47ms
 GET /api/companies 500 in 49ms
 GET /api/companies 500 in 52ms
 GET /api/tags 200 in 769ms
 GET /api/questions 500 in 710ms
 GET /api/questions?critical=true&company=meta 500 in 713ms
 GET /api/stories 500 in 779ms
 GET /api/categories 500 in 730ms
 GET /api/faqs 200 in 65ms
 GET /api/companies 500 in 45ms
 GET /api/companies 500 in 47ms
 GET /api/companies 500 in 48ms
 GET /api/companies 500 in 50ms
 GET /api/companies 500 in 52ms
 GET /api/questions 500 in 66ms
 GET /api/questions?critical=true&company=meta 500 in 68ms
 GET /api/tags 200 in 79ms
 GET /api/stories 500 in 81ms
 GET /api/categories 500 in 85ms
 GET /api/companies 500 in 48ms
 GET /api/companies 500 in 50ms
 GET /api/companies 500 in 52ms
 GET /api/companies 500 in 51ms
 GET /api/companies 500 in 25ms
 GET /api/companies 500 in 27ms
 GET /api/companies 500 in 23ms
 GET /api/companies 500 in 25ms
 GET / 200 in 89ms
 GET /?company=meta 200 in 99ms
 GET /critical?company=meta 200 in 102ms
 GET /comprehensive?company=meta 200 in 107ms
 GET /faq?company=meta 200 in 113ms
 GET /stories?company=meta 200 in 114ms
 GET / 200 in 38ms
 GET /api/companies 500 in 18ms
 GET /api/companies?slug=meta 500 in 18ms
 GET /api/companies 500 in 30ms
 GET /api/companies?slug=meta 500 in 25ms
 GET /api/companies 500 in 17ms
 GET /api/companies 500 in 16ms
 GET /api/companies 500 in 17ms
 GET /api/companies 500 in 16ms
 ✓ Compiled in 502ms (1434 modules)
 GET /api/companies 200 in 93ms
 GET /?company=amazon 200 in 50ms
 GET /api/companies 200 in 21ms
 GET /api/companies?slug=amazon 200 in 16ms
 GET /api/companies 200 in 20ms
 GET /api/companies?slug=amazon 200 in 22ms
 GET /api/companies 200 in 18ms
 GET /api/companies 200 in 18ms
 GET /api/companies 200 in 16ms
 GET /api/companies 200 in 16ms
 GET /comprehensive?company=amazon 200 in 32ms
 GET /api/companies 200 in 22ms
 GET /api/companies 200 in 25ms
 GET /api/companies 200 in 18ms
 GET /api/companies 200 in 15ms
 GET /api/categories 500 in 143ms
 GET /api/questions 500 in 146ms
 GET /api/categories 500 in 19ms
 GET /api/questions 500 in 29ms
 GET /api/companies 200 in 29ms
 GET /api/companies 200 in 15ms
 ✓ Compiled in 535ms (1434 modules)
 ✓ Compiled in 1ms (736 modules)
 ✓ Compiled in 0ms (736 modules)
 ✓ Compiled in 0ms (736 modules)
 GET /comprehensive?company=amazon 200 in 736ms
 GET /api/companies 200 in 138ms
 GET /api/questions 500 in 142ms
 GET /api/categories 200 in 145ms
 GET /api/companies 200 in 18ms
 GET /api/questions 500 in 23ms
 GET /api/categories 200 in 28ms
 GET /api/companies 200 in 18ms
 GET /api/companies 200 in 16ms
 GET /api/companies 200 in 15ms
 GET /api/companies 200 in 15ms
 GET /api/categories?company=amazon 200 in 16ms
 GET /comprehensive?company=amazon 200 in 56ms
 GET /api/companies 200 in 27ms
 GET /api/questions 500 in 38ms
 GET /api/categories 200 in 43ms
 GET /api/companies 200 in 34ms
 GET /api/categories 200 in 27ms
 GET /api/questions 500 in 30ms
 GET /api/companies 200 in 24ms
 GET /api/companies 200 in 21ms
 GET /api/companies 200 in 18ms
 GET /api/companies 200 in 18ms
 GET /api/questions?company=amazon 500 in 16ms
[?25h
