  ▲ Next.js 14.2.28
  - Local:        http://localhost:3000
  - Environments: .env
  - Experiments (use with caution):
    · outputFileTracingRoot

 ✓ Starting...
 ✓ Ready in 1896ms
 ○ Compiling / ...
 ✓ Compiled / in 4.6s (1657 modules)
 GET / 200 in 5104ms
 ✓ Compiled in 639ms (709 modules)
 ○ Compiling /api/auth/[...nextauth] ...
 ✓ Compiled /api/auth/[...nextauth] in 2.4s (945 modules)
 GET /api/auth/session 200 in 2969ms
 GET /api/auth/session 200 in 33ms
 ○ Compiling /auth/signin ...
 ✓ Compiled /auth/signin in 905ms (1676 modules)
 GET /auth/signup 200 in 1109ms
 GET / 200 in 1103ms
 GET /auth/signin 200 in 1109ms
 GET /api/auth/session 200 in 50ms
 GET /api/auth/session 200 in 58ms
 GET /api/auth/session 200 in 22ms
 GET /api/auth/session 200 in 32ms
 GET /api/auth/session 200 in 35ms
 GET /api/auth/session 200 in 23ms
 GET /auth/signup 200 in 47ms
 GET /auth/signin 200 in 48ms
 GET / 200 in 49ms
   Reload env: .env
 ✓ Compiled in 254ms (1676 modules)
 ○ Compiling /api/auth/signup ...
 ✓ Compiled /api/auth/signup in 599ms (991 modules)
 POST /api/auth/signup 200 in 1102ms
 GET / 200 in 90ms
 GET /api/auth/session 200 in 35ms
 GET /api/auth/session 200 in 19ms
 GET /auth/signin 200 in 40ms
 GET /api/auth/session 200 in 30ms
 GET /api/auth/session 200 in 18ms
 GET /auth/signup 200 in 44ms
 GET /api/auth/session 200 in 30ms
 GET /api/auth/session 200 in 16ms
 ✓ Compiled /api/companies in 240ms (993 modules)
 HEAD /api/companies 401 in 287ms
 ✓ Compiled /api/questions in 246ms (995 modules)
 HEAD /api/questions 401 in 287ms
 ✓ Compiled /api/stories in 187ms (997 modules)
 HEAD /api/stories 401 in 226ms
[?25h
