  ▲ Next.js 14.2.28
  - Local:        http://localhost:3000
  - Environments: .env
  - Experiments (use with caution):
    · outputFileTracingRoot

 ✓ Starting...
 ✓ Ready in 1931ms
 ○ Compiling / ...
 ✓ Compiled / in 4.8s (1657 modules)
 GET / 200 in 5374ms
 ✓ Compiled in 647ms (709 modules)
 ○ Compiling /api/auth/[...nextauth] ...
 ✓ Compiled /api/auth/[...nextauth] in 2.5s (945 modules)
 GET /api/auth/session 200 in 3001ms
 GET /api/auth/session 200 in 31ms
 GET / 200 in 101ms
 ○ Compiling /auth/signup ...
 ✓ Compiled /auth/signup in 1156ms (1676 modules)
 GET /api/auth/session 200 in 797ms
 GET /auth/signin 200 in 1362ms
 GET /auth/signup 200 in 1361ms
 GET /api/auth/session 200 in 69ms
 GET /api/auth/session 200 in 43ms
 GET /api/auth/session 200 in 52ms
 GET /api/auth/session 200 in 27ms
 GET /api/auth/session 200 in 29ms
 GET /auth/signin 200 in 53ms
 GET /auth/signup 200 in 71ms
 GET / 200 in 72ms
 GET / 200 in 41ms
[?25h
