  ▲ Next.js 14.2.28
  - Local:        http://localhost:3000
  - Environments: .env
  - Experiments (use with caution):
    · outputFileTracingRoot

 ✓ Starting...
Attention: Next.js now collects completely anonymous telemetry regarding usage.
This information is used to shape Next.js' roadmap and prioritize features.
You can learn more, including how to opt-out if you'd not like to participate in this anonymous program, by visiting the following URL:
https://nextjs.org/telemetry

 ✓ Ready in 1312ms
 ○ Compiling / ...
 ✓ Compiled / in 4.7s (1657 modules)
 GET / 200 in 5282ms
 ✓ Compiled in 677ms (709 modules)
 ○ Compiling /api/auth/[...nextauth] ...
 ✓ Compiled /api/auth/[...nextauth] in 2.5s (945 modules)
 GET /api/auth/session 200 in 2981ms
 GET /api/auth/session 200 in 28ms
 ○ Compiling /auth/signin ...
 ✓ Compiled /auth/signin in 908ms (1676 modules)
 GET / 200 in 1057ms
 GET /auth/signup 200 in 1131ms
 GET /auth/signin 200 in 1133ms
 GET /api/auth/session 200 in 60ms
 GET /api/auth/session 200 in 59ms
 GET /api/auth/session 200 in 55ms
 GET /api/auth/session 200 in 34ms
 GET /api/auth/session 200 in 33ms
 GET /api/auth/session 200 in 27ms
 GET / 200 in 56ms
 GET /auth/signin 200 in 59ms
 GET /auth/signup 200 in 62ms
[?25h
