  ▲ Next.js 14.2.28
  - Local:        http://localhost:3000
  - Environments: .env
  - Experiments (use with caution):
    · outputFileTracingRoot

 ✓ Starting...
 ✓ Ready in 1713ms
 ✓ Compiled /middleware in 246ms (164 modules)
 ○ Compiling / ...
 ✓ Compiled / in 2.4s (1339 modules)
 GET / 200 in 2880ms
 ✓ Compiled in 545ms (675 modules)
 GET / 200 in 41ms
 GET / 200 in 34ms
 GET / 200 in 29ms
 ✓ Compiled /api/companies in 450ms (781 modules)
 ✓ Compiled (784 modules)
 GET /api/auth/me 401 in 743ms
 GET /api/auth/me 401 in 30ms
 ○ Compiling /_error ...
 ✓ Compiled /_error in 699ms (1674 modules)
 GET /api/companies 500 in 1734ms
 GET /api/companies 500 in 31ms
 GET /api/companies 500 in 21ms
 GET /api/companies 500 in 21ms
 GET /api/companies 500 in 26ms
 GET /api/companies 500 in 21ms
 GET /api/companies 500 in 21ms
 GET /api/companies 500 in 21ms
 ✓ Compiled in 1070ms (1728 modules)
 ✓ Compiled in 468ms (860 modules)
 ✓ Compiled in 254ms (860 modules)
 ✓ Compiled in 327ms (860 modules)
 ✓ Compiled in 339ms (860 modules)
 ✓ Compiled in 320ms (860 modules)
 ✓ Compiled in 797ms (1564 modules)
[?25h
