  ▲ Next.js 14.2.28
  - Local:        http://localhost:3000
  - Environments: .env
  - Experiments (use with caution):
    · outputFileTracingRoot

 ✓ Starting...
 ✓ Ready in 2.2s
 ○ Compiling / ...
 ✓ Compiled / in 6.8s (1657 modules)
 GET / 200 in 7557ms
 ✓ Compiled in 822ms (709 modules)
 ○ Compiling /api/auth/[...nextauth] ...
 ✓ Compiled /api/auth/[...nextauth] in 2.6s (945 modules)
 GET /api/auth/session 200 in 3248ms
 GET /api/auth/session 200 in 32ms
 GET / 200 in 105ms
 ○ Compiling /auth/signin ...
 ✓ Compiled /auth/signin in 1200ms (1676 modules)
 GET /api/auth/session 200 in 859ms
 GET /auth/signup 200 in 1421ms
 GET /auth/signin 200 in 1421ms
 GET /api/auth/session 200 in 52ms
 GET /api/auth/session 200 in 22ms
 GET /api/auth/session 200 in 22ms
 GET /api/auth/session 200 in 26ms
 GET /api/auth/session 200 in 18ms
 GET /auth/signup 200 in 64ms
 GET / 200 in 68ms
 GET /auth/signin 200 in 71ms
[?25h
