  ▲ Next.js 14.2.28
  - Local:        http://localhost:3000
  - Environments: .env
  - Experiments (use with caution):
    · outputFileTracingRoot

 ✓ Starting...
 ✓ Ready in 1562ms
 ○ Compiling / ...
 ✓ Compiled / in 3s (1650 modules)
 GET / 200 in 3464ms
 GET / 200 in 3527ms
 ✓ Compiled in 635ms (709 modules)
 GET / 200 in 43ms
 ✓ Compiled /api/auth/[...nextauth] in 444ms (945 modules)
 GET /api/auth/session 200 in 922ms
 GET /api/auth/session 200 in 34ms
 GET / 200 in 79ms
 ○ Compiling /questions ...
 ✓ Compiled /questions in 677ms (1671 modules)
 GET /questions 307 in 777ms
 ✓ Compiled /auth/signin in 444ms (1695 modules)
 GET /auth/signin 200 in 577ms
 GET / 200 in 54ms
 GET / 200 in 37ms
 GET / 200 in 37ms
 GET /api/auth/session 200 in 47ms
 GET /api/auth/session 200 in 24ms
 GET / 200 in 39ms
 GET / 200 in 34ms
 GET / 200 in 31ms
 GET /api/auth/session 200 in 34ms
 GET /api/auth/session 200 in 19ms
 GET / 200 in 54ms
 GET / 200 in 33ms
 GET / 200 in 36ms
 GET /api/auth/session 200 in 38ms
 GET /api/auth/session 200 in 19ms
 GET /api/auth/providers 200 in 32ms
 GET /api/auth/csrf 200 in 21ms
 POST /api/auth/callback/credentials 200 in 30ms
 GET / 200 in 38ms
 GET /api/auth/session 200 in 32ms
 GET /api/auth/session 200 in 20ms
