  ▲ Next.js 14.2.28
  - Local:        http://localhost:3000
  - Environments: .env
  - Experiments (use with caution):
    · outputFileTracingRoot

 ✓ Starting...
 ✓ Ready in 1940ms
 ✓ Compiled /middleware in 217ms (164 modules)
 ○ Compiling / ...
 ✓ Compiled / in 2.9s (1383 modules)
 GET / 200 in 3437ms
 ✓ Compiled in 613ms (697 modules)
 GET / 200 in 133ms
 GET /?company=meta 200 in 138ms
 ○ Compiling /login ...
 ✓ Compiled /api/companies in 2.4s (1661 modules)
 GET /api/auth/me 401 in 1928ms
 GET /api/auth/me 401 in 1871ms
 GET /api/companies 401 in 2036ms
 GET /api/companies 401 in 1980ms
 GET /critical?company=meta 200 in 2878ms
 GET /faq?company=meta 200 in 2879ms
 GET /stories?company=meta 200 in 2885ms
 GET /comprehensive?company=meta 200 in 2888ms
 GET /login?redirect=%2Fretrospective 200 in 2830ms
 GET /companies?company=meta 200 in 2899ms
 GET /api/auth/me 401 in 160ms
 GET /api/auth/me 401 in 160ms
 GET /api/companies 401 in 212ms
 GET /api/companies 401 in 212ms
 GET /api/companies 401 in 95ms
 GET /api/companies 401 in 94ms
 GET /api/companies 401 in 47ms
 GET /api/companies 401 in 46ms
 GET /api/companies 401 in 62ms
 GET /api/companies 401 in 61ms
 GET /api/companies 401 in 160ms
 GET /api/companies 401 in 159ms
 GET /api/auth/me 401 in 145ms
 GET /api/auth/me 401 in 127ms
 GET /api/auth/me 401 in 134ms
 GET /api/auth/me 401 in 134ms
 GET /api/auth/me 401 in 110ms
 GET /api/auth/me 401 in 66ms
 ✓ Compiled /api/stories in 276ms (899 modules)
 ✓ Compiled (905 modules)
 GET /api/auth/me 401 in 582ms
 GET /api/companies 401 in 635ms
 GET /api/companies 401 in 634ms
 GET /api/companies 401 in 635ms
 GET /api/companies 401 in 635ms
 GET /api/companies 401 in 608ms
 GET /api/auth/me 401 in 583ms
 GET /api/auth/me 401 in 530ms
 GET /api/auth/me 401 in 529ms
 GET /api/auth/me 401 in 529ms
 GET /api/auth/me 401 in 529ms
 GET /api/companies 401 in 609ms
 GET /api/companies 401 in 608ms
 GET /api/companies 401 in 608ms
 GET /api/stories? 401 in 668ms
 GET /api/companies 401 in 63ms
 GET /api/companies 401 in 63ms
 GET /api/companies 401 in 63ms
 GET /api/companies 401 in 63ms
 GET /api/companies 401 in 63ms
 GET /login 200 in 83ms
 GET /api/questions?critical=true&company=meta 500 in 826ms
 GET /api/faqs 200 in 800ms
 GET /api/tags 500 in 803ms
 ✓ Compiled /api/system-design-questions in 353ms (907 modules)
 ✓ Compiled (909 modules)
 GET /api/companies 401 in 698ms
 GET /api/companies 401 in 698ms
 GET /api/companies 401 in 697ms
 GET /api/stories? 401 in 697ms
 GET /api/companies 401 in 660ms
 GET /api/companies 401 in 660ms
 GET /api/companies 401 in 660ms
 GET /api/companies 401 in 660ms
 GET /api/companies 401 in 660ms
 GET /api/questions?company=meta 500 in 790ms
 GET /api/questions?critical=true&company=meta 500 in 653ms
 GET /api/system-design-questions? 401 in 811ms
 GET /api/faqs 200 in 703ms
 GET /login 200 in 738ms
 GET /api/tags 500 in 734ms
 GET /api/companies 401 in 65ms
 GET /api/categories 500 in 922ms
 GET /api/stories? 401 in 91ms
 GET /api/companies 401 in 82ms
 GET /api/companies 401 in 82ms
 GET /api/companies 401 in 82ms
 GET /api/companies 401 in 83ms
 GET /api/system-design-questions? 401 in 87ms
 GET /api/questions?company=meta 500 in 98ms
 GET /api/companies 401 in 46ms
 GET /api/tags 500 in 60ms
 GET /api/categories 500 in 56ms
 GET /api/stories? 401 in 54ms
 GET /api/companies 401 in 60ms
 GET /api/companies 401 in 60ms
 GET /api/tags 500 in 32ms
 GET /api/companies 401 in 38ms
 GET /api/companies 401 in 32ms
 GET /login 200 in 37ms
 GET /api/companies 401 in 21ms
 GET /login 200 in 60ms
 GET /api/companies 401 in 58ms
 GET /login 200 in 52ms
 GET /api/auth/me 401 in 39ms
 GET /api/companies 401 in 53ms
 GET /login 200 in 84ms
 GET /api/auth/me 401 in 48ms
 GET /api/companies 401 in 35ms
 GET /api/companies 401 in 20ms
 GET /api/companies 401 in 18ms
 GET /api/auth/me 401 in 24ms
 GET /api/companies 401 in 34ms
 GET /api/auth/me 401 in 27ms
 GET /api/companies 401 in 16ms
 GET /api/companies 401 in 17ms
 GET /api/auth/me 401 in 27ms
 GET /api/companies 401 in 35ms
 GET /api/companies 401 in 30ms
 GET /api/auth/me 401 in 28ms
 GET /api/companies 401 in 16ms
 GET /api/companies 401 in 16ms
 GET /api/companies 401 in 14ms
 ○ Compiling /signup ...
 ✓ Compiled /signup in 876ms (1683 modules)
 GET /login 200 in 1135ms
 GET /companies?redirect=%2Fretrospective&company=meta 200 in 1082ms
 GET /comprehensive?redirect=%2Fretrospective&company=meta 200 in 1074ms
 GET /stories?redirect=%2Fretrospective&company=meta 200 in 1080ms
 GET /faq?redirect=%2Fretrospective&company=meta 200 in 1063ms
 GET /login?redirect=%2Fretrospective 200 in 1042ms
 GET /signup 200 in 1150ms
 GET /?redirect=%2Fretrospective&company=meta 200 in 1120ms
 GET /critical?redirect=%2Fretrospective&company=meta 200 in 1085ms
 GET /api/auth/me 401 in 113ms
 GET /api/auth/me 401 in 89ms
 GET /api/companies 401 in 147ms
 GET /api/companies 401 in 116ms
 GET /api/companies 401 in 116ms
 GET /api/auth/me 401 in 148ms
 GET /api/auth/me 401 in 147ms
 GET /api/auth/me 401 in 145ms
 GET /api/companies 401 in 123ms
 GET /api/auth/me 401 in 159ms
 GET /api/auth/me 401 in 156ms
 GET /api/stories? 401 in 194ms
 GET /api/companies 401 in 215ms
 GET /api/companies 401 in 215ms
 GET /api/auth/me 401 in 177ms
 GET /api/auth/me 401 in 169ms
 GET /api/auth/me 401 in 161ms
 GET /api/auth/me 401 in 169ms
 GET /api/auth/me 401 in 169ms
 GET /api/auth/me 401 in 169ms
 GET /api/tags 500 in 289ms
 GET /api/auth/me 401 in 128ms
 GET /api/auth/me 401 in 128ms
 GET /api/faqs 200 in 269ms
 GET /api/companies 401 in 150ms
 GET /api/companies 401 in 150ms
 GET /api/companies 401 in 150ms
 GET /api/companies 401 in 150ms
 GET /api/companies 401 in 149ms
 GET /api/companies 401 in 119ms
 GET /api/system-design-questions? 401 in 174ms
 GET /login 200 in 186ms
 GET /api/auth/me 401 in 189ms
 GET /api/auth/me 401 in 189ms
 GET /api/companies 401 in 189ms
 GET /api/companies 401 in 171ms
 GET /api/companies 401 in 171ms
 GET /api/questions?company=meta 500 in 258ms
 GET /api/stories? 401 in 200ms
 GET /api/questions?critical=true&company=meta 500 in 204ms
 GET /api/categories 500 in 274ms
 GET /api/auth/me 401 in 162ms
 GET /api/tags 500 in 113ms
 GET /api/faqs 200 in 109ms
 GET /api/companies 401 in 92ms
 GET /api/companies 401 in 92ms
 GET /api/companies 401 in 91ms
 GET /api/companies 401 in 91ms
 GET /api/companies 401 in 91ms
 GET /api/system-design-questions? 401 in 114ms
 GET /api/companies 401 in 129ms
 GET /api/companies 401 in 129ms
 GET /api/companies 401 in 129ms
 GET /api/companies 401 in 129ms
 GET /api/questions?company=meta 500 in 149ms
 GET /login 200 in 175ms
 GET /api/questions?critical=true&company=meta 500 in 148ms
 GET /api/categories 500 in 168ms
 GET /api/stories? 401 in 156ms
 GET /api/tags 500 in 107ms
 GET /api/companies 401 in 64ms
 GET /api/companies 401 in 62ms
 GET /api/companies 401 in 62ms
 GET /api/companies 401 in 62ms
 GET /api/companies 401 in 72ms
 GET /api/companies 401 in 72ms
 GET /api/companies 401 in 71ms
 GET /api/companies 401 in 72ms
 GET /api/stories? 401 in 54ms
 GET /api/tags 500 in 64ms
 GET /api/companies 401 in 53ms
 GET /api/companies 401 in 53ms
 GET /api/companies 401 in 53ms
 GET /api/companies 401 in 53ms
 GET /api/companies 401 in 44ms
 GET /api/companies 401 in 23ms
 GET /api/companies 401 in 32ms
 GET /api/companies 401 in 27ms
 GET /api/companies 401 in 27ms
 GET /api/companies 401 in 31ms
 GET /login 200 in 35ms
 GET /api/companies 401 in 65ms
 GET /api/companies 401 in 63ms
 GET /login 200 in 41ms
 GET /login 200 in 101ms
 GET /api/companies 401 in 86ms
 GET /api/auth/me 401 in 51ms
 GET /api/companies 401 in 84ms
 GET /api/companies 401 in 83ms
 GET /api/auth/me 401 in 68ms
 GET /login 200 in 111ms
 GET /api/companies 401 in 44ms
 GET /api/companies 401 in 22ms
 GET /api/auth/me 401 in 23ms
 GET /api/companies 401 in 32ms
 GET /api/auth/me 401 in 31ms
 GET /api/companies 401 in 31ms
 GET /api/auth/me 401 in 34ms
 GET /api/companies 401 in 28ms
 GET /api/auth/me 401 in 31ms
 GET /api/companies 401 in 26ms
 GET /api/companies 401 in 26ms
 GET /api/companies 401 in 21ms
 GET /api/companies 401 in 26ms
 GET /api/companies 401 in 19ms
 GET /companies?redirect=/retrospective&company=meta 200 in 95ms
 GET /comprehensive?redirect=/retrospective&company=meta 200 in 132ms
 GET /critical?redirect=/retrospective&company=meta 200 in 132ms
 GET /?redirect=/retrospective&company=meta 200 in 138ms
 GET /?company=meta 200 in 139ms
 GET / 200 in 139ms
 GET /signup 200 in 139ms
 GET /stories?company=meta 200 in 145ms
 GET /login?redirect=/retrospective 200 in 157ms
 GET /login?redirect=/retrospective 200 in 158ms
 GET /comprehensive?company=meta 200 in 111ms
 GET /faq?redirect=/retrospective&company=meta 200 in 117ms
 GET /critical?company=meta 200 in 118ms
 GET /login 200 in 118ms
 GET /faq?company=meta 200 in 120ms
 GET /stories?redirect=/retrospective&company=meta 200 in 123ms
 GET /companies?company=meta 200 in 123ms
 GET / 200 in 53ms
 GET /api/auth/me 401 in 37ms
 GET /api/companies 401 in 46ms
 GET /api/auth/me 401 in 44ms
 GET /api/companies 401 in 32ms
 GET /api/companies 401 in 33ms
 GET /api/companies 401 in 40ms
 GET /api/companies 401 in 31ms
 GET /api/companies 401 in 30ms
 GET /api/companies 401 in 76ms
 GET /api/companies 401 in 24ms
 GET /comprehensive 200 in 33ms
 GET /api/companies 401 in 48ms
 GET /api/questions? 500 in 62ms
 GET /api/system-design-questions? 401 in 67ms
 GET /api/categories 500 in 74ms
 GET /api/auth/me 401 in 77ms
 GET /api/companies 401 in 55ms
 GET /api/auth/me 401 in 59ms
 GET /api/questions? 500 in 63ms
 GET /api/system-design-questions? 401 in 68ms
 GET /api/categories 500 in 62ms
 GET /login 200 in 93ms
 GET /api/auth/me 401 in 45ms
 GET /api/auth/me 401 in 28ms
 GET /api/companies 401 in 68ms
 GET /api/companies 401 in 23ms
 GET /api/companies 401 in 18ms
 GET /api/companies 401 in 17ms
 GET /login 200 in 41ms
 GET /api/auth/me 401 in 32ms
 GET /api/companies 401 in 32ms
 GET /api/auth/me 401 in 33ms
 GET /api/companies 401 in 18ms
 GET /api/companies 401 in 17ms
 GET /api/companies 401 in 19ms
 ✓ Compiled /api/auth/login in 300ms (918 modules)
 POST /api/auth/login 200 in 767ms
 GET /api/companies 200 in 101ms
 GET /api/system-design-questions 200 in 105ms
 GET /api/system-design-questions 200 in 24ms
 GET /api/questions 500 in 96ms
 GET /comprehensive 200 in 84ms
 GET /api/companies 401 in 87ms
 GET /api/questions? 500 in 115ms
 GET /api/system-design-questions? 401 in 121ms
 GET /api/auth/me 401 in 127ms
 GET /api/auth/me 401 in 58ms
 GET /api/categories 500 in 198ms
 GET /api/companies 401 in 89ms
 GET /api/questions? 500 in 96ms
 GET /api/system-design-questions? 401 in 103ms
 GET /api/categories 500 in 162ms
 GET /api/companies 200 in 144ms
 GET /login 200 in 171ms
 GET /api/auth/me 401 in 31ms
 GET /api/companies 401 in 37ms
 GET /api/companies 401 in 58ms
 GET /api/auth/me 401 in 56ms
 GET /api/companies 401 in 43ms
 GET /api/companies 401 in 28ms
 GET / 200 in 46ms
 GET /api/auth/me 401 in 40ms
 GET /api/auth/me 401 in 34ms
 GET /api/companies 401 in 58ms
 GET /api/companies 401 in 25ms
 GET /api/companies 401 in 20ms
 GET /api/companies 401 in 20ms
 GET /api/companies 401 in 21ms
 GET /api/companies 401 in 23ms
 GET /api/companies 401 in 18ms
 GET /api/companies 401 in 19ms
 ✓ Compiled in 458ms (780 modules)
 ✓ Compiled in 311ms (780 modules)
 ✓ Compiled in 300ms (780 modules)
 ✓ Compiled in 296ms (780 modules)
 ✓ Compiled in 317ms (780 modules)
 ✓ Compiled in 423ms (780 modules)
 ✓ Compiled in 856ms (1530 modules)
 ✓ Compiled in 341ms (780 modules)
 ✓ Compiled in 403ms (780 modules)
 ✓ Compiled in 330ms (780 modules)
 ✓ Compiled in 341ms (780 modules)
 ✓ Compiled in 367ms (780 modules)
 ✓ Compiled in 433ms (780 modules)
 GET / 200 in 116ms
 GET / 200 in 128ms
 GET / 200 in 32ms
 ✓ Compiled /api/auth/me in 288ms (868 modules)
 ✓ Compiled (870 modules)
 GET /api/companies 401 in 569ms
 GET /api/auth/me 401 in 573ms
 GET /api/companies 401 in 19ms
 GET /api/auth/me 401 in 22ms
 GET /api/companies 401 in 17ms
 GET /api/companies 401 in 15ms
 GET /api/companies 401 in 15ms
 GET /api/companies 401 in 15ms
 GET /api/companies 401 in 18ms
 GET /api/companies 401 in 17ms
