➤ YN0000: · Yarn 4.9.2
➤ YN0000: ┌ Resolution step
➤ YN0085: │ + @auth/prisma-adapter@npm:2.9.0, @auth/core@npm:0.39.0, jose@npm:6.0.11, oauth4webapi@npm:3.5.3, preact-render-to-string@npm:6.5.11, preact@npm:10.24.3
➤ YN0085: │ - @next-auth/prisma-adapter@npm:1.0.7, tsx@npm:4.20.3
➤ YN0000: └ Completed in 0s 735ms
➤ YN0000: ┌ Post-resolution validation
➤ YN0060: │ @typescript-eslint/parser is listed by your project with version 7.0.0 (p6cb6c), which doesn't satisfy what @typescript-eslint/eslint-plugin requests (^6.0.0-alpha).
➤ YN0060: │ eslint is listed by your project with version 9.24.0 (pe6e00), which doesn't satisfy what @typescript-eslint/eslint-plugin and other dependencies request (^8.57.0).
➤ YN0002: │ app@workspace:. doesn't provide prettier (pd88b5), requested by eslint-plugin-prettier.
➤ YN0086: │ Some peer dependencies are incorrectly met by your project; run yarn explain peer-requirements <hash> for details, where <hash> is the six-letter p-prefixed code.
➤ YN0086: │ Some peer dependencies are incorrectly met by dependencies; run yarn explain peer-requirements for details.
➤ YN0000: └ Completed
➤ YN0000: ┌ Fetch step
➤ YN0013: │ 18 packages were added to the project (+ 11.1 MiB).
➤ YN0000: └ Completed in 4s 393ms
➤ YN0000: ┌ Link step
➤ YN0000: └ Completed in 0s 944ms
➤ YN0000: · Done with warnings in 6s 253ms
Environment variables loaded from .env
Prisma schema loaded from prisma/schema.prisma

✔ Generated Prisma Client (v6.7.0) to ./node_modules/.prisma/client in 201ms

Start by importing your Prisma Client (See: https://pris.ly/d/importing-client)

Help us improve the Prisma ORM for everyone. Share your feedback in a short 2-min survey: https://pris.ly/orm/survey/release-5-22

  ▲ Next.js 14.2.28
  - Local:        http://localhost:3000
  - Environments: .env
  - Experiments (use with caution):
    · outputFileTracingRoot

 ✓ Starting...
 ✓ Ready in 2.5s
 ○ Compiling /middleware ...
 ✓ Compiled /middleware in 601ms (164 modules)
 ○ Compiling / ...
 ✓ Compiled / in 4.6s (1390 modules)
 GET / 200 in 5103ms
 ✓ Compiled in 601ms (697 modules)
 GET / 200 in 74ms
 GET / 200 in 77ms
 GET / 200 in 65ms
 ○ Compiling /api/auth/me ...
 ✓ Compiled /api/auth/me in 758ms (804 modules)
 ✓ Compiled (806 modules)
 GET /api/companies 401 in 1103ms
 GET /api/auth/me 401 in 1051ms
 GET /api/companies 401 in 22ms
 GET /api/auth/me 401 in 24ms
 GET /api/companies 401 in 27ms
 GET /api/companies 401 in 22ms
 GET /api/companies 401 in 22ms
 GET /api/companies 401 in 21ms
 GET /api/companies 401 in 24ms
 GET /api/companies 401 in 21ms
