➤ YN0000: · Yarn 4.9.2
➤ YN0000: ┌ Resolution step
➤ YN0085: │ + @playwright/test@npm:1.53.1, @testing-library/dom@npm:10.4.0, @testing-library/jest-dom@npm:6.6.3, @testing-library/react@npm:16.3.0, and 237 more.
➤ YN0000: └ Completed in 0s 950ms
➤ YN0000: ┌ Post-resolution validation
➤ YN0060: │ @typescript-eslint/parser is listed by your project with version 7.0.0 (p6cb6c), which doesn't satisfy what @typescript-eslint/eslint-plugin requests (^6.0.0-alpha).
➤ YN0060: │ eslint is listed by your project with version 9.24.0 (pe6e00), which doesn't satisfy what @typescript-eslint/eslint-plugin and other dependencies request (^8.57.0).
➤ YN0086: │ Some peer dependencies are incorrectly met by your project; run yarn explain peer-requirements <hash> for details, where <hash> is the six-letter p-prefixed code.
➤ YN0086: │ Some peer dependencies are incorrectly met by dependencies; run yarn explain peer-requirements for details.
➤ YN0000: └ Completed
➤ YN0000: ┌ Fetch step
➤ YN0000: └ Completed in 3s 209ms
➤ YN0000: ┌ Link step
➤ YN0000: └ Completed in 1s 904ms
➤ YN0000: · Done with warnings in 6s 276ms
Environment variables loaded from .env
Prisma schema loaded from prisma/schema.prisma

✔ Generated Prisma Client (v6.7.0) to ./node_modules/.prisma/client in 160ms

Start by importing your Prisma Client (See: https://pris.ly/d/importing-client)

Tip: Need your database queries to be 1000x faster? Accelerate offers you that and more: https://pris.ly/tip-2-accelerate

  ▲ Next.js 14.2.28
  - Local:        http://localhost:3000
  - Environments: .env
  - Experiments (use with caution):
    · outputFileTracingRoot

 ✓ Starting...
 ✓ Ready in 1769ms
 ○ Compiling / ...
 ✓ Compiled / in 3.2s (1650 modules)
 GET / 200 in 3842ms
 GET / 200 in 3871ms
 ✓ Compiled in 723ms (709 modules)
 GET / 200 in 55ms
 ✓ Compiled /api/auth/[...nextauth] in 347ms (945 modules)
 GET /api/auth/session 200 in 837ms
 GET /api/auth/session 200 in 32ms
 ○ Compiling /auth/signin ...
 ✓ Compiled /auth/signin in 887ms (1666 modules)
 ○ Compiling /_not-found ...
 ✓ Compiled /_not-found in 572ms (1652 modules)
 GET / 404 in 998ms
   Reload env: .env
 ✓ Compiled in 286ms (708 modules)
[?25h
