  ▲ Next.js 14.2.28
  - Local:        http://localhost:3000
  - Environments: .env
  - Experiments (use with caution):
    · outputFileTracingRoot

 ✓ Starting...
 ✓ Ready in 2.1s
 ○ Compiling /middleware ...
 ✓ Compiled /middleware in 558ms (164 modules)
 ○ Compiling / ...
 ✓ Compiled / in 4.2s (1346 modules)
 GET / 200 in 4665ms
 GET / 200 in 4667ms
 ✓ Compiled in 556ms (675 modules)
 GET / 200 in 67ms
 ○ Compiling /api/companies ...
 ✓ Compiled /api/companies in 1961ms (781 modules)
 ✓ Compiled (784 modules)
 GET /api/auth/me 401 in 2281ms
 GET /api/auth/me 401 in 17ms
 GET /api/companies 200 in 2350ms
 GET /api/companies 200 in 20ms
 GET /api/companies 200 in 22ms
 GET /api/companies 200 in 20ms
 GET /api/companies 200 in 22ms
 GET /api/companies 200 in 22ms
 GET /api/companies 200 in 17ms
 GET /api/companies 200 in 21ms
 GET / 200 in 115ms
 GET / 200 in 30ms
 GET / 200 in 27ms
 GET /api/auth/me 401 in 19ms
 GET /api/companies 200 in 20ms
 GET /api/auth/me 401 in 15ms
 GET /api/companies 200 in 16ms
 GET /api/companies 200 in 17ms
 GET /api/companies 200 in 19ms
 GET /api/companies 200 in 20ms
 GET /api/companies 200 in 17ms
 GET /api/companies 200 in 16ms
 GET /api/companies 200 in 16ms
 GET / 200 in 33ms
 GET / 200 in 39ms
 GET / 200 in 24ms
 GET / 200 in 28ms
 GET / 200 in 26ms
 GET /api/auth/me 401 in 19ms
 GET /api/companies 200 in 21ms
 GET /api/auth/me 401 in 16ms
 GET /api/companies 200 in 22ms
 GET /api/companies 200 in 15ms
 GET /api/companies 200 in 15ms
 GET /api/companies 200 in 16ms
 GET /api/companies 200 in 15ms
 GET /api/companies 200 in 19ms
 GET /api/companies 200 in 20ms
 GET / 200 in 33ms
 GET / 200 in 28ms
 GET / 200 in 28ms
 GET /api/auth/me 401 in 17ms
 GET /api/companies 200 in 19ms
 GET /api/auth/me 401 in 12ms
 GET /api/companies 200 in 15ms
 GET /api/companies 200 in 15ms
 GET /api/companies 200 in 17ms
 GET /api/companies 200 in 18ms
 GET /api/companies 200 in 19ms
 GET /api/companies 200 in 18ms
 GET /api/companies 200 in 19ms
[?25h
