  ▲ Next.js 14.2.28
  - Local:        http://localhost:3000
  - Environments: .env
  - Experiments (use with caution):
    · outputFileTracingRoot

 ✓ Starting...
 ✓ Ready in 1575ms
 ○ Compiling / ...
 ✓ Compiled / in 2.9s (1650 modules)
 GET / 200 in 3375ms
 GET / 200 in 3462ms
 ✓ Compiled in 642ms (709 modules)
 GET / 200 in 44ms
 ✓ Compiled /api/auth/[...nextauth] in 406ms (945 modules)
 GET /api/auth/session 200 in 901ms
 GET /api/auth/session 200 in 34ms
 GET / 200 in 93ms
 GET / 200 in 31ms
 GET / 200 in 33ms
 GET /api/auth/session 200 in 32ms
 GET /api/auth/session 200 in 22ms
