  ▲ Next.js 14.2.28
  - Local:        http://localhost:3000
  - Environments: .env
  - Experiments (use with caution):
    · outputFileTracingRoot

 ✓ Starting...
 ✓ Ready in 2.1s
 ○ Compiling / ...
 ✓ Compiled / in 4.7s (1657 modules)
 GET / 200 in 5269ms
 ✓ Compiled in 697ms (709 modules)
 ○ Compiling /api/auth/[...nextauth] ...
 ✓ Compiled /api/auth/[...nextauth] in 2.5s (945 modules)
 GET /api/auth/session 200 in 3021ms
 GET /api/auth/session 200 in 31ms
 GET / 200 in 105ms
 ○ Compiling /auth/signin ...
 ✓ Compiled /auth/signin in 1154ms (1676 modules)
 GET /api/auth/session 200 in 837ms
 GET /auth/signup 200 in 1377ms
 GET /auth/signin 200 in 1374ms
 GET /api/auth/session 200 in 56ms
 GET /api/auth/session 200 in 31ms
 GET /api/auth/session 200 in 37ms
 GET /api/auth/session 200 in 32ms
 GET /api/auth/session 200 in 28ms
 GET /auth/signin 200 in 40ms
 GET /auth/signup 200 in 59ms
 GET / 200 in 80ms
[?25h
