  ▲ Next.js 14.2.28
  - Local:        http://localhost:3000
  - Environments: .env
  - Experiments (use with caution):
    · outputFileTracingRoot

 ✓ Starting...
 ✓ Ready in 1635ms
 ✓ Compiled /middleware in 253ms (164 modules)
 ○ Compiling / ...
 ✓ Compiled / in 2.6s (1339 modules)
 GET / 200 in 3114ms
 GET / 200 in 3117ms
 ✓ Compiled in 586ms (675 modules)
 GET / 200 in 33ms
 ✓ Compiled /api/auth/me in 271ms (695 modules)
 ✓ Compiled (784 modules)
 GET /api/auth/me 401 in 622ms
 GET /api/auth/me 401 in 37ms
 GET /api/companies 200 in 827ms
 GET /api/companies 200 in 16ms
 GET /api/companies 200 in 17ms
 GET /api/companies 200 in 16ms
 GET /api/companies 200 in 16ms
 GET /api/companies 200 in 16ms
 GET /api/companies 200 in 18ms
 GET /api/companies 200 in 16ms
 GET / 200 in 85ms
 GET / 200 in 30ms
 GET / 200 in 29ms
 GET /api/companies 200 in 24ms
 GET /api/auth/me 401 in 27ms
 GET /api/companies 200 in 23ms
 GET /api/auth/me 401 in 24ms
 GET /api/companies 200 in 18ms
 GET /api/companies 200 in 18ms
 GET /api/companies 200 in 17ms
 GET /api/companies 200 in 17ms
 GET /api/companies 200 in 18ms
 GET /api/companies 200 in 21ms
