  ▲ Next.js 14.2.28
  - Local:        http://localhost:3000
  - Environments: .env
  - Experiments (use with caution):
    · outputFileTracingRoot

 ✓ Starting...
 ✓ Ready in 1627ms
 ✓ Compiled /middleware in 229ms (164 modules)
 ○ Compiling / ...
 ✓ Compiled / in 2.8s (1333 modules)
 GET / 200 in 3307ms
 GET / 200 in 3309ms
 ✓ Compiled in 588ms (672 modules)
 GET / 200 in 40ms
 ○ Compiling /api/companies ...
 ✓ Compiled /api/companies in 504ms (778 modules)
 ✓ Compiled (781 modules)
 GET /api/auth/me 401 in 816ms
 GET /api/companies?slug=meta 200 in 745ms
 GET /api/auth/me 401 in 19ms
 GET /api/companies 200 in 898ms
 GET /api/companies 200 in 21ms
 GET /api/companies?slug=meta 200 in 19ms
 GET /api/companies 200 in 22ms
 GET /api/companies 200 in 17ms
 GET /api/companies 200 in 17ms
 GET /api/companies 200 in 17ms
 GET / 200 in 84ms
 GET / 200 in 31ms
 GET / 200 in 33ms
 GET /api/companies 200 in 20ms
 GET /api/auth/me 401 in 22ms
 GET /api/auth/me 401 in 17ms
 GET /api/companies 200 in 24ms
 GET /api/companies?slug=meta 200 in 19ms
 GET /api/companies 200 in 17ms
 GET /api/companies?slug=meta 200 in 16ms
 GET /api/companies 200 in 15ms
 GET /api/companies 200 in 16ms
 GET /api/companies 200 in 15ms
 GET / 200 in 48ms
 GET / 200 in 51ms
 GET / 200 in 30ms
 GET /api/auth/me 401 in 18ms
 GET /api/companies 200 in 42ms
 GET /api/companies?slug=meta 200 in 30ms
 GET /api/auth/me 401 in 14ms
 GET /api/companies 200 in 22ms
 GET /api/companies?slug=meta 200 in 20ms
 GET /api/companies 200 in 16ms
 GET /api/companies 200 in 16ms
 GET /api/companies 200 in 16ms
 GET /api/companies 200 in 16ms
 ✓ Compiled in 726ms (1325 modules)
 ✓ Compiled in 536ms (1329 modules)
 ✓ Compiled in 534ms (1329 modules)
 ✓ Compiled in 528ms (1329 modules)
[?25h
