➤ YN0000: · Yarn 4.9.2
➤ YN0000: ┌ Resolution step
➤ YN0085: │ + @playwright/test@npm:1.53.1, playwright@npm:1.53.1, fsevents@npm:2.3.2, and 2 more.
➤ YN0000: └ Completed in 0s 375ms
➤ YN0000: ┌ Post-resolution validation
➤ YN0060: │ @typescript-eslint/parser is listed by your project with version 7.0.0 (p6cb6c), which doesn't satisfy what @typescript-eslint/eslint-plugin requests (^6.0.0-alpha).
➤ YN0060: │ eslint is listed by your project with version 9.24.0 (pe6e00), which doesn't satisfy what @typescript-eslint/eslint-plugin and other dependencies request (^8.57.0).
➤ YN0002: │ app@workspace:. doesn't provide prettier (pd88b5), requested by eslint-plugin-prettier.
➤ YN0086: │ Some peer dependencies are incorrectly met by your project; run yarn explain peer-requirements <hash> for details, where <hash> is the six-letter p-prefixed code.
➤ YN0086: │ Some peer dependencies are incorrectly met by dependencies; run yarn explain peer-requirements for details.
➤ YN0000: └ Completed
➤ YN0000: ┌ Fetch step
➤ YN0000: └ Completed in 3s 148ms
➤ YN0000: ┌ Link step
➤ YN0000: └ Completed in 0s 717ms
➤ YN0000: · Done with warnings in 4s 409ms
Environment variables loaded from .env
Prisma schema loaded from prisma/schema.prisma

✔ Generated Prisma Client (v6.7.0) to ./node_modules/.prisma/client in 163ms

Start by importing your Prisma Client (See: https://pris.ly/d/importing-client)

Tip: Want to react to database changes in your app as they happen? Discover how with Pulse: https://pris.ly/tip-1-pulse

  ▲ Next.js 14.2.28
  - Local:        http://localhost:3000
  - Environments: .env
  - Experiments (use with caution):
    · outputFileTracingRoot

 ✓ Starting...
 ✓ Ready in 1762ms
 ○ Compiling / ...
 ✓ Compiled / in 2.8s (1650 modules)
 GET / 200 in 3320ms
 ✓ Compiled in 636ms (709 modules)
 GET / 200 in 51ms
 GET / 200 in 34ms
 ○ Compiling /auth/signin ...
 ✓ Compiled /auth/signin in 974ms (1662 modules)
 GET /auth/signin 200 in 1187ms
 GET /auth/signin 200 in 1186ms
 GET /auth/signin 200 in 1188ms
 GET / 200 in 1187ms
 ✓ Compiled /api/auth/[...nextauth] in 258ms (958 modules)
 GET / 200 in 564ms
 GET /auth/signin 200 in 42ms
 GET /api/auth/session 200 in 937ms
 GET /api/auth/session 200 in 930ms
 GET /api/auth/session 200 in 929ms
 GET /api/auth/providers 200 in 833ms
 GET /api/auth/providers 200 in 828ms
 GET /api/auth/providers 200 in 812ms
 POST /api/auth/_log 200 in 59ms
 POST /api/auth/_log 200 in 91ms
 GET /api/auth/session 200 in 43ms
 GET /api/auth/session 200 in 64ms
 GET /api/auth/session 200 in 64ms
 GET /api/auth/csrf 200 in 64ms
 GET /api/auth/csrf 200 in 64ms
 GET /api/auth/csrf 200 in 63ms
 POST /api/auth/callback/credentials 200 in 28ms
 POST /api/auth/callback/credentials 200 in 39ms
 POST /api/auth/callback/credentials 200 in 38ms
 GET /api/auth/session 200 in 32ms
 GET /api/auth/session 200 in 28ms
 GET /api/auth/session 200 in 28ms
 ○ Compiling /dashboard ...
 ✓ Compiled /dashboard in 953ms (1685 modules)
 GET /dashboard?_rsc=3y0gy 200 in 90ms
 GET /dashboard?_rsc=3y0gy 200 in 90ms
 GET /dashboard?_rsc=3y0gy 200 in 91ms
 GET / 200 in 98ms
 GET /auth/signin 200 in 46ms
 POST /api/auth/_log 200 in 58ms
 POST /api/auth/_log 200 in 56ms
 GET /api/auth/session 200 in 20ms
 GET /api/auth/session 200 in 18ms
 GET /api/auth/providers 200 in 22ms
 ○ Compiling /questions ...
 ✓ Compiled /questions in 1012ms (1712 modules)
 GET /api/auth/csrf 200 in 1101ms
 GET /questions 307 in 1204ms
 POST /api/auth/callback/credentials 200 in 71ms
 GET /auth/signin 200 in 54ms
 GET /api/auth/session 200 in 32ms
 GET /api/auth/session 200 in 19ms
 GET / 200 in 77ms
 GET / 200 in 71ms
 GET / 200 in 133ms
 GET /auth/signin 200 in 49ms
 POST /api/auth/_log 200 in 88ms
 POST /api/auth/_log 200 in 87ms
 GET /auth/signin 200 in 116ms
 GET /api/auth/session 200 in 60ms
 GET /auth/signin 200 in 144ms
 POST /api/auth/_log 200 in 94ms
 POST /api/auth/_log 200 in 83ms
 POST /api/auth/_log 200 in 86ms
 POST /api/auth/_log 200 in 86ms
 GET /api/auth/session 200 in 34ms
 GET /api/auth/session 200 in 59ms
 GET /api/auth/session 200 in 71ms
 GET /api/auth/providers 200 in 69ms
 GET /api/auth/providers 200 in 69ms
 GET /api/auth/session 200 in 68ms
 GET /questions 307 in 129ms
 GET /questions 307 in 105ms
 ✓ Compiled /api/questions in 328ms (1010 modules)
 GET /api/auth/providers 200 in 632ms
 GET /api/auth/session 200 in 632ms
 GET /api/auth/session 200 in 609ms
 GET /api/auth/csrf 200 in 608ms
 GET /api/auth/csrf 200 in 608ms
 GET /api/questions 401 in 680ms
 GET /auth/signin 200 in 666ms
 GET /auth/signin 200 in 672ms
 POST /api/auth/_log 200 in 83ms
 GET /api/auth/session 200 in 47ms
 GET /api/auth/session 200 in 12ms
 GET /api/auth/session 200 in 33ms
 GET / 200 in 47ms
 GET /auth/signin 200 in 40ms
 GET / 200 in 86ms
 POST /api/auth/_log 200 in 83ms
 POST /api/auth/_log 200 in 80ms
 GET /auth/signin 200 in 44ms
 GET /api/auth/session 200 in 41ms
 GET /api/auth/providers 200 in 60ms
 ○ Compiling /stories ...
 ✓ Compiled /stories in 1303ms (1766 modules)
 GET /api/auth/session 200 in 1374ms
 GET /api/auth/csrf 200 in 1344ms
 GET /api/auth/session 200 in 1016ms
 GET /api/auth/providers 200 in 992ms
 GET /companies 307 in 1473ms
 GET /stories 307 in 1080ms
 GET /api/auth/session 200 in 68ms
 GET /api/auth/csrf 200 in 67ms
 POST /api/auth/callback/credentials 200 in 69ms
 GET / 200 in 168ms
 GET /auth/signin 200 in 132ms
 GET /auth/signin 200 in 128ms
 POST /api/auth/_log 200 in 86ms
 GET /api/auth/session 200 in 38ms
 GET /api/auth/session 200 in 61ms
 GET /api/auth/session 200 in 48ms
 GET /auth/signin 200 in 99ms
 GET /api/auth/session 200 in 60ms
 POST /api/auth/_log 200 in 53ms
 POST /api/auth/_log 200 in 58ms
 GET /api/auth/session 200 in 90ms
 GET /api/auth/providers 200 in 87ms
 GET /dashboard 307 in 128ms
 GET /api/auth/session 200 in 39ms
 GET /api/auth/csrf 200 in 39ms
 GET /auth/signin 200 in 59ms
 GET /api/auth/session 200 in 22ms
 GET /api/auth/session 200 in 20ms
 GET / 200 in 39ms
 GET / 200 in 58ms
 GET /questions 307 in 65ms
 GET /api/auth/session 200 in 27ms
 GET /auth/signin 200 in 88ms
 GET /api/auth/session 200 in 79ms
 POST /api/auth/_log 200 in 92ms
 POST /api/auth/_log 200 in 92ms
 GET /auth/signin 200 in 134ms
 POST /api/auth/_log 200 in 79ms
 GET /api/auth/session 200 in 34ms
 GET /dashboard 307 in 59ms
 GET /api/auth/session 200 in 38ms
 GET /api/auth/session 200 in 57ms
 GET /api/auth/providers 200 in 61ms
 GET /api/auth/session 200 in 47ms
 GET /auth/signin 200 in 100ms
 GET / 200 in 49ms
 GET /api/auth/session 200 in 33ms
 GET /companies 307 in 59ms
 GET /api/auth/session 200 in 26ms
 GET /auth/signin 200 in 45ms
 GET /auth/signin 200 in 55ms
 POST /api/auth/_log 200 in 78ms
 POST /api/auth/_log 200 in 78ms
 GET /api/auth/session 200 in 33ms
 GET /api/auth/session 200 in 40ms
 GET /stories 307 in 64ms
 GET /auth/signin 200 in 49ms
 GET /api/auth/session 200 in 41ms
 GET /api/auth/session 200 in 45ms
 GET /api/auth/providers 200 in 39ms
 GET / 200 in 114ms
 GET /auth/signin 200 in 131ms
 POST /api/auth/_log 200 in 110ms
 GET /auth/signin 200 in 55ms
 GET /auth/signin 200 in 85ms
 GET /api/auth/session 200 in 41ms
 GET /api/auth/session 200 in 54ms
 GET /api/auth/providers 200 in 55ms
 GET /api/auth/session 200 in 58ms
 GET /questions 307 in 95ms
 GET /api/auth/session 200 in 58ms
 GET /api/questions 401 in 72ms
 GET /api/auth/csrf 200 in 74ms
 GET /auth/signin 200 in 120ms
 GET /api/auth/session 200 in 54ms
 GET /api/auth/session 200 in 82ms
 GET /auth/signin 200 in 102ms
 GET /api/auth/session 200 in 71ms
 GET /api/auth/providers 200 in 71ms
 GET /api/auth/providers 200 in 63ms
 GET /api/auth/session 200 in 71ms
 GET /api/questions 401 in 85ms
 GET /api/auth/csrf 200 in 57ms
 GET /api/auth/csrf 200 in 40ms
 GET /questions 307 in 138ms
 POST /api/auth/callback/credentials 200 in 41ms
 GET /auth/signin 200 in 84ms
 GET /auth/signin 200 in 90ms
 GET /api/auth/session 200 in 49ms
 GET /api/auth/session 200 in 43ms
 GET /companies 307 in 92ms
 GET /api/auth/session 200 in 32ms
 GET /auth/signin 200 in 86ms
 GET /api/auth/session 200 in 43ms
 ○ Compiling /questions/[id] ...
 ✓ Compiled /questions/[id] in 1007ms (1789 modules)
 GET /api/auth/providers 200 in 1104ms
 GET /api/auth/session 200 in 1104ms
 GET /api/auth/session 200 in 1085ms
 GET /api/auth/providers 200 in 1030ms
 GET /api/auth/session 200 in 791ms
 GET /stories 307 in 849ms
 GET /api/auth/csrf 200 in 128ms
 GET /api/auth/session 200 in 129ms
 GET /api/auth/session 200 in 58ms
 GET /api/auth/csrf 200 in 57ms
 GET /api/auth/session 200 in 58ms
 POST /api/auth/callback/credentials 200 in 407ms
 GET /auth/signin 200 in 442ms
 POST /api/auth/callback/credentials 200 in 413ms
 GET /questions/invalid-question-id-12345 307 in 1697ms
 GET /api/auth/session 200 in 64ms
 GET /api/auth/session 200 in 57ms
 GET /auth/signin 200 in 100ms
 GET /dashboard?_rsc=3y0gy 200 in 40ms
 GET /api/auth/session 200 in 23ms
 GET /api/auth/session 200 in 32ms
 GET /dashboard 307 in 66ms
 GET /api/auth/session 200 in 47ms
 GET /auth/signin 200 in 64ms
 GET /api/auth/session 200 in 42ms
 GET /api/auth/session 200 in 27ms
 GET /auth/signin 200 in 31ms
 GET /api/auth/session 200 in 35ms
 GET /api/auth/session 200 in 24ms
 GET /api/auth/providers 200 in 24ms
 GET /api/auth/csrf 200 in 21ms
 POST /api/auth/callback/credentials 200 in 356ms
 GET /api/auth/session 200 in 34ms
 GET /questions 307 in 53ms
 GET /dashboard?_rsc=3y0gy 200 in 29ms
 GET /auth/signin 200 in 39ms
 ✓ Compiled /api/dashboard/stats in 259ms (1042 modules)
 GET /api/auth/session 200 in 331ms
 GET /api/auth/session 200 in 19ms
 GET /api/dashboard/stats 200 in 592ms
 GET /api/dashboard/stats 200 in 28ms
 GET /api/questions 200 in 30ms
 GET / 200 in 91ms
 GET / 200 in 37ms
 GET /auth/signin 200 in 81ms
 GET /auth/signin 200 in 81ms
 GET / 200 in 113ms
 GET /auth/signin 200 in 121ms
 GET /api/auth/session 200 in 56ms
 GET /api/auth/session 200 in 89ms
 GET /api/auth/session 200 in 60ms
 GET /api/auth/session 200 in 59ms
 GET /api/auth/providers 200 in 75ms
 GET /api/auth/providers 200 in 68ms
 GET /api/auth/session 200 in 68ms
 GET /api/auth/providers 200 in 64ms
 GET /api/auth/session 200 in 62ms
 GET /api/auth/csrf 200 in 60ms
 GET /api/auth/csrf 200 in 60ms
 GET / 200 in 107ms
 GET /api/auth/csrf 200 in 70ms
 POST /api/auth/callback/credentials 200 in 50ms
 POST /api/auth/callback/credentials 200 in 426ms
 POST /api/auth/callback/credentials 200 in 752ms
 GET /api/auth/session 200 in 755ms
 GET /api/auth/session 200 in 384ms
 GET /api/auth/session 200 in 59ms
 GET /dashboard?_rsc=3y0gy 200 in 33ms
 GET /dashboard?_rsc=3y0gy 200 in 38ms
 GET /dashboard?_rsc=3y0gy 200 in 42ms
 GET /auth/signin 200 in 45ms
 GET /api/dashboard/stats 200 in 62ms
 GET /api/dashboard/stats 200 in 61ms
 POST /api/auth/_log 200 in 56ms
 POST /api/auth/_log 200 in 55ms
 GET /api/dashboard/stats 200 in 63ms
 GET /api/dashboard/stats 200 in 52ms
 GET /api/auth/session 200 in 47ms
 GET /api/auth/session 200 in 29ms
 GET /api/auth/providers 200 in 28ms
 GET /questions 200 in 50ms
 GET /api/questions 200 in 60ms
 ✓ Compiled /api/questions/[id] in 414ms (1014 modules)
 GET /api/questions 200 in 177ms
 GET /api/auth/session 200 in 355ms
 ✓ Compiled /api/companies in 328ms (1016 modules)
 GET /api/questions/cmc5gleob003nulcmwysk4n1p 200 in 959ms
 GET / 200 in 752ms
 ✓ Compiled /api/questions/[id]/answers in 393ms (1018 modules)
 GET /auth/signin 200 in 75ms
 POST /api/auth/_log 200 in 62ms
 GET / 200 in 103ms
 POST /api/auth/_log 200 in 89ms
 POST /api/questions/cmc5gleob003nulcmwysk4n1p/answers 200 in 989ms
 GET /api/auth/session 200 in 28ms
 GET / 200 in 92ms
 GET /api/auth/session 200 in 100ms
 GET /api/auth/providers 200 in 80ms
 GET /api/auth/session 200 in 69ms
 GET /auth/signin 200 in 151ms
 POST /api/auth/_log 200 in 66ms
 GET /questions 307 in 173ms
 GET /api/auth/csrf 200 in 89ms
 POST /api/auth/_log 200 in 90ms
 POST /api/auth/callback/credentials 200 in 27ms
 GET /auth/signin 200 in 74ms
 GET /auth/signin 200 in 44ms
 GET /api/auth/session 200 in 62ms
 GET /api/auth/session 200 in 72ms
 POST /api/auth/_log 200 in 85ms
 POST /api/auth/_log 200 in 85ms
 GET /api/auth/providers 200 in 44ms
 GET /api/auth/session 200 in 44ms
 GET /api/auth/session 200 in 46ms
 GET /questions 307 in 83ms
 GET /api/auth/csrf 200 in 42ms
 POST /api/auth/callback/credentials 200 in 33ms
 GET /auth/signin 200 in 62ms
 GET /api/auth/session 200 in 28ms
 GET /api/auth/session 200 in 73ms
 GET /api/auth/session 200 in 39ms
 GET /api/auth/providers 200 in 67ms
 GET /questions 307 in 93ms
 GET /api/auth/csrf 200 in 29ms
 GET /auth/signin 200 in 49ms
 GET /api/auth/session 200 in 56ms
 GET /api/auth/session 200 in 21ms
 GET / 200 in 43ms
 GET / 200 in 62ms
 GET /auth/signin 200 in 84ms
 GET /auth/signin 200 in 88ms
 POST /api/auth/_log 200 in 79ms
 POST /api/auth/_log 200 in 79ms
 POST /api/auth/_log 200 in 92ms
 POST /api/auth/_log 200 in 92ms
 GET /api/auth/session 200 in 24ms
 GET /api/auth/session 200 in 31ms
 GET /api/auth/session 200 in 43ms
 GET /api/auth/session 200 in 40ms
 ○ Compiling /companies ...
 ✓ Compiled /companies in 569ms (1025 modules)
 GET /api/questions 401 in 860ms
 GET /api/auth/providers 200 in 875ms
 GET /api/auth/providers 200 in 876ms
 GET /companies 307 in 994ms
 GET /api/auth/csrf 200 in 121ms
 POST /api/auth/callback/credentials 200 in 33ms
 GET /auth/signin 200 in 71ms
 GET /api/auth/session 200 in 33ms
 GET /api/auth/session 200 in 21ms
 GET / 200 in 41ms
 GET /auth/signin 200 in 35ms
 POST /api/auth/_log 200 in 51ms
 POST /api/auth/_log 200 in 50ms
 GET /api/auth/session 200 in 21ms
 GET /api/auth/session 200 in 19ms
 GET /api/auth/providers 200 in 22ms
 ✓ Compiled /stories in 288ms (1035 modules)
 GET /api/auth/csrf 200 in 592ms
 GET /stories 307 in 654ms
 POST /api/auth/callback/credentials 200 in 388ms
 GET /auth/signin 200 in 397ms
 POST /api/auth/_log 200 in 58ms
 GET /api/auth/session 200 in 24ms
 GET /api/auth/session 200 in 22ms
 GET / 200 in 43ms
 GET /auth/signin 200 in 36ms
 POST /api/auth/_log 200 in 57ms
 POST /api/auth/_log 200 in 56ms
 GET /api/auth/session 200 in 24ms
 GET /api/auth/session 200 in 19ms
 GET /api/auth/providers 200 in 24ms
 GET /dashboard 307 in 53ms
 GET /api/auth/csrf 200 in 39ms
 POST /api/auth/callback/credentials 200 in 27ms
 GET /auth/signin 200 in 44ms
 GET /api/auth/session 200 in 22ms
 GET /api/auth/session 200 in 20ms
 GET / 200 in 36ms
 GET /auth/signin 200 in 41ms
 POST /api/auth/_log 200 in 57ms
 POST /api/auth/_log 200 in 54ms
 GET /api/auth/session 200 in 23ms
 GET /api/auth/session 200 in 21ms
 GET /api/auth/providers 200 in 21ms
 GET / 200 in 35ms
 GET /questions 307 in 51ms
 GET /api/auth/session 200 in 65ms
 GET /auth/signin 200 in 84ms
 POST /api/auth/_log 200 in 44ms
 POST /api/auth/_log 200 in 67ms
 GET /api/auth/session 200 in 26ms
 GET /api/auth/session 200 in 31ms
 GET /dashboard 307 in 46ms
 GET /auth/signin 200 in 36ms
 GET /api/auth/session 200 in 38ms
 GET /api/auth/session 200 in 40ms
 GET /companies 307 in 81ms
 GET /auth/signin 200 in 58ms
 GET / 200 in 41ms
 GET /auth/signin 200 in 43ms
 GET /stories 307 in 91ms
 GET /api/auth/session 200 in 66ms
 GET /api/auth/session 200 in 61ms
 GET /auth/signin 200 in 120ms
 GET /auth/signin 200 in 94ms
 POST /api/auth/_log 200 in 83ms
 POST /api/auth/_log 200 in 105ms
 POST /api/auth/_log 200 in 104ms
 GET /api/auth/session 200 in 41ms
 GET /api/auth/session 200 in 41ms
 GET /api/auth/providers 200 in 35ms
 GET /api/questions 401 in 46ms
 GET /api/auth/csrf 200 in 41ms
 GET /api/auth/session 200 in 16ms
 GET /auth/signin 200 in 50ms
 GET /api/auth/session 200 in 69ms
 GET /api/auth/providers 200 in 65ms
 GET /auth/signin 200 in 127ms
 GET /api/auth/session 200 in 93ms
 GET /api/auth/csrf 200 in 59ms
 GET / 200 in 144ms
 POST /api/auth/_log 200 in 68ms
 POST /api/auth/_log 200 in 68ms
 GET /auth/signin 200 in 58ms
 GET /api/auth/session 200 in 118ms
 GET /api/auth/providers 200 in 97ms
 GET /api/auth/session 200 in 96ms
 GET /api/auth/session 200 in 82ms
 GET /questions 307 in 170ms
 GET /questions 307 in 153ms
 ✓ Compiled /questions/[id] in 377ms (1048 modules)
 ✓ Compiled in 0ms (1048 modules)
 GET /api/auth/providers 200 in 749ms
 GET /api/auth/session 200 in 749ms
 ✓ Compiled in 0ms (1048 modules)
 ✓ Compiled in 1ms (1048 modules)
 GET /api/auth/session 200 in 1281ms
 GET /api/auth/csrf 200 in 1280ms
 GET /api/auth/session 200 in 985ms
 GET /api/auth/providers 200 in 945ms
 GET /api/auth/session 200 in 1280ms
 GET /auth/signin 200 in 1369ms
 GET /auth/signin 200 in 1372ms
 GET /questions/invalid-question-id-12345 307 in 1481ms
 ✓ Compiled in 1ms (1048 modules)
 GET /api/questions 401 in 1393ms
 ✓ Compiled in 0ms (1048 modules)
 GET /api/auth/csrf 200 in 1422ms
 ✓ Compiled in 0ms (1048 modules)
 ✓ Compiled in 0ms (1048 modules)
 GET /api/auth/session 200 in 697ms
 GET /api/auth/session 200 in 693ms
 POST /api/auth/callback/credentials 200 in 628ms
 GET /auth/signin 200 in 1022ms
 GET /auth/signin 200 in 1417ms
 ✓ Compiled in 0ms (1048 modules)
 GET /companies 307 in 1161ms
 ✓ Compiled in 1ms (1048 modules)
 ✓ Compiled in 0ms (1048 modules)
 ✓ Compiled in 0ms (1048 modules)
 GET /api/auth/session 200 in 640ms
 GET /api/auth/session 200 in 1258ms
 GET /api/auth/session 200 in 1257ms
 GET /api/auth/session 200 in 686ms
 ✓ Compiled in 1ms (1048 modules)
 GET /auth/signin 200 in 1193ms
 GET /api/auth/providers 200 in 1201ms
 GET /api/auth/session 200 in 583ms
 GET /api/auth/session 200 in 582ms
 GET /api/auth/csrf 200 in 32ms
 POST /api/auth/callback/credentials 200 in 23ms
 GET /api/auth/session 200 in 23ms
 GET /dashboard?_rsc=3y0gy 200 in 31ms
 GET /api/auth/session 200 in 34ms
 GET /stories 307 in 59ms
 GET /api/auth/session 200 in 44ms
 GET /auth/signin 200 in 44ms
 GET /api/auth/session 200 in 34ms
 GET /api/auth/session 200 in 29ms
 GET /dashboard 307 in 49ms
 GET /auth/signin 200 in 35ms
 GET /api/auth/session 200 in 26ms
 GET /auth/signin 200 in 36ms
 GET /api/auth/session 200 in 94ms
 GET /api/auth/providers 200 in 24ms
 GET /api/auth/session 200 in 38ms
 GET /api/auth/csrf 200 in 21ms
 POST /api/auth/callback/credentials 200 in 21ms
 GET /api/auth/session 200 in 22ms
 GET /dashboard?_rsc=3y0gy 200 in 22ms
 GET /questions 307 in 45ms
 GET /auth/signin 200 in 38ms
 GET /api/auth/session 200 in 41ms
 GET /api/auth/session 200 in 22ms
 GET /api/questions 401 in 28ms
 GET / 200 in 56ms
 GET / 200 in 36ms
 GET / 200 in 96ms
 GET / 200 in 94ms
 GET / 200 in 129ms
 GET / 200 in 158ms
 GET /auth/signin 200 in 177ms
 GET /auth/signin 200 in 180ms
 GET /auth/signin 200 in 204ms
 POST /api/auth/_log 200 in 136ms
 POST /api/auth/_log 200 in 135ms
 POST /api/auth/_log 200 in 126ms
 POST /api/auth/_log 200 in 126ms
 POST /api/auth/_log 200 in 134ms
 POST /api/auth/_log 200 in 133ms
 GET / 200 in 161ms
 GET /api/auth/session 200 in 44ms
 GET /api/auth/session 200 in 55ms
 GET /api/auth/session 200 in 52ms
 GET /api/auth/session 200 in 51ms
 GET /api/auth/session 200 in 96ms
 GET /api/auth/providers 200 in 97ms
 GET /api/auth/providers 200 in 104ms
 GET /auth/signin 200 in 145ms
 GET /api/auth/session 200 in 103ms
 GET /api/auth/providers 200 in 104ms
 GET /api/auth/csrf 200 in 73ms
 POST /api/auth/_log 200 in 83ms
 POST /api/auth/_log 200 in 83ms
 GET /api/auth/csrf 200 in 68ms
 GET /api/auth/csrf 200 in 49ms
 POST /api/auth/callback/credentials 200 in 44ms
 POST /api/auth/callback/credentials 200 in 404ms
 POST /api/auth/callback/credentials 200 in 725ms
 GET /api/auth/session 200 in 387ms
 GET /api/auth/session 200 in 371ms
 GET /api/auth/session 200 in 54ms
 GET /dashboard?_rsc=3y0gy 200 in 41ms
 GET /dashboard?_rsc=3y0gy 200 in 65ms
 GET /dashboard?_rsc=3y0gy 200 in 52ms
 GET /api/auth/session 200 in 49ms
 GET /api/auth/providers 200 in 39ms
 GET /api/auth/session 200 in 36ms
 GET /api/auth/csrf 200 in 30ms
 POST /api/auth/callback/credentials 200 in 27ms
 GET /api/auth/session 200 in 33ms
 GET /api/dashboard/stats 200 in 65ms
 GET /api/dashboard/stats 200 in 65ms
 GET /api/dashboard/stats 200 in 51ms
 GET /api/dashboard/stats 200 in 50ms
 GET /dashboard?_rsc=3y0gy 200 in 36ms
 GET /questions 307 in 42ms
 GET /auth/signin 200 in 36ms
 GET /questions 200 in 72ms
 GET /api/auth/session 200 in 82ms
 GET /questions 307 in 128ms
 GET /api/auth/session 200 in 48ms
 GET /auth/signin 200 in 71ms
 GET /api/questions 200 in 53ms
 GET /api/companies 200 in 65ms
 GET /api/auth/session 200 in 59ms
 GET /api/auth/session 200 in 68ms
 GET /api/questions 200 in 68ms
 GET /api/companies 200 in 67ms
 GET /api/auth/session 200 in 71ms
 GET /api/auth/session 200 in 41ms
 GET / 200 in 39ms
 GET /auth/signin 200 in 36ms
 POST /api/auth/_log 200 in 68ms
 POST /api/auth/_log 200 in 85ms
 GET /api/auth/session 200 in 27ms
 GET /api/auth/session 200 in 21ms
 GET /api/auth/providers 200 in 23ms
 GET /api/auth/csrf 200 in 40ms
 POST /api/auth/callback/credentials 200 in 361ms
 GET /api/auth/session 200 in 34ms
 GET /dashboard?_rsc=3y0gy 200 in 25ms
 GET /api/dashboard/stats 200 in 36ms
 GET /api/dashboard/stats 200 in 30ms
 GET /api/questions 200 in 29ms
 GET /api/questions/cmc5gleob003nulcmwysk4n1p 200 in 47ms
 GET / 200 in 52ms
 GET / 200 in 60ms
 GET /auth/signin 200 in 67ms
 POST /api/auth/_log 200 in 91ms
 POST /api/auth/_log 200 in 88ms
 GET /auth/signin 200 in 125ms
 POST /api/auth/_log 200 in 73ms
 POST /api/auth/_log 200 in 72ms
 GET /api/auth/session 200 in 34ms
 GET /api/auth/session 200 in 37ms
 GET /api/auth/session 200 in 48ms
 GET /api/auth/providers 200 in 38ms
 GET /api/auth/providers 200 in 42ms
 GET /api/auth/session 200 in 30ms
 GET /api/auth/csrf 200 in 44ms
 GET /api/auth/csrf 200 in 28ms
 POST /api/auth/callback/credentials 200 in 36ms
 POST /api/auth/callback/credentials 200 in 420ms
 GET /api/auth/session 200 in 410ms
 GET /api/auth/session 200 in 46ms
 GET /dashboard?_rsc=3y0gy 200 in 39ms
 GET /dashboard?_rsc=3y0gy 200 in 31ms
 GET /api/dashboard/stats 200 in 32ms
 GET /api/dashboard/stats 200 in 36ms
 GET /companies 307 in 45ms
 GET /auth/signin 200 in 32ms
 GET /stories 200 in 34ms
 GET /api/auth/session 200 in 40ms
 GET /api/auth/session 200 in 22ms
 ○ Compiling /api/stories ...
 ✓ Compiled /api/stories in 721ms (1036 modules)
 GET /api/auth/session 200 in 1046ms
 GET /api/stories 200 in 1089ms
 GET /api/auth/session 200 in 51ms
 GET /api/stories 200 in 38ms
 GET / 200 in 82ms
 GET /auth/signin 200 in 56ms
 POST /api/auth/_log 200 in 51ms
 POST /api/auth/_log 200 in 68ms
 GET /api/auth/session 200 in 22ms
 GET /api/auth/session 200 in 21ms
 GET /api/auth/providers 200 in 23ms
 GET /api/auth/csrf 200 in 20ms
 POST /api/auth/callback/credentials 200 in 349ms
 GET /api/auth/session 200 in 35ms
 GET /dashboard?_rsc=3y0gy 200 in 33ms
 GET / 200 in 38ms
 GET /api/dashboard/stats 200 in 47ms
 GET /api/dashboard/stats 200 in 48ms
 GET /auth/signin 200 in 33ms
 POST /api/auth/_log 200 in 60ms
 POST /api/auth/_log 200 in 57ms
 GET /api/auth/session 200 in 22ms
 GET /api/auth/session 200 in 20ms
 GET /api/auth/providers 200 in 22ms
 GET /api/auth/csrf 200 in 29ms
 GET /dashboard 200 in 55ms
 POST /api/auth/callback/credentials 200 in 382ms
 GET /api/auth/session 200 in 44ms
 GET /dashboard?_rsc=3y0gy 200 in 24ms
 GET /api/dashboard/stats 200 in 36ms
 GET /api/auth/session 200 in 39ms
 GET /api/dashboard/stats 200 in 56ms
 GET /api/dashboard/stats 200 in 47ms
 GET /api/auth/session 200 in 35ms
 GET /api/dashboard/stats 200 in 45ms
 GET / 200 in 38ms
 GET /questions 307 in 59ms
 GET /api/auth/session 200 in 40ms
 GET /auth/signin 200 in 70ms
 POST /api/auth/_log 200 in 37ms
 GET /api/auth/session 200 in 27ms
 GET /api/auth/session 200 in 35ms
 GET /dashboard 307 in 53ms
 GET /auth/signin 200 in 47ms
 GET /api/auth/session 200 in 40ms
 GET /companies 307 in 69ms
 GET /api/auth/session 200 in 43ms
 GET /auth/signin 200 in 44ms
 GET / 200 in 38ms
 GET /api/auth/session 200 in 24ms
 GET /api/auth/session 200 in 47ms
 GET /stories 307 in 78ms
 GET /auth/signin 200 in 87ms
 GET /auth/signin 200 in 85ms
 POST /api/auth/_log 200 in 61ms
 POST /api/auth/_log 200 in 78ms
 GET /api/auth/session 200 in 11ms
 GET /api/auth/session 200 in 37ms
 GET /api/auth/providers 200 in 25ms
 GET /api/auth/session 200 in 34ms
 GET /api/auth/csrf 200 in 24ms
 POST /api/auth/callback/credentials 200 in 19ms
 GET /api/auth/session 200 in 20ms
 GET /dashboard?_rsc=3y0gy 200 in 22ms
 GET / 200 in 35ms
 GET /api/auth/session 200 in 41ms
 GET /api/auth/session 200 in 19ms
 GET /questions 307 in 36ms
 GET /auth/signin 200 in 34ms
 GET /api/auth/session 200 in 35ms
 GET /api/auth/session 200 in 19ms
 GET /companies 307 in 41ms
 GET /auth/signin 200 in 32ms
 GET /api/auth/session 200 in 36ms
 GET /api/auth/session 200 in 22ms
 GET /stories 307 in 42ms
 GET /auth/signin 200 in 38ms
 GET /api/auth/session 200 in 33ms
 GET /api/auth/session 200 in 21ms
 GET /dashboard 307 in 39ms
 GET /auth/signin 200 in 34ms
 GET /api/auth/session 200 in 37ms
 GET /api/auth/session 200 in 19ms
 GET / 200 in 43ms
 GET / 200 in 32ms
 GET /auth/signin 200 in 56ms
 GET /auth/signin 200 in 76ms
 GET /api/auth/session 200 in 45ms
 GET /api/auth/session 200 in 56ms
 GET /api/auth/session 200 in 42ms
 GET /api/auth/session 200 in 39ms
 GET /api/auth/providers 200 in 40ms
 GET /api/auth/providers 200 in 49ms
 GET /api/auth/csrf 200 in 31ms
 GET /api/auth/csrf 200 in 31ms
 POST /api/auth/callback/credentials 200 in 367ms
 POST /api/auth/callback/credentials 200 in 700ms
 GET /api/auth/session 200 in 358ms
 GET /api/auth/session 200 in 41ms
 GET /dashboard?_rsc=3y0gy 200 in 30ms
 GET /dashboard?_rsc=3y0gy 200 in 33ms
 GET /api/dashboard/stats 200 in 37ms
 GET /api/dashboard/stats 200 in 40ms
 GET /api/dashboard/stats 200 in 41ms
 GET /api/dashboard/stats 200 in 53ms
 GET /questions 200 in 39ms
 GET /api/questions 200 in 45ms
 GET /api/questions 200 in 71ms
 GET /api/auth/session 200 in 69ms
 GET /api/companies 200 in 77ms
 GET /api/questions 200 in 63ms
 GET /api/auth/session 200 in 54ms
 GET /api/companies 200 in 65ms
 GET / 200 in 43ms
 GET / 200 in 37ms
 GET / 200 in 76ms
 GET / 200 in 118ms
 GET / 200 in 125ms
 GET / 200 in 146ms
 GET /auth/signin 200 in 98ms
 POST /api/auth/_log 200 in 150ms
 POST /api/auth/_log 200 in 150ms
 GET /auth/signin 200 in 217ms
 GET /auth/signin 200 in 196ms
 POST /api/auth/_log 200 in 156ms
 POST /api/auth/_log 200 in 156ms
 POST /api/auth/_log 200 in 154ms
 POST /api/auth/_log 200 in 154ms
 GET / 200 in 238ms
 GET /api/auth/session 200 in 70ms
 GET /api/auth/session 200 in 86ms
 GET /api/auth/providers 200 in 67ms
 GET /api/auth/session 200 in 67ms
 GET /api/auth/session 200 in 66ms
 GET /api/auth/providers 200 in 76ms
 GET /auth/signin 200 in 121ms
 GET /api/auth/providers 200 in 89ms
 GET /api/auth/session 200 in 88ms
 GET /api/auth/session 200 in 70ms
 GET /api/auth/csrf 200 in 70ms
 POST /api/auth/_log 200 in 67ms
 GET /api/auth/csrf 200 in 66ms
 POST /api/auth/_log 200 in 77ms
 GET /api/auth/csrf 200 in 52ms
 POST /api/auth/callback/credentials 200 in 370ms
 POST /api/auth/callback/credentials 200 in 374ms
 POST /api/auth/callback/credentials 200 in 706ms
 GET /api/auth/session 200 in 376ms
 GET /api/auth/session 200 in 384ms
 GET /api/auth/session 200 in 61ms
 GET /dashboard?_rsc=3y0gy 200 in 48ms
 GET /dashboard?_rsc=3y0gy 200 in 50ms
 GET /dashboard?_rsc=3y0gy 200 in 38ms
 GET /api/auth/session 200 in 31ms
 GET /api/auth/session 200 in 47ms
 GET /api/auth/providers 200 in 27ms
 GET /api/auth/csrf 200 in 37ms
 GET /api/dashboard/stats 200 in 43ms
 GET /api/dashboard/stats 200 in 50ms
 GET /api/dashboard/stats 200 in 348ms
 POST /api/auth/callback/credentials 200 in 394ms
 GET /api/dashboard/stats 200 in 405ms
 GET /api/auth/session 200 in 50ms
 GET /questions 307 in 70ms
 GET /auth/signin 200 in 47ms
 GET /dashboard?_rsc=3y0gy 200 in 50ms
 GET /api/dashboard/stats 200 in 36ms
 GET /api/dashboard/stats 200 in 36ms
 GET /api/auth/session 200 in 31ms
 GET /api/auth/session 200 in 22ms
 GET /questions 200 in 34ms
 GET / 200 in 38ms
 GET /api/questions 200 in 37ms
 GET /api/companies 200 in 62ms
 GET /api/auth/session 200 in 60ms
 GET /api/questions 200 in 46ms
 GET /api/auth/session 200 in 43ms
 GET /api/companies 200 in 57ms
 GET /auth/signin 200 in 101ms
 GET /questions 200 in 133ms
 POST /api/auth/_log 200 in 89ms
 POST /api/auth/_log 200 in 87ms
 GET /api/questions 200 in 64ms
 GET /api/auth/session 200 in 60ms
 GET /api/companies 200 in 68ms
 GET /api/auth/session 200 in 69ms
 GET /api/auth/providers 200 in 46ms
 GET /api/auth/session 200 in 45ms
 GET /api/questions 200 in 58ms
 GET /api/companies 200 in 65ms
 GET /api/auth/session 200 in 48ms
 GET /api/auth/csrf 200 in 33ms
 POST /api/auth/callback/credentials 200 in 28ms
 GET /api/auth/session 200 in 22ms
 GET /dashboard?_rsc=3y0gy 200 in 25ms
 GET /api/questions 401 in 20ms
 GET / 200 in 42ms
 GET /auth/signin 200 in 32ms
 POST /api/auth/_log 200 in 58ms
 POST /api/auth/_log 200 in 57ms
 GET /api/auth/session 200 in 24ms
 GET /api/auth/session 200 in 25ms
 GET /api/auth/providers 200 in 27ms
 GET /api/auth/csrf 200 in 20ms
 POST /api/auth/callback/credentials 200 in 351ms
 GET /api/auth/session 200 in 37ms
 GET /dashboard?_rsc=3y0gy 200 in 30ms
 GET /api/dashboard/stats 200 in 31ms
 GET /api/dashboard/stats 200 in 34ms
 GET /companies 200 in 33ms
 GET /api/companies 200 in 27ms
 GET /api/auth/session 200 in 43ms
 GET /api/companies 200 in 42ms
 GET /api/auth/session 200 in 41ms
 GET / 200 in 37ms
 GET /auth/signin 200 in 42ms
 POST /api/auth/_log 200 in 69ms
 POST /api/auth/_log 200 in 68ms
 GET / 200 in 94ms
 GET /api/auth/session 200 in 37ms
 GET /auth/signin 200 in 54ms
 GET /api/auth/session 200 in 49ms
 GET /api/auth/providers 200 in 39ms
 POST /api/auth/_log 200 in 91ms
 POST /api/auth/_log 200 in 90ms
 GET /api/auth/csrf 200 in 76ms
 POST /api/auth/callback/credentials 200 in 366ms
 GET /api/auth/session 200 in 37ms
 GET /dashboard?_rsc=3y0gy 200 in 22ms
 GET /api/dashboard/stats 200 in 39ms
 GET /api/auth/session 200 in 32ms
 GET /api/auth/providers 200 in 44ms
 GET /api/auth/session 200 in 31ms
 GET /api/dashboard/stats 200 in 56ms
 GET /api/auth/csrf 200 in 27ms
 POST /api/auth/callback/credentials 200 in 360ms
 GET /api/auth/session 200 in 46ms
 GET / 200 in 62ms
 GET /dashboard?_rsc=3y0gy 200 in 48ms
 GET /stories 200 in 83ms
 GET /api/dashboard/stats 200 in 35ms
 GET /api/dashboard/stats 200 in 42ms
 GET /auth/signin 200 in 50ms
 POST /api/auth/_log 200 in 62ms
 POST /api/auth/_log 200 in 78ms
 GET /api/stories 200 in 44ms
 GET /api/auth/session 200 in 44ms
 GET /api/stories 200 in 33ms
 GET /api/auth/session 200 in 37ms
 GET /api/auth/session 200 in 24ms
 GET /api/auth/session 200 in 20ms
 GET /api/auth/providers 200 in 22ms
 GET /api/auth/csrf 200 in 20ms
 POST /api/auth/callback/credentials 200 in 376ms
 GET /api/auth/session 200 in 71ms
 GET /dashboard 200 in 83ms
 GET / 200 in 97ms
 GET /dashboard?_rsc=3y0gy 200 in 54ms
 GET /api/dashboard/stats 200 in 39ms
 GET /api/dashboard/stats 200 in 44ms
 GET /api/auth/session 200 in 54ms
 GET /api/dashboard/stats 200 in 63ms
 GET /questions 307 in 87ms
 GET /api/auth/session 200 in 89ms
 GET /api/dashboard/stats 200 in 103ms
 GET /api/auth/session 200 in 81ms
 GET /auth/signin 200 in 109ms
 POST /api/auth/_log 200 in 42ms
 GET /dashboard 307 in 50ms
 GET /api/auth/session 200 in 34ms
 GET /api/auth/session 200 in 49ms
 GET /auth/signin 200 in 77ms
 GET / 200 in 40ms
 GET /companies 307 in 74ms
 GET /api/auth/session 200 in 52ms
 GET /api/auth/session 200 in 49ms
 GET /auth/signin 200 in 101ms
 GET /api/auth/csrf 200 in 95ms
 POST /api/auth/_log 200 in 97ms
 POST /api/auth/signout 200 in 32ms
 GET /auth/signin 200 in 105ms
 GET / 200 in 116ms
 POST /api/auth/_log 200 in 101ms
 POST /api/auth/_log 200 in 99ms
 GET /api/auth/session 200 in 48ms
 GET /stories 307 in 76ms
 GET /api/auth/session 200 in 42ms
 GET /auth/signin 200 in 58ms
 POST /api/auth/_log 200 in 56ms
 GET /api/auth/session 200 in 24ms
 GET /api/auth/session 200 in 20ms
 GET /api/auth/providers 200 in 24ms
 GET /api/auth/csrf 200 in 24ms
 POST /api/auth/callback/credentials 200 in 360ms
 GET /api/auth/session 200 in 34ms
 GET /dashboard?_rsc=3y0gy 200 in 22ms
 GET /api/dashboard/stats 200 in 30ms
 GET /api/dashboard/stats 200 in 33ms
 GET / 307 in 37ms
 GET /dashboard 200 in 35ms
 GET /api/auth/session 200 in 38ms
 GET /api/dashboard/stats 200 in 48ms
 GET /api/auth/session 200 in 42ms
 GET /api/dashboard/stats 200 in 48ms
 GET /questions 200 in 37ms
 GET /api/questions 200 in 53ms
 GET /api/auth/session 200 in 49ms
 GET /api/companies 200 in 58ms
 GET /api/auth/session 200 in 30ms
 GET /api/questions 200 in 37ms
 GET /api/companies 200 in 39ms
 GET /companies 200 in 32ms
 GET /api/companies 200 in 28ms
 GET /api/auth/session 200 in 43ms
 GET /api/companies 200 in 30ms
 GET /api/auth/session 200 in 32ms
 GET /stories 200 in 33ms
 GET /api/stories 200 in 29ms
 GET /api/auth/session 200 in 42ms
 GET /api/stories 200 in 31ms
 GET /api/auth/session 200 in 34ms
 GET /dashboard 200 in 32ms
 GET /api/auth/session 200 in 44ms
 GET /api/dashboard/stats 200 in 54ms
 GET /api/auth/session 200 in 26ms
 GET /api/dashboard/stats 200 in 40ms
 GET / 200 in 34ms
 GET / 200 in 42ms
 GET / 200 in 79ms
 GET / 200 in 115ms
 GET / 200 in 129ms
 GET / 200 in 141ms
 GET /auth/signin 200 in 69ms
 GET /auth/signin 200 in 148ms
 GET /api/auth/session 200 in 41ms
 GET /questions 307 in 174ms
 GET /auth/signin 200 in 164ms
 GET /api/auth/session 200 in 120ms
 POST /api/auth/_log 200 in 118ms
 POST /api/auth/_log 200 in 112ms
 POST /api/auth/_log 200 in 90ms
 POST /api/auth/_log 200 in 117ms
 GET /api/auth/session 200 in 52ms
 GET /auth/signin 200 in 191ms
 POST /api/auth/_log 200 in 58ms
 GET /api/auth/session 200 in 45ms
 GET /api/auth/session 200 in 53ms
 GET /api/auth/session 200 in 106ms
 GET /api/auth/providers 200 in 83ms
 GET /api/auth/providers 200 in 82ms
 GET /api/auth/session 200 in 91ms
 GET /api/auth/session 200 in 90ms
 GET /api/auth/session 200 in 83ms
 GET /api/auth/providers 200 in 65ms
 GET /api/auth/csrf 200 in 61ms
 GET /api/auth/providers 200 in 60ms
 GET /api/auth/csrf 200 in 69ms
 GET /api/auth/session 200 in 54ms
 GET /api/auth/session 200 in 53ms
 GET /api/auth/csrf 200 in 46ms
 GET /api/auth/csrf 200 in 46ms
 POST /api/auth/callback/credentials 200 in 373ms
 POST /api/auth/callback/credentials 200 in 383ms
 POST /api/auth/callback/credentials 200 in 49ms
 POST /api/auth/callback/credentials 200 in 374ms
 GET /api/auth/session 200 in 389ms
 GET /api/auth/session 200 in 378ms
 GET /api/auth/session 200 in 47ms
 GET /api/auth/session 200 in 52ms
 GET /dashboard?_rsc=3y0gy 200 in 42ms
 GET /dashboard?_rsc=3y0gy 200 in 46ms
 GET /dashboard?_rsc=3y0gy 200 in 46ms
 GET /dashboard?_rsc=3y0gy 200 in 41ms
 GET /api/dashboard/stats 200 in 32ms
 GET /api/dashboard/stats 200 in 35ms
 GET /api/dashboard/stats 200 in 38ms
 GET /api/dashboard/stats 200 in 36ms
 GET /dashboard 307 in 37ms
 GET /api/questions 401 in 26ms
 GET /auth/signin 200 in 38ms
 GET /questions 200 in 39ms
 GET /api/auth/session 200 in 61ms
 GET /api/auth/session 200 in 26ms
 GET /api/questions 200 in 44ms
 GET /api/companies 200 in 45ms
 GET /api/auth/session 200 in 51ms
 GET /api/questions 200 in 47ms
 GET /api/companies 200 in 52ms
 GET /api/auth/session 200 in 47ms
 GET /api/auth/csrf 200 in 38ms
 POST /api/auth/signout 200 in 21ms
 GET / 200 in 52ms
 GET / 200 in 35ms
 GET /auth/signin 200 in 34ms
 POST /api/auth/_log 200 in 62ms
 POST /api/auth/_log 200 in 61ms
 GET /api/auth/session 200 in 29ms
 GET /api/auth/session 200 in 26ms
 GET /api/auth/providers 200 in 26ms
 GET /api/auth/csrf 200 in 24ms
 POST /api/auth/callback/credentials 200 in 360ms
 GET /api/auth/session 200 in 34ms
 GET /dashboard?_rsc=3y0gy 200 in 25ms
 GET /api/dashboard/stats 200 in 31ms
 GET /api/dashboard/stats 200 in 31ms
 GET /questions 200 in 39ms
 GET /api/auth/session 200 in 45ms
 GET /api/questions 200 in 52ms
 GET /api/companies 200 in 64ms
 GET /api/questions 200 in 53ms
 GET /api/auth/session 200 in 52ms
 GET /api/companies 200 in 58ms
 GET / 200 in 39ms
 GET / 200 in 31ms
 GET / 200 in 46ms
 GET / 200 in 100ms
 GET / 200 in 140ms
 GET / 200 in 186ms
 GET /questions 307 in 66ms
 GET /auth/signin 200 in 148ms
 GET /api/auth/session 200 in 153ms
 GET /auth/signin 200 in 207ms
 POST /api/auth/_log 200 in 155ms
 POST /api/auth/_log 200 in 155ms
 GET /api/auth/session 200 in 138ms
 GET /auth/signin 200 in 250ms
 POST /api/auth/_log 200 in 162ms
 POST /api/auth/_log 200 in 132ms
 GET /auth/signin 200 in 243ms
 POST /api/auth/_log 200 in 120ms
 POST /api/auth/_log 200 in 89ms
 POST /api/auth/_log 200 in 88ms
 GET /api/auth/session 200 in 73ms
 GET /api/auth/session 200 in 90ms
 GET /api/auth/session 200 in 75ms
 GET /api/auth/session 200 in 59ms
 GET /api/auth/providers 200 in 55ms
 GET /api/auth/providers 200 in 54ms
 GET /api/auth/providers 200 in 53ms
 GET /api/auth/providers 200 in 55ms
 GET /api/auth/session 200 in 55ms
 GET /api/auth/session 200 in 64ms
 GET /api/auth/session 200 in 59ms
 GET /api/auth/session 200 in 50ms
 GET /api/auth/csrf 200 in 50ms
 GET /api/auth/csrf 200 in 50ms
 GET /api/auth/csrf 200 in 49ms
 GET /api/auth/csrf 200 in 49ms
 POST /api/auth/callback/credentials 200 in 353ms
 POST /api/auth/callback/credentials 200 in 380ms
 POST /api/auth/callback/credentials 200 in 380ms
 POST /api/auth/callback/credentials 200 in 378ms
 GET /api/auth/session 200 in 34ms
 GET /api/auth/session 200 in 34ms
 GET /api/auth/session 200 in 33ms
 GET /api/auth/session 200 in 42ms
 GET /dashboard?_rsc=3y0gy 200 in 44ms
 GET /dashboard?_rsc=3y0gy 200 in 43ms
 GET /dashboard?_rsc=3y0gy 200 in 44ms
 GET /dashboard?_rsc=3y0gy 200 in 45ms
 GET /api/dashboard/stats 200 in 33ms
 GET /api/dashboard/stats 200 in 35ms
 GET /questions 307 in 46ms
 GET /questions 307 in 47ms
 GET /auth/signin 200 in 64ms
 GET /auth/signin 200 in 64ms
 GET /api/auth/session 200 in 54ms
 GET /api/auth/session 200 in 49ms
 GET /api/auth/session 200 in 24ms
 GET /api/auth/session 200 in 28ms
 GET /api/auth/csrf 200 in 22ms
 POST /api/auth/signout 200 in 21ms
 GET / 200 in 35ms
 GET / 200 in 34ms
 GET /auth/signin 200 in 38ms
 POST /api/auth/_log 200 in 59ms
 POST /api/auth/_log 200 in 56ms
 GET / 200 in 69ms
 GET /api/auth/session 200 in 26ms
 GET /api/auth/session 200 in 32ms
 GET /auth/signin 200 in 60ms
 GET /api/auth/providers 200 in 60ms
 POST /api/auth/_log 200 in 55ms
 POST /api/auth/_log 200 in 54ms
 GET /api/auth/csrf 200 in 21ms
 POST /api/auth/callback/credentials 200 in 342ms
 GET /api/auth/session 200 in 35ms
 GET /dashboard?_rsc=3y0gy 200 in 24ms
 GET /api/auth/session 200 in 22ms
 GET /api/auth/session 200 in 33ms
 GET /api/auth/providers 200 in 36ms
 GET /api/dashboard/stats 200 in 63ms
 GET /api/auth/csrf 200 in 30ms
 GET /api/dashboard/stats 200 in 39ms
 POST /api/auth/callback/credentials 200 in 369ms
 GET /api/auth/session 200 in 34ms
 GET /dashboard?_rsc=3y0gy 200 in 23ms
 GET /dashboard 200 in 44ms
 GET /api/dashboard/stats 200 in 56ms
 GET /api/dashboard/stats 200 in 39ms
 GET /api/auth/session 200 in 46ms
 GET /api/dashboard/stats 200 in 61ms
 GET /api/auth/session 200 in 27ms
 GET /api/dashboard/stats 200 in 40ms
 ✓ Compiled /questions/[id] in 347ms (1024 modules)
 GET /questions 200 in 462ms
 GET /questions/cmc5dupt3003ntfm4hlx62p83 200 in 746ms
 ✓ Compiled /api/questions/[id] in 272ms (1026 modules)
 ✓ Compiled (1030 modules)
 GET /api/auth/session 200 in 661ms
 GET /api/auth/session 200 in 665ms
 GET /api/companies 200 in 712ms
 GET /api/questions/cmc5dupt3003ntfm4hlx62p83 200 in 714ms
 GET /api/questions 200 in 758ms
 GET /api/companies 200 in 66ms
 GET /api/auth/session 200 in 62ms
 GET /api/auth/session 200 in 66ms
 GET /api/questions/cmc5dupt3003ntfm4hlx62p83 200 in 80ms
 GET /api/questions 200 in 76ms
 ○ Compiling /companies ...
 ✓ Compiled /companies in 631ms (1037 modules)
 GET / 200 in 417ms
 GET /companies 200 in 1002ms
 GET /auth/signin 200 in 77ms
 GET /api/companies 200 in 71ms
 GET /api/auth/session 200 in 99ms
 POST /api/auth/_log 200 in 79ms
 POST /api/auth/_log 200 in 103ms
 GET /api/companies 200 in 62ms
 GET /api/auth/session 200 in 62ms
 GET /api/auth/session 200 in 23ms
 GET /api/auth/session 200 in 22ms
 GET /api/auth/providers 200 in 22ms
 GET /api/auth/csrf 200 in 36ms
 POST /api/auth/callback/credentials 200 in 359ms
 ✓ Compiled /stories in 264ms (1046 modules)
 GET /api/auth/session 200 in 618ms
 GET /stories 200 in 661ms
 GET /dashboard?_rsc=3y0gy 200 in 31ms
 GET /api/dashboard/stats 200 in 43ms
 GET /api/dashboard/stats 200 in 39ms
 ✓ Compiled /api/stories in 396ms (1049 modules)
 ✓ Compiled in 1ms (1049 modules)
 ✓ Compiled in 1ms (1049 modules)
 ✓ Compiled in 1ms (1049 modules)
 GET /api/auth/session 200 in 1251ms
 GET /api/stories 200 in 1265ms
 ✓ Compiled in 1ms (1049 modules)
 GET /questions 200 in 1050ms
 GET /api/auth/session 200 in 677ms
 GET /api/stories 200 in 684ms
 GET /api/questions 200 in 60ms
 GET /api/auth/session 200 in 54ms
 GET /api/companies 200 in 65ms
 GET /api/auth/session 200 in 34ms
 GET /api/questions 200 in 42ms
 GET /api/companies 200 in 45ms
 ✓ Compiled in 409ms (1049 modules)
 ✓ Compiled in 323ms (1049 modules)
 ✓ Compiled in 541ms (1723 modules)
[?25h
