➤ YN0000: · Yarn 4.9.2
➤ YN0000: ┌ Resolution step
➤ YN0000: └ Completed
➤ YN0000: ┌ Post-resolution validation
➤ YN0060: │ @typescript-eslint/parser is listed by your project with version 7.0.0 (p6cb6c), which doesn't satisfy what @typescript-eslint/eslint-plugin requests (^6.0.0-alpha).
➤ YN0060: │ eslint is listed by your project with version 9.24.0 (pe6e00), which doesn't satisfy what @typescript-eslint/eslint-plugin and other dependencies request (^8.57.0).
➤ YN0002: │ app@workspace:. doesn't provide prettier (pd88b5), requested by eslint-plugin-prettier.
➤ YN0086: │ Some peer dependencies are incorrectly met by your project; run yarn explain peer-requirements <hash> for details, where <hash> is the six-letter p-prefixed code.
➤ YN0086: │ Some peer dependencies are incorrectly met by dependencies; run yarn explain peer-requirements for details.
➤ YN0000: └ Completed
➤ YN0000: ┌ Fetch step
➤ YN0000: └ Completed in 2s 802ms
➤ YN0000: ┌ Link step
➤ YN0000: └ Completed in 0s 564ms
➤ YN0000: · Done with warnings in 3s 706ms
Environment variables loaded from .env
Prisma schema loaded from prisma/schema.prisma

✔ Generated Prisma Client (v6.7.0) to ./node_modules/.prisma/client in 150ms

Start by importing your Prisma Client (See: https://pris.ly/d/importing-client)

Tip: Curious about the SQL queries Prisma ORM generates? Optimize helps you enhance your visibility: https://pris.ly/tip-2-optimize

  ▲ Next.js 14.2.28
  - Local:        http://localhost:3000
  - Environments: .env
  - Experiments (use with caution):
    · outputFileTracingRoot

 ✓ Starting...
 ✓ Ready in 1941ms
 ○ Compiling / ...
 ✓ Compiled / in 4.8s (1657 modules)
 GET / 200 in 5333ms
 ✓ Compiled in 626ms (709 modules)
 GET / 200 in 50ms
 ○ Compiling /api/auth/[...nextauth] ...
 ✓ Compiled /api/auth/[...nextauth] in 1331ms (945 modules)
 GET /api/auth/session 200 in 1876ms
 GET /api/auth/session 200 in 25ms
 GET /api/auth/providers 200 in 32ms
 GET /api/auth/csrf 200 in 16ms
 POST /api/auth/callback/credentials 200 in 25ms
 GET / 200 in 93ms
 GET /api/auth/session 200 in 27ms
 GET /api/auth/session 200 in 16ms
 ○ Compiling /auth/signin ...
 ✓ Compiled /auth/signin in 837ms (1666 modules)
 GET /api/auth/providers 200 in 34ms
 GET /api/auth/csrf 200 in 16ms
 POST /api/auth/callback/credentials 200 in 26ms
 GET /api/auth/session 200 in 16ms
 ○ Compiling /dashboard ...
 ✓ Compiled /dashboard in 521ms (1685 modules)
 GET /dashboard?_rsc=3y0gy 200 in 25ms
 GET / 200 in 124ms
 ○ Compiling /_not-found ...
 ✓ Compiled /_not-found in 570ms (1660 modules)
 HEAD / 404 in 715ms
[?25h
