  ▲ Next.js 14.2.28
  - Local:        http://localhost:3000
  - Environments: .env
  - Experiments (use with caution):
    · outputFileTracingRoot

 ✓ Starting...
 ✓ Ready in 1608ms
 ✓ Compiled /middleware in 263ms (164 modules)
 ○ Compiling / ...
 ✓ Compiled / in 2.4s (1339 modules)
 GET / 200 in 2921ms
 GET / 200 in 2924ms
 ✓ Compiled in 569ms (675 modules)
 GET / 200 in 39ms
 ✓ Compiled /api/auth/me in 294ms (695 modules)
 ✓ Compiled (784 modules)
 GET /api/auth/me 401 in 714ms
 GET /api/auth/me 401 in 15ms
 GET /api/companies 200 in 829ms
 GET /api/companies 200 in 15ms
 GET /api/companies 200 in 15ms
 GET /api/companies 200 in 16ms
 GET /api/companies 200 in 16ms
 GET /api/companies 200 in 16ms
 GET /api/companies 200 in 16ms
 GET /api/companies 200 in 16ms
 GET / 200 in 112ms
 GET / 200 in 29ms
 GET / 200 in 27ms
 GET /api/companies 200 in 20ms
 GET /api/auth/me 401 in 19ms
 GET /api/companies 200 in 19ms
 GET /api/auth/me 401 in 18ms
 GET /api/companies 200 in 15ms
 GET /api/companies 200 in 15ms
 GET /api/companies 200 in 16ms
 GET /api/companies 200 in 16ms
 GET /api/companies 200 in 16ms
 GET /api/companies 200 in 17ms
 ✓ Compiled in 713ms (1339 modules)
[?25h
