➤ YN0000: · Yarn 4.9.2
➤ YN0000: ┌ Resolution step
➤ YN0085: │ + @playwright/test@npm:1.53.1, @testing-library/dom@npm:10.4.0, @testing-library/jest-dom@npm:6.6.3, @testing-library/react@npm:16.3.0, and 237 more.
➤ YN0000: └ Completed in 1s 90ms
➤ YN0000: ┌ Post-resolution validation
➤ YN0060: │ @typescript-eslint/parser is listed by your project with version 7.0.0 (p6cb6c), which doesn't satisfy what @typescript-eslint/eslint-plugin requests (^6.0.0-alpha).
➤ YN0060: │ eslint is listed by your project with version 9.24.0 (pe6e00), which doesn't satisfy what @typescript-eslint/eslint-plugin and other dependencies request (^8.57.0).
➤ YN0086: │ Some peer dependencies are incorrectly met by your project; run yarn explain peer-requirements <hash> for details, where <hash> is the six-letter p-prefixed code.
➤ YN0086: │ Some peer dependencies are incorrectly met by dependencies; run yarn explain peer-requirements for details.
➤ YN0000: └ Completed
➤ YN0000: ┌ Fetch step
➤ YN0013: │ A package was added to the project (+ 2.03 MiB).
➤ YN0000: └ Completed in 3s 733ms
➤ YN0000: ┌ Link step
➤ YN0000: └ Completed in 2s 28ms
➤ YN0000: · Done with warnings in 7s 58ms
Environment variables loaded from .env
Prisma schema loaded from prisma/schema.prisma

✔ Generated Prisma Client (v6.7.0) to ./node_modules/.prisma/client in 144ms

Start by importing your Prisma Client (See: https://pris.ly/d/importing-client)

Tip: Easily identify and fix slow SQL queries in your app. Optimize helps you enhance your visibility: https://pris.ly/--optimize

  ▲ Next.js 14.2.28
  - Local:        http://localhost:3000
  - Environments: .env
  - Experiments (use with caution):
    · outputFileTracingRoot

 ✓ Starting...
 ✓ Ready in 1855ms
   Reload env: .env
   Reload env: .env
   Reload env: .env
 ○ Compiling / ...
 ✓ Compiled / in 2.8s (1650 modules)
 GET / 200 in 3310ms
 GET / 200 in 3344ms
 ✓ Compiled in 655ms (709 modules)
 GET / 200 in 46ms
 ✓ Compiled /api/auth/[...nextauth] in 245ms (945 modules)
 GET /api/auth/session 200 in 686ms
 GET /api/auth/session 200 in 29ms
