  ▲ Next.js 14.2.28
  - Local:        http://localhost:3000
  - Environments: .env
  - Experiments (use with caution):
    · outputFileTracingRoot

 ✓ Starting...
 ✓ Ready in 2.4s
 ✓ Compiled /middleware in 211ms (164 modules)
 ○ Compiling / ...
 ✓ Compiled / in 2.6s (1339 modules)
 GET / 200 in 3090ms
 ✓ Compiled in 551ms (675 modules)
 GET / 200 in 134ms
 GET /?company=meta 200 in 127ms
 ○ Compiling /login ...
 ✓ Compiled /api/companies in 2.1s (1539 modules)
 GET /api/auth/me 401 in 1875ms
 GET /api/auth/me 401 in 1816ms
 GET /comprehensive?company=meta 200 in 2626ms
 GET /faq?company=meta 200 in 2572ms
 GET /login?redirect=%2Fretrospective 200 in 2539ms
 GET /stories?company=meta 200 in 2633ms
 GET /critical?company=meta 200 in 2649ms
 GET /api/auth/me 401 in 186ms
 GET /api/auth/me 401 in 185ms
 GET /api/companies 200 in 2067ms
 GET /api/companies 200 in 2062ms
 GET /api/companies 200 in 75ms
 GET /api/companies 200 in 75ms
 GET /api/companies 200 in 30ms
 GET /api/companies 200 in 32ms
 GET /api/companies 200 in 39ms
 GET /api/companies 200 in 42ms
 GET /api/companies 200 in 36ms
 GET /api/companies 200 in 52ms
 GET /api/auth/me 401 in 87ms
 ✓ Compiled /api/faqs in 300ms (837 modules)
 ✓ Compiled (845 modules)
 GET /api/auth/me 401 in 593ms
 GET /api/auth/me 401 in 591ms
 GET /api/auth/me 401 in 589ms
 GET /api/auth/me 401 in 558ms
 GET /api/auth/me 401 in 614ms
 GET /api/companies 200 in 736ms
 GET /api/auth/me 401 in 120ms
 GET /api/companies 200 in 631ms
 GET /api/companies 200 in 636ms
 GET /api/companies 200 in 781ms
 GET /api/companies 200 in 782ms
 GET /api/companies 200 in 691ms
 GET /api/companies 200 in 671ms
 GET /api/auth/me 401 in 146ms
 GET /api/auth/me 401 in 146ms
 GET /api/auth/me 401 in 145ms
 GET /api/stories 200 in 812ms
 GET /api/questions?company=meta 200 in 881ms
 GET /api/categories 200 in 883ms
 GET /api/tags 200 in 818ms
 GET /api/questions?critical=true&company=meta 200 in 761ms
 GET /api/companies 200 in 43ms
 GET /api/companies 200 in 69ms
 GET /api/faqs 200 in 756ms
 GET /api/companies 200 in 40ms
 GET /api/companies 200 in 41ms
 GET /api/companies 200 in 42ms
 GET /api/companies 200 in 44ms
 GET /api/companies 200 in 46ms
 GET /api/stories 200 in 73ms
 GET /api/questions?company=meta 200 in 83ms
 GET /api/questions?critical=true&company=meta 200 in 84ms
 GET /api/categories 200 in 87ms
 GET /api/companies 200 in 87ms
 GET /api/companies 200 in 88ms
 GET /api/companies 200 in 88ms
 GET /api/tags 200 in 100ms
 GET /api/faqs 200 in 101ms
 GET /api/companies 200 in 90ms
 GET /api/companies 200 in 92ms
 GET /api/companies 200 in 93ms
 GET /api/companies 200 in 95ms
 GET /api/companies 200 in 35ms
 GET /api/companies 200 in 36ms
 GET /api/companies 200 in 35ms
 GET /api/companies 200 in 36ms
 GET /api/companies 200 in 39ms
 GET /api/companies 200 in 24ms
 GET /api/companies 200 in 45ms
 GET /api/companies 200 in 20ms
 GET /api/companies 200 in 21ms
 GET /login 200 in 91ms
 ○ Compiling /signup ...
 ✓ Compiled /signup in 783ms (1559 modules)
 ✓ Compiled in 1ms (851 modules)
 ✓ Compiled in 0ms (851 modules)
 ✓ Compiled in 1ms (851 modules)
 GET /api/auth/me 401 in 806ms
 GET /comprehensive?redirect=%2Fretrospective&company=meta 200 in 1552ms
 GET /critical?redirect=%2Fretrospective&company=meta 200 in 1552ms
 GET /stories?redirect=%2Fretrospective&company=meta 200 in 1552ms
 GET /faq?redirect=%2Fretrospective&company=meta 200 in 1547ms
 GET /?redirect=%2Fretrospective&company=meta 200 in 1581ms
 GET /login?redirect=%2Fretrospective 200 in 1482ms
 GET /signup 200 in 1649ms
 ✓ Compiled in 1ms (851 modules)
 GET /api/companies 200 in 1438ms
 ✓ Compiled in 1ms (851 modules)
 ✓ Compiled in 1ms (851 modules)
 ✓ Compiled in 1ms (851 modules)
 GET /api/auth/me 401 in 575ms
 GET /api/auth/me 401 in 573ms
 GET /api/auth/me 401 in 544ms
 GET /api/auth/me 401 in 1497ms
 ✓ Compiled in 1ms (851 modules)
 GET /api/companies 200 in 809ms
 GET /api/companies 200 in 835ms
 GET /api/companies 200 in 837ms
 GET /api/companies 200 in 812ms
 GET /api/companies 200 in 813ms
 GET /api/companies 200 in 802ms
 GET /api/companies 200 in 789ms
 GET /api/companies 200 in 1155ms
 GET /api/auth/me 401 in 1076ms
 GET /api/auth/me 401 in 1031ms
 GET /api/auth/me 401 in 1089ms
 GET /api/auth/me 401 in 1083ms
 GET /api/auth/me 401 in 581ms
 GET /api/auth/me 401 in 581ms
 GET /api/auth/me 401 in 581ms
 GET /api/auth/me 401 in 46ms
 GET /api/auth/me 401 in 46ms
 GET /api/auth/me 401 in 45ms
 GET /api/auth/me 401 in 45ms
 GET /api/faqs 200 in 1130ms
 GET /api/questions?company=meta 200 in 1178ms
 GET /api/faqs 200 in 29ms
 GET /api/tags 200 in 1176ms
 GET /api/questions?critical=true&company=meta 200 in 1156ms
 GET /api/categories 200 in 1212ms
 GET /api/stories 200 in 1197ms
 GET /api/questions?company=meta 200 in 39ms
 GET /api/companies 200 in 210ms
 GET /api/companies 200 in 228ms
 GET /api/tags 200 in 52ms
 GET /api/companies 200 in 232ms
 GET /api/companies 200 in 232ms
 GET /api/companies 200 in 242ms
 GET /api/companies 200 in 243ms
 GET /api/companies 200 in 244ms
 GET /api/companies 200 in 244ms
 GET /api/questions?critical=true&company=meta 200 in 80ms
 GET /api/categories 200 in 99ms
 GET /api/stories 200 in 94ms
 GET /api/companies 200 in 52ms
 GET /api/companies 200 in 52ms
 GET /api/companies 200 in 53ms
 GET /api/companies 200 in 54ms
 GET /api/companies 200 in 55ms
 GET /api/companies 200 in 56ms
 GET /api/companies 200 in 67ms
 GET /api/companies 200 in 67ms
 GET /api/companies 200 in 43ms
 GET /api/companies 200 in 44ms
 GET /api/companies 200 in 45ms
 GET /api/companies 200 in 46ms
 GET /api/companies 200 in 47ms
 GET /api/companies 200 in 47ms
 GET /api/companies 200 in 77ms
 GET /api/companies 200 in 29ms
 GET /api/companies 200 in 30ms
 GET /api/companies 200 in 38ms
 GET /api/companies 200 in 26ms
 GET /api/companies 200 in 28ms
 GET /api/companies 200 in 37ms
 GET /api/companies 200 in 25ms
 GET /api/companies 200 in 17ms
 GET /critical?company=meta 200 in 47ms
 GET /comprehensive?company=meta 200 in 164ms
 GET /comprehensive?redirect=/retrospective&company=meta 200 in 166ms
 GET /stories?company=meta 200 in 191ms
 GET /stories?redirect=/retrospective&company=meta 200 in 191ms
 GET /login 200 in 200ms
 GET /faq?redirect=/retrospective&company=meta 200 in 199ms
 GET / 200 in 199ms
 GET /?redirect=/retrospective&company=meta 200 in 200ms
 GET /critical?redirect=/retrospective&company=meta 200 in 199ms
 GET /login?redirect=/retrospective 200 in 196ms
 GET /faq?company=meta 200 in 55ms
 GET /signup 200 in 83ms
 GET /?company=meta 200 in 88ms
 GET /critical?company=meta 200 in 91ms
 GET /login?redirect=/retrospective 200 in 94ms
 GET /api/auth/me 401 in 21ms
 GET /api/companies 200 in 37ms
 GET /api/auth/me 401 in 33ms
 GET /api/questions?critical=true&company=meta 200 in 37ms
 GET /api/companies 200 in 23ms
 GET /api/questions?critical=true&company=meta 200 in 18ms
 GET /api/companies 200 in 19ms
 GET /api/companies 200 in 16ms
 GET /api/companies 200 in 16ms
 GET /api/companies 200 in 19ms
 GET /comprehensive?company=meta 200 in 46ms
 GET /api/companies 200 in 176ms
 GET /api/auth/me 401 in 183ms
 GET /api/questions?company=meta 200 in 103ms
 GET /api/categories 200 in 106ms
 GET /api/auth/me 401 in 74ms
 GET /api/companies 200 in 38ms
 GET /api/questions?company=meta 200 in 26ms
 GET /api/categories 200 in 37ms
 GET /api/companies 200 in 22ms
 GET /api/companies 200 in 54ms
 GET /api/companies 200 in 71ms
 GET /api/companies 200 in 30ms
 GET /critical?company=meta 200 in 40ms
 GET /api/auth/me 401 in 51ms
 GET /api/companies 200 in 84ms
 GET /api/auth/me 401 in 61ms
 GET /api/questions?critical=true&company=meta 200 in 74ms
 GET /api/companies 200 in 32ms
 GET /api/questions?critical=true&company=meta 200 in 41ms
 GET /api/companies 200 in 35ms
 GET /api/companies 200 in 39ms
 GET /api/companies 200 in 48ms
 GET /api/companies 200 in 52ms
 GET /comprehensive 200 in 32ms
 GET /api/auth/me 401 in 92ms
 GET /api/companies 200 in 112ms
 GET /api/categories 200 in 122ms
 GET /api/questions? 200 in 143ms
 GET /api/auth/me 401 in 72ms
 GET /api/companies 200 in 73ms
 GET /api/categories 200 in 88ms
 GET /api/questions? 200 in 94ms
 GET /api/companies 200 in 26ms
 GET /api/companies 200 in 24ms
 GET /api/companies 200 in 23ms
 GET /api/companies 200 in 23ms
[?25h
