  ▲ Next.js 14.2.28
  - Local:        http://localhost:3000
  - Environments: .env
  - Experiments (use with caution):
    · outputFileTracingRoot

 ✓ Starting...
 ✓ Ready in 1316ms
 ○ Compiling / ...
 ✓ Compiled / in 4s (1650 modules)
 GET / 200 in 4604ms
 ✓ Compiled in 647ms (709 modules)
 ○ Compiling /api/auth/[...nextauth] ...
 ✓ Compiled /api/auth/[...nextauth] in 1595ms (945 modules)
 GET /api/auth/session 200 in 2018ms
 GET /api/auth/session 200 in 31ms
 ○ Compiling /auth/signup ...
 ✓ Compiled /auth/signup in 856ms (1676 modules)
 GET / 200 in 1035ms
 GET /auth/signin 200 in 1060ms
 GET /auth/signup 200 in 1061ms
 GET /api/auth/session 200 in 63ms
 GET /api/auth/session 200 in 57ms
 GET /api/auth/session 200 in 63ms
 GET /api/auth/session 200 in 37ms
 GET /api/auth/session 200 in 37ms
 GET /api/auth/session 200 in 32ms
 GET / 200 in 46ms
 GET /auth/signup 200 in 55ms
 GET /auth/signin 200 in 57ms
 GET / 200 in 41ms
 GET /api/auth/session 200 in 37ms
 GET /api/auth/session 200 in 20ms
 ○ Compiling /questions ...
 ✓ Compiled /questions in 845ms (1703 modules)
 GET /api/auth/providers 200 in 911ms
 GET /questions 307 in 994ms
 GET /api/auth/csrf 200 in 90ms
 POST /api/auth/callback/credentials 200 in 36ms
 GET /auth/signin 200 in 56ms
 GET /api/auth/session 200 in 38ms
 GET /api/auth/session 200 in 20ms
 GET / 200 in 60ms
 GET /api/auth/session 200 in 32ms
 GET /api/auth/session 200 in 19ms
 GET /api/auth/providers 200 in 32ms
 GET /questions 307 in 58ms
 GET /api/auth/csrf 200 in 33ms
 POST /api/auth/callback/credentials 200 in 35ms
 GET /auth/signin 200 in 51ms
 GET /api/auth/session 200 in 30ms
 GET /api/auth/session 200 in 18ms
 ○ Compiling /_not-found ...
 ✓ Compiled /_not-found in 684ms (1701 modules)
 GET / 404 in 770ms
 GET /_next/static/css/app/layout.css?v=1750463248434 404 in 30ms
 GET /_next/static/media/e4af272ccee01ff0-s.p.woff2 404 in 58ms
 GET /_next/static/chunks/app-pages-internals.js 404 in 43ms
 GET /_next/static/chunks/app/layout.js 404 in 39ms
 GET /_next/static/chunks/main-app.js?v=1750463248434 404 in 45ms
 GET / 404 in 48ms
[?25h
