Error seeding database: PrismaClientValidationError: 
Invalid `prisma.fAQ.upsert()` invocation in
/home/ubuntu/em_interview_prep/app/.next/server/app/api/seed/route.js:416:30

  413     }
  414 ];
  415 for (const faqData of faqs){
→ 416     await prisma.fAQ.upsert({
            where: {
              question: "How should I prepare for Meta EM behavioral interviews?",
          ?   id?: String,
          ?   AND?: FAQWhereInput | FAQWhereInput[],
          ?   OR?: FAQWhereInput[],
          ?   NOT?: FAQWhereInput | FAQWhereInput[],
          ?   answer?: StringFilter | String,
          ?   category?: StringNullableFilter | String | Null,
          ?   order?: IntFilter | Int,
          ?   isPublished?: BoolFilter | Boolean,
          ?   createdAt?: DateTimeFilter | DateTime,
          ?   updatedAt?: DateTimeFilter | DateTime
            },
            update: {},
            create: {
              question: "How should I prepare for Meta EM behavioral interviews?",
              answer: "Focus on preparing 5-7 strong STAR stories that demonstrate Meta's core values. Practice articulating your leadership philosophy, and be ready to discuss specific examples of people management, cross-functional collaboration, and technical decision-making. Review Meta's values and think about how your experiences align with them.",
              category: "Preparation",
              order: 1
            }
          })

Argument `where` of type FAQWhereUniqueInput needs at least one of `id` arguments. Available options are marked with ?.
    at An (/opt/hostedapp/node/root/app/node_modules/.prisma/client/runtime/library.js:32:1363)
    at zn.handleRequestError (/opt/hostedapp/node/root/app/node_modules/.prisma/client/runtime/library.js:124:7102)
    at zn.handleAndLogRequestError (/opt/hostedapp/node/root/app/node_modules/.prisma/client/runtime/library.js:124:6784)
    at zn.request (/opt/hostedapp/node/root/app/node_modules/.prisma/client/runtime/library.js:124:6491)
    at async l (/opt/hostedapp/node/root/app/node_modules/.prisma/client/runtime/library.js:133:9778)
    at async POST (/home/ubuntu/em_interview_prep/app/.next/server/app/api/seed/route.js:416:13)
    at async /opt/hostedapp/node/root/app/node_modules/next/dist/compiled/next-server/app-route.runtime.dev.js:6:57228
    at async eT.execute (/opt/hostedapp/node/root/app/node_modules/next/dist/compiled/next-server/app-route.runtime.dev.js:6:46851)
    at async eT.handle (/opt/hostedapp/node/root/app/node_modules/next/dist/compiled/next-server/app-route.runtime.dev.js:6:58760)
    at async doRender (/opt/hostedapp/node/root/app/node_modules/next/dist/server/base-server.js:1366:42)
    at async cacheEntry.responseCache.get.routeKind (/opt/hostedapp/node/root/app/node_modules/next/dist/server/base-server.js:1588:28)
    at async DevServer.renderToResponseWithComponentsImpl (/opt/hostedapp/node/root/app/node_modules/next/dist/server/base-server.js:1496:28)
    at async DevServer.renderPageComponent (/opt/hostedapp/node/root/app/node_modules/next/dist/server/base-server.js:1924:24)
    at async DevServer.renderToResponseImpl (/opt/hostedapp/node/root/app/node_modules/next/dist/server/base-server.js:1962:32)
    at async DevServer.pipeImpl (/opt/hostedapp/node/root/app/node_modules/next/dist/server/base-server.js:922:25)
    at async NextNodeServer.handleCatchallRenderRequest (/opt/hostedapp/node/root/app/node_modules/next/dist/server/next-server.js:272:17)
    at async DevServer.handleRequestImpl (/opt/hostedapp/node/root/app/node_modules/next/dist/server/base-server.js:818:17)
    at async /opt/hostedapp/node/root/app/node_modules/next/dist/server/dev/next-dev-server.js:339:20
    at async Span.traceAsyncFn (/opt/hostedapp/node/root/app/node_modules/next/dist/trace/trace.js:154:20)
    at async DevServer.handleRequest (/opt/hostedapp/node/root/app/node_modules/next/dist/server/dev/next-dev-server.js:336:24)
    at async invokeRender (/opt/hostedapp/node/root/app/node_modules/next/dist/server/lib/router-server.js:178:21)
    at async handleRequest (/opt/hostedapp/node/root/app/node_modules/next/dist/server/lib/router-server.js:355:24)
    at async requestHandlerImpl (/opt/hostedapp/node/root/app/node_modules/next/dist/server/lib/router-server.js:379:13)
    at async Server.requestListener (/opt/hostedapp/node/root/app/node_modules/next/dist/server/lib/start-server.js:141:13) {
  clientVersion: '6.7.0'
}
