➤ YN0000: · Yarn 4.9.2
➤ YN0000: ┌ Resolution step
➤ YN0085: │ + @playwright/test@npm:1.53.1, playwright@npm:1.53.1, fsevents@npm:2.3.2, and 2 more.
➤ YN0000: └ Completed in 0s 375ms
➤ YN0000: ┌ Post-resolution validation
➤ YN0060: │ @typescript-eslint/parser is listed by your project with version 7.0.0 (p6cb6c), which doesn't satisfy what @typescript-eslint/eslint-plugin requests (^6.0.0-alpha).
➤ YN0060: │ eslint is listed by your project with version 9.24.0 (pe6e00), which doesn't satisfy what @typescript-eslint/eslint-plugin and other dependencies request (^8.57.0).
➤ YN0002: │ app@workspace:. doesn't provide prettier (pd88b5), requested by eslint-plugin-prettier.
➤ YN0086: │ Some peer dependencies are incorrectly met by your project; run yarn explain peer-requirements <hash> for details, where <hash> is the six-letter p-prefixed code.
➤ YN0086: │ Some peer dependencies are incorrectly met by dependencies; run yarn explain peer-requirements for details.
➤ YN0000: └ Completed
➤ YN0000: ┌ Fetch step
➤ YN0000: └ Completed in 2s 855ms
➤ YN0000: ┌ Link step
➤ YN0000: └ Completed in 0s 651ms
➤ YN0000: · Done with warnings in 4s 52ms
Environment variables loaded from .env
Prisma schema loaded from prisma/schema.prisma

✔ Generated Prisma Client (v6.7.0) to ./node_modules/.prisma/client in 146ms

Start by importing your Prisma Client (See: https://pris.ly/d/importing-client)

Tip: Want real-time updates to your database without manual polling? Discover how with Pulse: https://pris.ly/tip-0-pulse

  ▲ Next.js 14.2.28
  - Local:        http://localhost:3000
  - Environments: .env
  - Experiments (use with caution):
    · outputFileTracingRoot

 ✓ Starting...
 ✓ Ready in 1922ms
 ○ Compiling / ...
 ✓ Compiled / in 4.9s (1657 modules)
 GET / 200 in 5427ms
 ✓ Compiled in 617ms (709 modules)
 GET / 200 in 50ms
 ✓ Compiled /api/auth/[...nextauth] in 283ms (945 modules)
 GET /api/auth/session 200 in 725ms
 GET /api/auth/session 200 in 33ms
 GET / 200 in 101ms
 GET / 200 in 36ms
 GET / 200 in 35ms
 GET /api/auth/session 200 in 30ms
 GET /api/auth/session 200 in 21ms
 GET /api/auth/providers 200 in 41ms
 GET /api/auth/csrf 200 in 26ms
 POST /api/auth/callback/credentials 200 in 44ms
 ✓ Compiled /_not-found in 482ms (1641 modules)
 GET / 404 in 638ms
