➤ YN0000: · Yarn 4.9.2
➤ YN0000: ┌ Resolution step
➤ YN0085: │ + @playwright/test@npm:1.53.1, @testing-library/dom@npm:10.4.0, @testing-library/jest-dom@npm:6.6.3, @testing-library/react@npm:16.3.0, and 237 more.
➤ YN0000: └ Completed in 0s 887ms
➤ YN0000: ┌ Post-resolution validation
➤ YN0060: │ @typescript-eslint/parser is listed by your project with version 7.0.0 (p6cb6c), which doesn't satisfy what @typescript-eslint/eslint-plugin requests (^6.0.0-alpha).
➤ YN0060: │ eslint is listed by your project with version 9.24.0 (pe6e00), which doesn't satisfy what @typescript-eslint/eslint-plugin and other dependencies request (^8.57.0).
➤ YN0086: │ Some peer dependencies are incorrectly met by your project; run yarn explain peer-requirements <hash> for details, where <hash> is the six-letter p-prefixed code.
➤ YN0086: │ Some peer dependencies are incorrectly met by dependencies; run yarn explain peer-requirements for details.
➤ YN0000: └ Completed
➤ YN0000: ┌ Fetch step
➤ YN0000: └ Completed in 3s 245ms
➤ YN0000: ┌ Link step
➤ YN0007: │ bcrypt@npm:5.1.1 must be built because it never has been before or the last one failed
➤ YN0007: │ @prisma/engines@npm:6.7.0 must be built because it never has been before or the last one failed
➤ YN0007: │ unrs-resolver@npm:1.9.0 must be built because it never has been before or the last one failed
➤ YN0007: │ esbuild@npm:0.25.5 must be built because it never has been before or the last one failed
➤ YN0007: │ unrs-resolver@npm:1.9.1 must be built because it never has been before or the last one failed
➤ YN0007: │ es5-ext@npm:0.10.64 must be built because it never has been before or the last one failed
➤ YN0007: │ prisma@npm:6.7.0 [0460f] must be built because it never has been before or the last one failed
➤ YN0007: │ @prisma/client@npm:6.7.0 [0460f] must be built because it never has been before or the last one failed
➤ YN0000: └ Completed in 4m 38s
➤ YN0000: · Done with warnings in 4m 42s
Environment variables loaded from .env
Prisma schema loaded from prisma/schema.prisma

✔ Generated Prisma Client (v6.7.0) to ./node_modules/.prisma/client in 454ms

Start by importing your Prisma Client (See: https://pris.ly/d/importing-client)

Tip: Easily identify and fix slow SQL queries in your app. Optimize helps you enhance your visibility: https://pris.ly/--optimize

