  ▲ Next.js 14.2.28
  - Local:        http://localhost:3000
  - Environments: .env
  - Experiments (use with caution):
    · outputFileTracingRoot

 ✓ Starting...
 ✓ Ready in 2.2s
 ○ Compiling /middleware ...
 ✓ Compiled /middleware in 612ms (164 modules)
 ○ Compiling / ...
 ✓ Compiled / in 4.8s (1346 modules)
 GET / 200 in 5291ms
 ✓ Compiled in 631ms (675 modules)
 GET / 200 in 151ms
 ○ Compiling /api/companies ...
 ✓ Compiled /api/companies in 3.3s (781 modules)
 ✓ Compiled (784 modules)
 GET /api/auth/me 401 in 3650ms
 GET /api/companies 200 in 3724ms
 GET /api/auth/me 401 in 20ms
 GET /api/companies 200 in 19ms
 GET /api/companies 200 in 18ms
 GET /api/companies 200 in 19ms
 GET /api/companies 200 in 19ms
 GET /api/companies 200 in 18ms
 GET /api/companies 200 in 17ms
 GET /api/companies 200 in 17ms
 GET / 200 in 110ms
 GET / 200 in 28ms
 GET / 200 in 32ms
 GET /api/auth/me 401 in 18ms
 GET /api/companies 200 in 23ms
 GET /api/auth/me 401 in 14ms
 GET /api/companies 200 in 15ms
 GET /api/companies 200 in 16ms
 GET /api/companies 200 in 15ms
 GET /api/companies 200 in 14ms
 GET /api/companies 200 in 14ms
 GET /api/companies 200 in 15ms
 GET /api/companies 200 in 15ms
 ✓ Compiled in 294ms (828 modules)
 ✓ Compiled in 80ms (164 modules)
 ✓ Compiled in 70ms (164 modules)
 ✓ Compiled in 71ms (164 modules)
 ✓ Compiled in 426ms (675 modules)
 ✓ Compiled in 715ms (1503 modules)
 ✓ Compiled in 256ms (675 modules)
 ✓ Compiled in 251ms (675 modules)
 ✓ Compiled in 305ms (675 modules)
 ✓ Compiled in 310ms (675 modules)
 ✓ Compiled in 273ms (675 modules)
 ✓ Compiled in 266ms (675 modules)
 ✓ Compiled in 260ms (675 modules)
 ✓ Compiled in 281ms (675 modules)
 ✓ Compiled in 319ms (675 modules)
 ✓ Compiled in 269ms (675 modules)
 ✓ Compiled in 895ms (1503 modules)
 ✓ Compiled in 251ms (675 modules)
 ✓ Compiled in 236ms (675 modules)
 ✓ Compiled in 339ms (675 modules)
 ✓ Compiled in 273ms (675 modules)
 ✓ Compiled in 277ms (675 modules)
 ✓ Compiled in 752ms (1503 modules)
 ✓ Compiled in 919ms (1339 modules)
 ✓ Compiled in 408ms (1339 modules)
 ✓ Compiled in 419ms (1341 modules)
 ✓ Compiled in 486ms (1341 modules)
 ✓ Compiled in 392ms (1341 modules)
 ✓ Compiled in 331ms (676 modules)
 ✓ Compiled in 315ms (676 modules)
 ✓ Compiled in 240ms (676 modules)
 ✓ Compiled in 241ms (676 modules)
 ✓ Compiled in 255ms (676 modules)
 ✓ Compiled in 294ms (676 modules)
 ✓ Compiled in 240ms (676 modules)
 ✓ Compiled in 252ms (676 modules)
[?25h
