  ▲ Next.js 14.2.28
  - Local:        http://localhost:3000
  - Environments: .env
  - Experiments (use with caution):
    · outputFileTracingRoot

 ✓ Starting...
 ✓ Ready in 1540ms
 ○ Compiling / ...
 ✓ Compiled / in 2.6s (1650 modules)
 GET / 200 in 3166ms
 GET / 200 in 2924ms
 GET / 200 in 3186ms
 ✓ Compiled in 694ms (709 modules)
 GET / 200 in 54ms
 ✓ Compiled /api/auth/[...nextauth] in 244ms (945 modules)
 GET /api/auth/session 200 in 433ms
 GET /api/auth/session 200 in 673ms
 GET /api/auth/session 200 in 27ms
 GET /api/auth/session 200 in 28ms
 GET / 200 in 106ms
 ○ Compiling /auth/signup ...
 ✓ Compiled /auth/signup in 1483ms (1676 modules)
 GET /api/auth/session 200 in 916ms
 GET /auth/signup 200 in 1684ms
 GET /auth/signin 200 in 1690ms
 GET /api/auth/session 200 in 29ms
 GET /api/auth/session 200 in 40ms
 GET /api/auth/session 200 in 21ms
 GET /api/auth/session 200 in 29ms
 GET /api/auth/session 200 in 22ms
 GET /auth/signin 200 in 87ms
 GET / 200 in 89ms
 GET /auth/signup 200 in 91ms
 GET / 200 in 30ms
 GET / 200 in 28ms
 GET / 200 in 30ms
 GET / 200 in 30ms
 GET /api/auth/session 200 in 33ms
 GET /api/auth/session 200 in 18ms
 GET / 200 in 38ms
 GET / 200 in 33ms
 GET / 200 in 32ms
 GET /api/auth/session 200 in 31ms
 GET /api/auth/session 200 in 20ms
