  ▲ Next.js 14.2.28
  - Local:        http://localhost:3000
  - Environments: .env
  - Experiments (use with caution):
    · outputFileTracingRoot

 ✓ Starting...
 ✓ Ready in 2.1s
 ○ Compiling /middleware ...
 ✓ Compiled /middleware in 523ms (164 modules)
 ○ Compiling / ...
 ✓ Compiled / in 4.2s (1340 modules)
 GET / 200 in 4656ms
 GET / 200 in 4658ms
 ✓ Compiled in 642ms (672 modules)
 GET / 200 in 75ms
 ○ Compiling /api/companies ...
 ✓ Compiled /api/companies in 2.7s (778 modules)
 ✓ Compiled (781 modules)
 GET /api/auth/me 401 in 3018ms
 GET /api/companies?slug=meta 200 in 3110ms
 GET /api/companies 200 in 3137ms
 GET /api/auth/me 401 in 17ms
 GET /api/companies?slug=meta 200 in 24ms
 GET /api/companies 200 in 25ms
 GET /api/companies 200 in 17ms
 GET /api/companies 200 in 16ms
 GET /api/companies 200 in 17ms
 GET /api/companies 200 in 19ms
 GET / 200 in 119ms
 GET / 200 in 30ms
 GET / 200 in 32ms
 GET /api/companies 200 in 20ms
 GET /api/auth/me 401 in 19ms
 GET /api/companies?slug=meta 200 in 15ms
 GET /api/companies 200 in 17ms
 GET /api/auth/me 401 in 18ms
 GET /api/companies?slug=meta 200 in 14ms
 GET /api/companies 200 in 15ms
 GET /api/companies 200 in 16ms
 GET /api/companies 200 in 15ms
 GET /api/companies 200 in 16ms
[?25h
