  ▲ Next.js 14.2.28
  - Local:        http://localhost:3000
  - Environments: .env
  - Experiments (use with caution):
    · outputFileTracingRoot

 ✓ Starting...
 ✓ Ready in 1579ms
 ✓ Compiled /middleware in 245ms (164 modules)
 ○ Compiling / ...
 ✓ Compiled / in 2.3s (1329 modules)
 GET / 200 in 2754ms
 GET / 200 in 2755ms
 ✓ Compiled in 517ms (670 modules)
 GET / 200 in 36ms
 ✓ Compiled /api/companies in 489ms (776 modules)
 ✓ Compiled (779 modules)
 GET /api/auth/me 401 in 774ms
 GET /api/auth/me 401 in 22ms
 GET /api/companies 200 in 872ms
 GET /api/companies 200 in 18ms
 GET /api/companies 200 in 17ms
 GET /api/companies 200 in 19ms
 GET /api/companies 200 in 18ms
 GET /api/companies 200 in 20ms
 GET /api/companies 200 in 18ms
 GET /api/companies 200 in 17ms
 GET / 200 in 119ms
 GET / 200 in 121ms
 GET / 200 in 29ms
 GET /api/auth/me 401 in 26ms
 GET /api/companies 200 in 28ms
 GET /api/auth/me 401 in 18ms
 GET /api/companies 200 in 18ms
 GET /api/companies 200 in 18ms
 GET /api/companies 200 in 18ms
 GET /api/companies 200 in 20ms
 GET /api/companies 200 in 18ms
 GET /api/companies 200 in 18ms
 GET /api/companies 200 in 19ms
 GET / 200 in 45ms
 GET / 200 in 43ms
 GET / 200 in 32ms
 GET /api/auth/me 401 in 21ms
 GET /api/companies 200 in 36ms
 GET /api/auth/me 401 in 13ms
 GET /api/companies 200 in 17ms
 GET /api/companies 200 in 20ms
 GET /api/companies 200 in 17ms
 GET /api/companies 200 in 18ms
 GET /api/companies 200 in 16ms
 GET /api/companies 200 in 16ms
 GET /api/companies 200 in 15ms
 ✓ Compiled in 461ms (670 modules)
 ✓ Compiled in 585ms (1329 modules)
 ✓ Compiled in 733ms (1339 modules)
[?25h
