  ▲ Next.js 14.2.28
  - Local:        http://localhost:3000
  - Environments: .env
  - Experiments (use with caution):
    · outputFileTracingRoot

 ✓ Starting...
 ✓ Ready in 1682ms
 ○ Compiling / ...
 ✓ Compiled / in 3.2s (1650 modules)
 GET / 200 in 3788ms
 GET / 200 in 3794ms
 ✓ Compiled in 649ms (709 modules)
 GET / 200 in 37ms
 ✓ Compiled /api/auth/[...nextauth] in 449ms (945 modules)
 GET /api/auth/session 200 in 916ms
 GET /api/auth/session 200 in 28ms
 GET / 200 in 100ms
 GET / 200 in 102ms
 GET / 200 in 32ms
 GET /api/auth/session 200 in 31ms
 GET /api/auth/session 200 in 24ms
[?25h
