  ▲ Next.js 14.2.28
  - Local:        http://localhost:3000
  - Environments: .env
  - Experiments (use with caution):
    · outputFileTracingRoot

 ✓ Starting...
 ✓ Ready in 1761ms
 ✓ Compiled /middleware in 246ms (164 modules)
 ○ Compiling / ...
 ✓ Compiled / in 2.7s (1359 modules)
 GET / 200 in 3255ms
 GET / 200 in 3257ms
 ✓ Compiled in 595ms (685 modules)
 GET / 200 in 37ms
 ○ Compiling /api/companies ...
 ✓ Compiled /api/companies in 722ms (791 modules)
 ✓ Compiled (794 modules)
 GET /api/auth/me 401 in 967ms
 GET /api/companies 401 in 973ms
 GET /api/auth/me 401 in 18ms
 GET /api/companies 401 in 19ms
 GET /api/companies 401 in 23ms
 GET /api/companies 401 in 19ms
 GET /api/companies 401 in 18ms
 GET /api/companies 401 in 16ms
 GET /api/companies 401 in 16ms
 GET /api/companies 401 in 16ms
 GET / 200 in 83ms
 GET / 200 in 32ms
 GET / 200 in 36ms
 GET /api/companies 401 in 27ms
 GET /api/auth/me 401 in 31ms
 GET /api/auth/me 401 in 24ms
 GET /api/companies 401 in 28ms
 GET /api/companies 401 in 16ms
 GET /api/companies 401 in 16ms
 GET /api/companies 401 in 15ms
 GET /api/companies 401 in 16ms
 GET /api/companies 401 in 16ms
 GET /api/companies 401 in 16ms
 GET / 200 in 36ms
 GET / 200 in 32ms
 GET / 200 in 30ms
 GET /api/auth/me 401 in 23ms
 GET /api/companies 401 in 25ms
 GET /api/auth/me 401 in 21ms
 GET /api/companies 401 in 20ms
 GET /api/companies 401 in 21ms
 GET /api/companies 401 in 22ms
 GET /api/companies 401 in 20ms
 GET /api/companies 401 in 23ms
 GET /api/companies 401 in 22ms
 GET /api/companies 401 in 18ms
[?25h
