  ▲ Next.js 14.2.28
  - Local:        http://localhost:3000
  - Environments: .env
  - Experiments (use with caution):
    · outputFileTracingRoot

 ✓ Starting...
Attention: Next.js now collects completely anonymous telemetry regarding usage.
This information is used to shape Next.js' roadmap and prioritize features.
You can learn more, including how to opt-out if you'd not like to participate in this anonymous program, by visiting the following URL:
https://nextjs.org/telemetry

 ✓ Ready in 1281ms
 ○ Compiling / ...
 ✓ Compiled / in 4.1s (1287 modules)
 GET / 200 in 4707ms
 ✓ Compiled in 564ms (633 modules)
 GET / 200 in 135ms
 ○ Compiling /critical ...
 ✓ Compiled /critical in 2.8s (1394 modules)
 GET /comprehensive?company=meta 200 in 2974ms
 GET /comprehensive 200 in 3022ms
 GET /critical 200 in 2984ms
 GET /stories 200 in 2999ms
 GET /faq 200 in 2999ms
 ✓ Compiled /api/tags in 271ms (745 modules)
 ✓ Compiled (755 modules)
 GET /api/tags 200 in 758ms
 GET /api/tags 200 in 15ms
 GET /api/faqs 200 in 787ms
 GET /api/categories 200 in 829ms
 GET /api/stories 200 in 798ms
 GET /api/categories 200 in 856ms
 GET /api/faqs 200 in 19ms
 GET /api/questions 200 in 863ms
 GET /api/companies 200 in 850ms
 GET /api/categories 200 in 29ms
 GET /api/questions 200 in 861ms
 GET /api/questions?critical=true 200 in 833ms
 GET /api/companies 200 in 883ms
 GET /api/stories 200 in 36ms
 GET /api/categories 200 in 48ms
 GET /api/questions 200 in 39ms
 GET /api/companies 200 in 40ms
 GET /api/questions 200 in 43ms
 GET /api/questions?critical=true 200 in 44ms
 GET /api/companies 200 in 48ms
 GET /comprehensive?company=meta 200 in 118ms
 GET /critical 200 in 130ms
 GET /comprehensive 200 in 129ms
 GET / 200 in 132ms
 GET /faq 200 in 138ms
 GET /stories 200 in 140ms
 ✓ Compiled /api/seed in 171ms (757 modules)
 POST /api/seed 500 in 345ms
 GET / 200 in 95ms
 GET /comprehensive 200 in 37ms
 GET /api/companies 200 in 152ms
 GET /api/questions 200 in 173ms
 GET /api/categories 200 in 177ms
 GET /api/companies 200 in 21ms
 GET /api/questions 200 in 25ms
 GET /api/categories 200 in 23ms
 GET /critical 200 in 33ms
 GET /api/questions?critical=true 200 in 27ms
 GET /api/questions?critical=true 200 in 21ms
 GET /api/questions 200 in 19ms
 GET /api/questions?critical=true 200 in 18ms
 ✓ Compiled in 538ms (1416 modules)
 ✓ Compiled in 339ms (692 modules)
 ✓ Compiled in 626ms (1424 modules)
 ✓ Compiled in 537ms (1393 modules)
[?25h
