  ▲ Next.js 14.2.28
  - Local:        http://localhost:3000
  - Environments: .env
  - Experiments (use with caution):
    · outputFileTracingRoot

 ✓ Starting...
 ✓ Ready in 1594ms
 ○ Compiling / ...
 ✓ Compiled / in 3s (1650 modules)
 GET / 200 in 3569ms
 GET / 200 in 3552ms
 ✓ Compiled in 632ms (709 modules)
 GET / 200 in 43ms
 ✓ Compiled /api/auth/[...nextauth] in 277ms (945 modules)
 GET /api/auth/session 200 in 691ms
 GET /api/auth/session 200 in 31ms
 GET / 200 in 127ms
 GET / 200 in 33ms
 GET / 200 in 33ms
 GET /api/auth/session 200 in 31ms
 GET /api/auth/session 200 in 20ms
