  ▲ Next.js 14.2.28
  - Local:        http://localhost:3000
  - Environments: .env
  - Experiments (use with caution):
    · outputFileTracingRoot

 ✓ Starting...
 ✓ Ready in 2.3s
 ○ Compiling / ...
 ✓ Compiled / in 6.5s (1657 modules)
 GET / 200 in 7073ms
 ✓ Compiled in 677ms (709 modules)
 ○ Compiling /api/auth/[...nextauth] ...
 ✓ Compiled /api/auth/[...nextauth] in 2.4s (945 modules)
 GET / 200 in 2067ms
 GET /api/auth/session 200 in 3246ms
 POST /api/auth/_log 200 in 43ms
 POST /api/auth/_log 200 in 38ms
 GET / 200 in 35ms
 GET /api/auth/session 200 in 36ms
 GET /api/auth/session 200 in 20ms
 GET / 200 in 40ms
 GET / 200 in 143ms
 GET / 200 in 247ms
 GET /api/auth/session 200 in 95ms
 GET / 200 in 60ms
 GET / 200 in 60ms
 POST /api/auth/_log 200 in 24ms
 POST /api/auth/_log 200 in 34ms
 GET / 200 in 40ms
 GET / 200 in 52ms
 GET /api/auth/session 200 in 37ms
 GET /api/auth/session 200 in 26ms
 GET /api/auth/session 200 in 18ms
 GET /api/auth/session 200 in 26ms
 GET / 200 in 36ms
 GET / 200 in 34ms
 GET / 200 in 30ms
 GET /api/auth/session 200 in 31ms
 GET /api/auth/session 200 in 20ms
