Error fetching stories: Error: Authentication required
    at requireAuth (/home/ubuntu/em_interview_prep/app/.next/server/app/api/auth/me/route.js:311:15)
    at GET (/home/ubuntu/em_interview_prep/app/.next/server/app/api/stories/route.js:190:80)
    at /opt/hostedapp/node/root/app/node_modules/next/dist/compiled/next-server/app-route.runtime.dev.js:6:57234
    at /opt/hostedapp/node/root/app/node_modules/next/dist/server/lib/trace/tracer.js:140:36
    at NoopContextManager.with (/opt/hostedapp/node/root/app/node_modules/next/dist/compiled/@opentelemetry/api/index.js:1:7062)
    at ContextAPI.with (/opt/hostedapp/node/root/app/node_modules/next/dist/compiled/@opentelemetry/api/index.js:1:518)
    at NoopTracer.startActiveSpan (/opt/hostedapp/node/root/app/node_modules/next/dist/compiled/@opentelemetry/api/index.js:1:18093)
    at ProxyTracer.startActiveSpan (/opt/hostedapp/node/root/app/node_modules/next/dist/compiled/@opentelemetry/api/index.js:1:18854)
    at /opt/hostedapp/node/root/app/node_modules/next/dist/server/lib/trace/tracer.js:122:103
    at NoopContextManager.with (/opt/hostedapp/node/root/app/node_modules/next/dist/compiled/@opentelemetry/api/index.js:1:7062)
    at ContextAPI.with (/opt/hostedapp/node/root/app/node_modules/next/dist/compiled/@opentelemetry/api/index.js:1:518)
    at NextTracerImpl.trace (/opt/hostedapp/node/root/app/node_modules/next/dist/server/lib/trace/tracer.js:122:28)
    at /opt/hostedapp/node/root/app/node_modules/next/dist/compiled/next-server/app-route.runtime.dev.js:6:48896
    at AsyncLocalStorage.run (node:internal/async_local_storage/async_hooks:91:14)
    at Object.wrap (/opt/hostedapp/node/root/app/node_modules/next/dist/compiled/next-server/app-route.runtime.dev.js:6:40958)
    at /opt/hostedapp/node/root/app/node_modules/next/dist/compiled/next-server/app-route.runtime.dev.js:6:47472
    at AsyncLocalStorage.run (node:internal/async_local_storage/async_hooks:91:14)
    at Object.wrap (/opt/hostedapp/node/root/app/node_modules/next/dist/compiled/next-server/app-route.runtime.dev.js:6:38293)
    at /opt/hostedapp/node/root/app/node_modules/next/dist/compiled/next-server/app-route.runtime.dev.js:6:47434
    at AsyncLocalStorage.run (node:internal/async_local_storage/async_hooks:91:14)
    at eT.execute (/opt/hostedapp/node/root/app/node_modules/next/dist/compiled/next-server/app-route.runtime.dev.js:6:46881)
    at eT.handle (/opt/hostedapp/node/root/app/node_modules/next/dist/compiled/next-server/app-route.runtime.dev.js:6:58771)
    at doRender (/opt/hostedapp/node/root/app/node_modules/next/dist/server/base-server.js:1366:60)
    at cacheEntry.responseCache.get.routeKind (/opt/hostedapp/node/root/app/node_modules/next/dist/server/base-server.js:1588:34)
    at ResponseCache.get (/opt/hostedapp/node/root/app/node_modules/next/dist/server/response-cache/index.js:49:26)
    at DevServer.renderToResponseWithComponentsImpl (/opt/hostedapp/node/root/app/node_modules/next/dist/server/base-server.js:1496:53)
    at /opt/hostedapp/node/root/app/node_modules/next/dist/server/base-server.js:1014:121
    at NextTracerImpl.trace (/opt/hostedapp/node/root/app/node_modules/next/dist/server/lib/trace/tracer.js:105:20)
    at DevServer.renderToResponseWithComponents (/opt/hostedapp/node/root/app/node_modules/next/dist/server/base-server.js:1014:41)
    at DevServer.renderPageComponent (/opt/hostedapp/node/root/app/node_modules/next/dist/server/base-server.js:1924:35)
    at async DevServer.renderToResponseImpl (/opt/hostedapp/node/root/app/node_modules/next/dist/server/base-server.js:1962:32)
    at async DevServer.pipeImpl (/opt/hostedapp/node/root/app/node_modules/next/dist/server/base-server.js:922:25)
    at async NextNodeServer.handleCatchallRenderRequest (/opt/hostedapp/node/root/app/node_modules/next/dist/server/next-server.js:272:17)
    at async DevServer.handleRequestImpl (/opt/hostedapp/node/root/app/node_modules/next/dist/server/base-server.js:818:17)
    at async /opt/hostedapp/node/root/app/node_modules/next/dist/server/dev/next-dev-server.js:339:20
    at async Span.traceAsyncFn (/opt/hostedapp/node/root/app/node_modules/next/dist/trace/trace.js:154:20)
    at async DevServer.handleRequest (/opt/hostedapp/node/root/app/node_modules/next/dist/server/dev/next-dev-server.js:336:24)
    at async invokeRender (/opt/hostedapp/node/root/app/node_modules/next/dist/server/lib/router-server.js:178:21)
    at async handleRequest (/opt/hostedapp/node/root/app/node_modules/next/dist/server/lib/router-server.js:355:24)
    at async requestHandlerImpl (/opt/hostedapp/node/root/app/node_modules/next/dist/server/lib/router-server.js:379:13)
    at async Server.requestListener (/opt/hostedapp/node/root/app/node_modules/next/dist/server/lib/start-server.js:141:13)
Error fetching stories: Error: Authentication required
    at requireAuth (/home/ubuntu/em_interview_prep/app/.next/server/app/api/auth/me/route.js:311:15)
    at GET (/home/ubuntu/em_interview_prep/app/.next/server/app/api/stories/route.js:190:80)
    at /opt/hostedapp/node/root/app/node_modules/next/dist/compiled/next-server/app-route.runtime.dev.js:6:57234
    at /opt/hostedapp/node/root/app/node_modules/next/dist/server/lib/trace/tracer.js:140:36
    at NoopContextManager.with (/opt/hostedapp/node/root/app/node_modules/next/dist/compiled/@opentelemetry/api/index.js:1:7062)
    at ContextAPI.with (/opt/hostedapp/node/root/app/node_modules/next/dist/compiled/@opentelemetry/api/index.js:1:518)
    at NoopTracer.startActiveSpan (/opt/hostedapp/node/root/app/node_modules/next/dist/compiled/@opentelemetry/api/index.js:1:18093)
    at ProxyTracer.startActiveSpan (/opt/hostedapp/node/root/app/node_modules/next/dist/compiled/@opentelemetry/api/index.js:1:18854)
    at /opt/hostedapp/node/root/app/node_modules/next/dist/server/lib/trace/tracer.js:122:103
    at NoopContextManager.with (/opt/hostedapp/node/root/app/node_modules/next/dist/compiled/@opentelemetry/api/index.js:1:7062)
    at ContextAPI.with (/opt/hostedapp/node/root/app/node_modules/next/dist/compiled/@opentelemetry/api/index.js:1:518)
    at NextTracerImpl.trace (/opt/hostedapp/node/root/app/node_modules/next/dist/server/lib/trace/tracer.js:122:28)
    at /opt/hostedapp/node/root/app/node_modules/next/dist/compiled/next-server/app-route.runtime.dev.js:6:48896
    at AsyncLocalStorage.run (node:internal/async_local_storage/async_hooks:91:14)
    at Object.wrap (/opt/hostedapp/node/root/app/node_modules/next/dist/compiled/next-server/app-route.runtime.dev.js:6:40958)
    at /opt/hostedapp/node/root/app/node_modules/next/dist/compiled/next-server/app-route.runtime.dev.js:6:47472
    at AsyncLocalStorage.run (node:internal/async_local_storage/async_hooks:91:14)
    at Object.wrap (/opt/hostedapp/node/root/app/node_modules/next/dist/compiled/next-server/app-route.runtime.dev.js:6:38293)
    at /opt/hostedapp/node/root/app/node_modules/next/dist/compiled/next-server/app-route.runtime.dev.js:6:47434
    at AsyncLocalStorage.run (node:internal/async_local_storage/async_hooks:91:14)
    at eT.execute (/opt/hostedapp/node/root/app/node_modules/next/dist/compiled/next-server/app-route.runtime.dev.js:6:46881)
    at eT.handle (/opt/hostedapp/node/root/app/node_modules/next/dist/compiled/next-server/app-route.runtime.dev.js:6:58771)
    at doRender (/opt/hostedapp/node/root/app/node_modules/next/dist/server/base-server.js:1366:60)
    at cacheEntry.responseCache.get.routeKind (/opt/hostedapp/node/root/app/node_modules/next/dist/server/base-server.js:1588:34)
    at ResponseCache.get (/opt/hostedapp/node/root/app/node_modules/next/dist/server/response-cache/index.js:49:26)
    at DevServer.renderToResponseWithComponentsImpl (/opt/hostedapp/node/root/app/node_modules/next/dist/server/base-server.js:1496:53)
    at /opt/hostedapp/node/root/app/node_modules/next/dist/server/base-server.js:1014:121
    at NextTracerImpl.trace (/opt/hostedapp/node/root/app/node_modules/next/dist/server/lib/trace/tracer.js:105:20)
    at DevServer.renderToResponseWithComponents (/opt/hostedapp/node/root/app/node_modules/next/dist/server/base-server.js:1014:41)
    at DevServer.renderPageComponent (/opt/hostedapp/node/root/app/node_modules/next/dist/server/base-server.js:1924:35)
    at async DevServer.renderToResponseImpl (/opt/hostedapp/node/root/app/node_modules/next/dist/server/base-server.js:1962:32)
    at async DevServer.pipeImpl (/opt/hostedapp/node/root/app/node_modules/next/dist/server/base-server.js:922:25)
    at async NextNodeServer.handleCatchallRenderRequest (/opt/hostedapp/node/root/app/node_modules/next/dist/server/next-server.js:272:17)
    at async DevServer.handleRequestImpl (/opt/hostedapp/node/root/app/node_modules/next/dist/server/base-server.js:818:17)
    at async /opt/hostedapp/node/root/app/node_modules/next/dist/server/dev/next-dev-server.js:339:20
    at async Span.traceAsyncFn (/opt/hostedapp/node/root/app/node_modules/next/dist/trace/trace.js:154:20)
    at async DevServer.handleRequest (/opt/hostedapp/node/root/app/node_modules/next/dist/server/dev/next-dev-server.js:336:24)
    at async invokeRender (/opt/hostedapp/node/root/app/node_modules/next/dist/server/lib/router-server.js:178:21)
    at async handleRequest (/opt/hostedapp/node/root/app/node_modules/next/dist/server/lib/router-server.js:355:24)
    at async requestHandlerImpl (/opt/hostedapp/node/root/app/node_modules/next/dist/server/lib/router-server.js:379:13)
    at async Server.requestListener (/opt/hostedapp/node/root/app/node_modules/next/dist/server/lib/start-server.js:141:13)
Error fetching stories: Error: Authentication required
    at requireAuth (/home/ubuntu/em_interview_prep/app/.next/server/app/api/auth/me/route.js:311:15)
    at GET (/home/ubuntu/em_interview_prep/app/.next/server/app/api/stories/route.js:190:80)
    at /opt/hostedapp/node/root/app/node_modules/next/dist/compiled/next-server/app-route.runtime.dev.js:6:57234
    at /opt/hostedapp/node/root/app/node_modules/next/dist/server/lib/trace/tracer.js:140:36
    at NoopContextManager.with (/opt/hostedapp/node/root/app/node_modules/next/dist/compiled/@opentelemetry/api/index.js:1:7062)
    at ContextAPI.with (/opt/hostedapp/node/root/app/node_modules/next/dist/compiled/@opentelemetry/api/index.js:1:518)
    at NoopTracer.startActiveSpan (/opt/hostedapp/node/root/app/node_modules/next/dist/compiled/@opentelemetry/api/index.js:1:18093)
    at ProxyTracer.startActiveSpan (/opt/hostedapp/node/root/app/node_modules/next/dist/compiled/@opentelemetry/api/index.js:1:18854)
    at /opt/hostedapp/node/root/app/node_modules/next/dist/server/lib/trace/tracer.js:122:103
    at NoopContextManager.with (/opt/hostedapp/node/root/app/node_modules/next/dist/compiled/@opentelemetry/api/index.js:1:7062)
    at ContextAPI.with (/opt/hostedapp/node/root/app/node_modules/next/dist/compiled/@opentelemetry/api/index.js:1:518)
    at NextTracerImpl.trace (/opt/hostedapp/node/root/app/node_modules/next/dist/server/lib/trace/tracer.js:122:28)
    at /opt/hostedapp/node/root/app/node_modules/next/dist/compiled/next-server/app-route.runtime.dev.js:6:48896
    at AsyncLocalStorage.run (node:internal/async_local_storage/async_hooks:91:14)
    at Object.wrap (/opt/hostedapp/node/root/app/node_modules/next/dist/compiled/next-server/app-route.runtime.dev.js:6:40958)
    at /opt/hostedapp/node/root/app/node_modules/next/dist/compiled/next-server/app-route.runtime.dev.js:6:47472
    at AsyncLocalStorage.run (node:internal/async_local_storage/async_hooks:91:14)
    at Object.wrap (/opt/hostedapp/node/root/app/node_modules/next/dist/compiled/next-server/app-route.runtime.dev.js:6:38293)
    at /opt/hostedapp/node/root/app/node_modules/next/dist/compiled/next-server/app-route.runtime.dev.js:6:47434
    at AsyncLocalStorage.run (node:internal/async_local_storage/async_hooks:91:14)
    at eT.execute (/opt/hostedapp/node/root/app/node_modules/next/dist/compiled/next-server/app-route.runtime.dev.js:6:46881)
    at eT.handle (/opt/hostedapp/node/root/app/node_modules/next/dist/compiled/next-server/app-route.runtime.dev.js:6:58771)
    at doRender (/opt/hostedapp/node/root/app/node_modules/next/dist/server/base-server.js:1366:60)
    at cacheEntry.responseCache.get.routeKind (/opt/hostedapp/node/root/app/node_modules/next/dist/server/base-server.js:1588:34)
    at ResponseCache.get (/opt/hostedapp/node/root/app/node_modules/next/dist/server/response-cache/index.js:49:26)
    at DevServer.renderToResponseWithComponentsImpl (/opt/hostedapp/node/root/app/node_modules/next/dist/server/base-server.js:1496:53)
    at /opt/hostedapp/node/root/app/node_modules/next/dist/server/base-server.js:1014:121
    at NextTracerImpl.trace (/opt/hostedapp/node/root/app/node_modules/next/dist/server/lib/trace/tracer.js:105:20)
    at DevServer.renderToResponseWithComponents (/opt/hostedapp/node/root/app/node_modules/next/dist/server/base-server.js:1014:41)
    at DevServer.renderPageComponent (/opt/hostedapp/node/root/app/node_modules/next/dist/server/base-server.js:1924:35)
    at async DevServer.renderToResponseImpl (/opt/hostedapp/node/root/app/node_modules/next/dist/server/base-server.js:1962:32)
    at async DevServer.pipeImpl (/opt/hostedapp/node/root/app/node_modules/next/dist/server/base-server.js:922:25)
    at async NextNodeServer.handleCatchallRenderRequest (/opt/hostedapp/node/root/app/node_modules/next/dist/server/next-server.js:272:17)
    at async DevServer.handleRequestImpl (/opt/hostedapp/node/root/app/node_modules/next/dist/server/base-server.js:818:17)
    at async /opt/hostedapp/node/root/app/node_modules/next/dist/server/dev/next-dev-server.js:339:20
    at async Span.traceAsyncFn (/opt/hostedapp/node/root/app/node_modules/next/dist/trace/trace.js:154:20)
    at async DevServer.handleRequest (/opt/hostedapp/node/root/app/node_modules/next/dist/server/dev/next-dev-server.js:336:24)
    at async invokeRender (/opt/hostedapp/node/root/app/node_modules/next/dist/server/lib/router-server.js:178:21)
    at async handleRequest (/opt/hostedapp/node/root/app/node_modules/next/dist/server/lib/router-server.js:355:24)
    at async requestHandlerImpl (/opt/hostedapp/node/root/app/node_modules/next/dist/server/lib/router-server.js:379:13)
    at async Server.requestListener (/opt/hostedapp/node/root/app/node_modules/next/dist/server/lib/start-server.js:141:13)
Error fetching stories: Error: Authentication required
    at requireAuth (/home/ubuntu/em_interview_prep/app/.next/server/app/api/auth/me/route.js:311:15)
    at GET (/home/ubuntu/em_interview_prep/app/.next/server/app/api/stories/route.js:190:80)
    at /opt/hostedapp/node/root/app/node_modules/next/dist/compiled/next-server/app-route.runtime.dev.js:6:57234
    at /opt/hostedapp/node/root/app/node_modules/next/dist/server/lib/trace/tracer.js:140:36
    at NoopContextManager.with (/opt/hostedapp/node/root/app/node_modules/next/dist/compiled/@opentelemetry/api/index.js:1:7062)
    at ContextAPI.with (/opt/hostedapp/node/root/app/node_modules/next/dist/compiled/@opentelemetry/api/index.js:1:518)
    at NoopTracer.startActiveSpan (/opt/hostedapp/node/root/app/node_modules/next/dist/compiled/@opentelemetry/api/index.js:1:18093)
    at ProxyTracer.startActiveSpan (/opt/hostedapp/node/root/app/node_modules/next/dist/compiled/@opentelemetry/api/index.js:1:18854)
    at /opt/hostedapp/node/root/app/node_modules/next/dist/server/lib/trace/tracer.js:122:103
    at NoopContextManager.with (/opt/hostedapp/node/root/app/node_modules/next/dist/compiled/@opentelemetry/api/index.js:1:7062)
    at ContextAPI.with (/opt/hostedapp/node/root/app/node_modules/next/dist/compiled/@opentelemetry/api/index.js:1:518)
    at NextTracerImpl.trace (/opt/hostedapp/node/root/app/node_modules/next/dist/server/lib/trace/tracer.js:122:28)
    at /opt/hostedapp/node/root/app/node_modules/next/dist/compiled/next-server/app-route.runtime.dev.js:6:48896
    at AsyncLocalStorage.run (node:internal/async_local_storage/async_hooks:91:14)
    at Object.wrap (/opt/hostedapp/node/root/app/node_modules/next/dist/compiled/next-server/app-route.runtime.dev.js:6:40958)
    at /opt/hostedapp/node/root/app/node_modules/next/dist/compiled/next-server/app-route.runtime.dev.js:6:47472
    at AsyncLocalStorage.run (node:internal/async_local_storage/async_hooks:91:14)
    at Object.wrap (/opt/hostedapp/node/root/app/node_modules/next/dist/compiled/next-server/app-route.runtime.dev.js:6:38293)
    at /opt/hostedapp/node/root/app/node_modules/next/dist/compiled/next-server/app-route.runtime.dev.js:6:47434
    at AsyncLocalStorage.run (node:internal/async_local_storage/async_hooks:91:14)
    at eT.execute (/opt/hostedapp/node/root/app/node_modules/next/dist/compiled/next-server/app-route.runtime.dev.js:6:46881)
    at eT.handle (/opt/hostedapp/node/root/app/node_modules/next/dist/compiled/next-server/app-route.runtime.dev.js:6:58771)
    at doRender (/opt/hostedapp/node/root/app/node_modules/next/dist/server/base-server.js:1366:60)
    at cacheEntry.responseCache.get.routeKind (/opt/hostedapp/node/root/app/node_modules/next/dist/server/base-server.js:1588:34)
    at ResponseCache.get (/opt/hostedapp/node/root/app/node_modules/next/dist/server/response-cache/index.js:49:26)
    at DevServer.renderToResponseWithComponentsImpl (/opt/hostedapp/node/root/app/node_modules/next/dist/server/base-server.js:1496:53)
    at /opt/hostedapp/node/root/app/node_modules/next/dist/server/base-server.js:1014:121
    at NextTracerImpl.trace (/opt/hostedapp/node/root/app/node_modules/next/dist/server/lib/trace/tracer.js:105:20)
    at DevServer.renderToResponseWithComponents (/opt/hostedapp/node/root/app/node_modules/next/dist/server/base-server.js:1014:41)
    at DevServer.renderPageComponent (/opt/hostedapp/node/root/app/node_modules/next/dist/server/base-server.js:1924:35)
    at async DevServer.renderToResponseImpl (/opt/hostedapp/node/root/app/node_modules/next/dist/server/base-server.js:1962:32)
    at async DevServer.pipeImpl (/opt/hostedapp/node/root/app/node_modules/next/dist/server/base-server.js:922:25)
    at async NextNodeServer.handleCatchallRenderRequest (/opt/hostedapp/node/root/app/node_modules/next/dist/server/next-server.js:272:17)
    at async DevServer.handleRequestImpl (/opt/hostedapp/node/root/app/node_modules/next/dist/server/base-server.js:818:17)
    at async /opt/hostedapp/node/root/app/node_modules/next/dist/server/dev/next-dev-server.js:339:20
    at async Span.traceAsyncFn (/opt/hostedapp/node/root/app/node_modules/next/dist/trace/trace.js:154:20)
    at async DevServer.handleRequest (/opt/hostedapp/node/root/app/node_modules/next/dist/server/dev/next-dev-server.js:336:24)
    at async invokeRender (/opt/hostedapp/node/root/app/node_modules/next/dist/server/lib/router-server.js:178:21)
    at async handleRequest (/opt/hostedapp/node/root/app/node_modules/next/dist/server/lib/router-server.js:355:24)
    at async requestHandlerImpl (/opt/hostedapp/node/root/app/node_modules/next/dist/server/lib/router-server.js:379:13)
    at async Server.requestListener (/opt/hostedapp/node/root/app/node_modules/next/dist/server/lib/start-server.js:141:13)
Error fetching stories: Error: Authentication required
    at requireAuth (/home/ubuntu/em_interview_prep/app/.next/server/app/api/auth/me/route.js:311:15)
    at GET (/home/ubuntu/em_interview_prep/app/.next/server/app/api/stories/route.js:190:80)
    at /opt/hostedapp/node/root/app/node_modules/next/dist/compiled/next-server/app-route.runtime.dev.js:6:57234
    at /opt/hostedapp/node/root/app/node_modules/next/dist/server/lib/trace/tracer.js:140:36
    at NoopContextManager.with (/opt/hostedapp/node/root/app/node_modules/next/dist/compiled/@opentelemetry/api/index.js:1:7062)
    at ContextAPI.with (/opt/hostedapp/node/root/app/node_modules/next/dist/compiled/@opentelemetry/api/index.js:1:518)
    at NoopTracer.startActiveSpan (/opt/hostedapp/node/root/app/node_modules/next/dist/compiled/@opentelemetry/api/index.js:1:18093)
    at ProxyTracer.startActiveSpan (/opt/hostedapp/node/root/app/node_modules/next/dist/compiled/@opentelemetry/api/index.js:1:18854)
    at /opt/hostedapp/node/root/app/node_modules/next/dist/server/lib/trace/tracer.js:122:103
    at NoopContextManager.with (/opt/hostedapp/node/root/app/node_modules/next/dist/compiled/@opentelemetry/api/index.js:1:7062)
    at ContextAPI.with (/opt/hostedapp/node/root/app/node_modules/next/dist/compiled/@opentelemetry/api/index.js:1:518)
    at NextTracerImpl.trace (/opt/hostedapp/node/root/app/node_modules/next/dist/server/lib/trace/tracer.js:122:28)
    at /opt/hostedapp/node/root/app/node_modules/next/dist/compiled/next-server/app-route.runtime.dev.js:6:48896
    at AsyncLocalStorage.run (node:internal/async_local_storage/async_hooks:91:14)
    at Object.wrap (/opt/hostedapp/node/root/app/node_modules/next/dist/compiled/next-server/app-route.runtime.dev.js:6:40958)
    at /opt/hostedapp/node/root/app/node_modules/next/dist/compiled/next-server/app-route.runtime.dev.js:6:47472
    at AsyncLocalStorage.run (node:internal/async_local_storage/async_hooks:91:14)
    at Object.wrap (/opt/hostedapp/node/root/app/node_modules/next/dist/compiled/next-server/app-route.runtime.dev.js:6:38293)
    at /opt/hostedapp/node/root/app/node_modules/next/dist/compiled/next-server/app-route.runtime.dev.js:6:47434
    at AsyncLocalStorage.run (node:internal/async_local_storage/async_hooks:91:14)
    at eT.execute (/opt/hostedapp/node/root/app/node_modules/next/dist/compiled/next-server/app-route.runtime.dev.js:6:46881)
    at eT.handle (/opt/hostedapp/node/root/app/node_modules/next/dist/compiled/next-server/app-route.runtime.dev.js:6:58771)
    at doRender (/opt/hostedapp/node/root/app/node_modules/next/dist/server/base-server.js:1366:60)
    at cacheEntry.responseCache.get.routeKind (/opt/hostedapp/node/root/app/node_modules/next/dist/server/base-server.js:1588:34)
    at ResponseCache.get (/opt/hostedapp/node/root/app/node_modules/next/dist/server/response-cache/index.js:49:26)
    at DevServer.renderToResponseWithComponentsImpl (/opt/hostedapp/node/root/app/node_modules/next/dist/server/base-server.js:1496:53)
    at /opt/hostedapp/node/root/app/node_modules/next/dist/server/base-server.js:1014:121
    at NextTracerImpl.trace (/opt/hostedapp/node/root/app/node_modules/next/dist/server/lib/trace/tracer.js:105:20)
    at DevServer.renderToResponseWithComponents (/opt/hostedapp/node/root/app/node_modules/next/dist/server/base-server.js:1014:41)
    at DevServer.renderPageComponent (/opt/hostedapp/node/root/app/node_modules/next/dist/server/base-server.js:1924:35)
    at async DevServer.renderToResponseImpl (/opt/hostedapp/node/root/app/node_modules/next/dist/server/base-server.js:1962:32)
    at async DevServer.pipeImpl (/opt/hostedapp/node/root/app/node_modules/next/dist/server/base-server.js:922:25)
    at async NextNodeServer.handleCatchallRenderRequest (/opt/hostedapp/node/root/app/node_modules/next/dist/server/next-server.js:272:17)
    at async DevServer.handleRequestImpl (/opt/hostedapp/node/root/app/node_modules/next/dist/server/base-server.js:818:17)
    at async /opt/hostedapp/node/root/app/node_modules/next/dist/server/dev/next-dev-server.js:339:20
    at async Span.traceAsyncFn (/opt/hostedapp/node/root/app/node_modules/next/dist/trace/trace.js:154:20)
    at async DevServer.handleRequest (/opt/hostedapp/node/root/app/node_modules/next/dist/server/dev/next-dev-server.js:336:24)
    at async invokeRender (/opt/hostedapp/node/root/app/node_modules/next/dist/server/lib/router-server.js:178:21)
    at async handleRequest (/opt/hostedapp/node/root/app/node_modules/next/dist/server/lib/router-server.js:355:24)
    at async requestHandlerImpl (/opt/hostedapp/node/root/app/node_modules/next/dist/server/lib/router-server.js:379:13)
    at async Server.requestListener (/opt/hostedapp/node/root/app/node_modules/next/dist/server/lib/start-server.js:141:13)
Error fetching stories: Error: Authentication required
    at requireAuth (/home/ubuntu/em_interview_prep/app/.next/server/app/api/auth/me/route.js:311:15)
    at GET (/home/ubuntu/em_interview_prep/app/.next/server/app/api/stories/route.js:190:80)
    at /opt/hostedapp/node/root/app/node_modules/next/dist/compiled/next-server/app-route.runtime.dev.js:6:57234
    at /opt/hostedapp/node/root/app/node_modules/next/dist/server/lib/trace/tracer.js:140:36
    at NoopContextManager.with (/opt/hostedapp/node/root/app/node_modules/next/dist/compiled/@opentelemetry/api/index.js:1:7062)
    at ContextAPI.with (/opt/hostedapp/node/root/app/node_modules/next/dist/compiled/@opentelemetry/api/index.js:1:518)
    at NoopTracer.startActiveSpan (/opt/hostedapp/node/root/app/node_modules/next/dist/compiled/@opentelemetry/api/index.js:1:18093)
    at ProxyTracer.startActiveSpan (/opt/hostedapp/node/root/app/node_modules/next/dist/compiled/@opentelemetry/api/index.js:1:18854)
    at /opt/hostedapp/node/root/app/node_modules/next/dist/server/lib/trace/tracer.js:122:103
    at NoopContextManager.with (/opt/hostedapp/node/root/app/node_modules/next/dist/compiled/@opentelemetry/api/index.js:1:7062)
    at ContextAPI.with (/opt/hostedapp/node/root/app/node_modules/next/dist/compiled/@opentelemetry/api/index.js:1:518)
    at NextTracerImpl.trace (/opt/hostedapp/node/root/app/node_modules/next/dist/server/lib/trace/tracer.js:122:28)
    at /opt/hostedapp/node/root/app/node_modules/next/dist/compiled/next-server/app-route.runtime.dev.js:6:48896
    at AsyncLocalStorage.run (node:internal/async_local_storage/async_hooks:91:14)
    at Object.wrap (/opt/hostedapp/node/root/app/node_modules/next/dist/compiled/next-server/app-route.runtime.dev.js:6:40958)
    at /opt/hostedapp/node/root/app/node_modules/next/dist/compiled/next-server/app-route.runtime.dev.js:6:47472
    at AsyncLocalStorage.run (node:internal/async_local_storage/async_hooks:91:14)
    at Object.wrap (/opt/hostedapp/node/root/app/node_modules/next/dist/compiled/next-server/app-route.runtime.dev.js:6:38293)
    at /opt/hostedapp/node/root/app/node_modules/next/dist/compiled/next-server/app-route.runtime.dev.js:6:47434
    at AsyncLocalStorage.run (node:internal/async_local_storage/async_hooks:91:14)
    at eT.execute (/opt/hostedapp/node/root/app/node_modules/next/dist/compiled/next-server/app-route.runtime.dev.js:6:46881)
    at eT.handle (/opt/hostedapp/node/root/app/node_modules/next/dist/compiled/next-server/app-route.runtime.dev.js:6:58771)
    at doRender (/opt/hostedapp/node/root/app/node_modules/next/dist/server/base-server.js:1366:60)
    at cacheEntry.responseCache.get.routeKind (/opt/hostedapp/node/root/app/node_modules/next/dist/server/base-server.js:1588:34)
    at ResponseCache.get (/opt/hostedapp/node/root/app/node_modules/next/dist/server/response-cache/index.js:49:26)
    at DevServer.renderToResponseWithComponentsImpl (/opt/hostedapp/node/root/app/node_modules/next/dist/server/base-server.js:1496:53)
    at /opt/hostedapp/node/root/app/node_modules/next/dist/server/base-server.js:1014:121
    at NextTracerImpl.trace (/opt/hostedapp/node/root/app/node_modules/next/dist/server/lib/trace/tracer.js:105:20)
    at DevServer.renderToResponseWithComponents (/opt/hostedapp/node/root/app/node_modules/next/dist/server/base-server.js:1014:41)
    at DevServer.renderPageComponent (/opt/hostedapp/node/root/app/node_modules/next/dist/server/base-server.js:1924:35)
    at async DevServer.renderToResponseImpl (/opt/hostedapp/node/root/app/node_modules/next/dist/server/base-server.js:1962:32)
    at async DevServer.pipeImpl (/opt/hostedapp/node/root/app/node_modules/next/dist/server/base-server.js:922:25)
    at async NextNodeServer.handleCatchallRenderRequest (/opt/hostedapp/node/root/app/node_modules/next/dist/server/next-server.js:272:17)
    at async DevServer.handleRequestImpl (/opt/hostedapp/node/root/app/node_modules/next/dist/server/base-server.js:818:17)
    at async /opt/hostedapp/node/root/app/node_modules/next/dist/server/dev/next-dev-server.js:339:20
    at async Span.traceAsyncFn (/opt/hostedapp/node/root/app/node_modules/next/dist/trace/trace.js:154:20)
    at async DevServer.handleRequest (/opt/hostedapp/node/root/app/node_modules/next/dist/server/dev/next-dev-server.js:336:24)
    at async invokeRender (/opt/hostedapp/node/root/app/node_modules/next/dist/server/lib/router-server.js:178:21)
    at async handleRequest (/opt/hostedapp/node/root/app/node_modules/next/dist/server/lib/router-server.js:355:24)
    at async requestHandlerImpl (/opt/hostedapp/node/root/app/node_modules/next/dist/server/lib/router-server.js:379:13)
    at async Server.requestListener (/opt/hostedapp/node/root/app/node_modules/next/dist/server/lib/start-server.js:141:13)
Error fetching stories: Error: Authentication required
    at requireAuth (/home/ubuntu/em_interview_prep/app/.next/server/app/api/auth/me/route.js:311:15)
    at GET (/home/ubuntu/em_interview_prep/app/.next/server/app/api/stories/route.js:190:80)
    at /opt/hostedapp/node/root/app/node_modules/next/dist/compiled/next-server/app-route.runtime.dev.js:6:57234
    at /opt/hostedapp/node/root/app/node_modules/next/dist/server/lib/trace/tracer.js:140:36
    at NoopContextManager.with (/opt/hostedapp/node/root/app/node_modules/next/dist/compiled/@opentelemetry/api/index.js:1:7062)
    at ContextAPI.with (/opt/hostedapp/node/root/app/node_modules/next/dist/compiled/@opentelemetry/api/index.js:1:518)
    at NoopTracer.startActiveSpan (/opt/hostedapp/node/root/app/node_modules/next/dist/compiled/@opentelemetry/api/index.js:1:18093)
    at ProxyTracer.startActiveSpan (/opt/hostedapp/node/root/app/node_modules/next/dist/compiled/@opentelemetry/api/index.js:1:18854)
    at /opt/hostedapp/node/root/app/node_modules/next/dist/server/lib/trace/tracer.js:122:103
    at NoopContextManager.with (/opt/hostedapp/node/root/app/node_modules/next/dist/compiled/@opentelemetry/api/index.js:1:7062)
    at ContextAPI.with (/opt/hostedapp/node/root/app/node_modules/next/dist/compiled/@opentelemetry/api/index.js:1:518)
    at NextTracerImpl.trace (/opt/hostedapp/node/root/app/node_modules/next/dist/server/lib/trace/tracer.js:122:28)
    at /opt/hostedapp/node/root/app/node_modules/next/dist/compiled/next-server/app-route.runtime.dev.js:6:48896
    at AsyncLocalStorage.run (node:internal/async_local_storage/async_hooks:91:14)
    at Object.wrap (/opt/hostedapp/node/root/app/node_modules/next/dist/compiled/next-server/app-route.runtime.dev.js:6:40958)
    at /opt/hostedapp/node/root/app/node_modules/next/dist/compiled/next-server/app-route.runtime.dev.js:6:47472
    at AsyncLocalStorage.run (node:internal/async_local_storage/async_hooks:91:14)
    at Object.wrap (/opt/hostedapp/node/root/app/node_modules/next/dist/compiled/next-server/app-route.runtime.dev.js:6:38293)
    at /opt/hostedapp/node/root/app/node_modules/next/dist/compiled/next-server/app-route.runtime.dev.js:6:47434
    at AsyncLocalStorage.run (node:internal/async_local_storage/async_hooks:91:14)
    at eT.execute (/opt/hostedapp/node/root/app/node_modules/next/dist/compiled/next-server/app-route.runtime.dev.js:6:46881)
    at eT.handle (/opt/hostedapp/node/root/app/node_modules/next/dist/compiled/next-server/app-route.runtime.dev.js:6:58771)
    at doRender (/opt/hostedapp/node/root/app/node_modules/next/dist/server/base-server.js:1366:60)
    at cacheEntry.responseCache.get.routeKind (/opt/hostedapp/node/root/app/node_modules/next/dist/server/base-server.js:1588:34)
    at ResponseCache.get (/opt/hostedapp/node/root/app/node_modules/next/dist/server/response-cache/index.js:49:26)
    at DevServer.renderToResponseWithComponentsImpl (/opt/hostedapp/node/root/app/node_modules/next/dist/server/base-server.js:1496:53)
    at /opt/hostedapp/node/root/app/node_modules/next/dist/server/base-server.js:1014:121
    at NextTracerImpl.trace (/opt/hostedapp/node/root/app/node_modules/next/dist/server/lib/trace/tracer.js:105:20)
    at DevServer.renderToResponseWithComponents (/opt/hostedapp/node/root/app/node_modules/next/dist/server/base-server.js:1014:41)
    at DevServer.renderPageComponent (/opt/hostedapp/node/root/app/node_modules/next/dist/server/base-server.js:1924:35)
    at async DevServer.renderToResponseImpl (/opt/hostedapp/node/root/app/node_modules/next/dist/server/base-server.js:1962:32)
    at async DevServer.pipeImpl (/opt/hostedapp/node/root/app/node_modules/next/dist/server/base-server.js:922:25)
    at async NextNodeServer.handleCatchallRenderRequest (/opt/hostedapp/node/root/app/node_modules/next/dist/server/next-server.js:272:17)
    at async DevServer.handleRequestImpl (/opt/hostedapp/node/root/app/node_modules/next/dist/server/base-server.js:818:17)
    at async /opt/hostedapp/node/root/app/node_modules/next/dist/server/dev/next-dev-server.js:339:20
    at async Span.traceAsyncFn (/opt/hostedapp/node/root/app/node_modules/next/dist/trace/trace.js:154:20)
    at async DevServer.handleRequest (/opt/hostedapp/node/root/app/node_modules/next/dist/server/dev/next-dev-server.js:336:24)
    at async invokeRender (/opt/hostedapp/node/root/app/node_modules/next/dist/server/lib/router-server.js:178:21)
    at async handleRequest (/opt/hostedapp/node/root/app/node_modules/next/dist/server/lib/router-server.js:355:24)
    at async requestHandlerImpl (/opt/hostedapp/node/root/app/node_modules/next/dist/server/lib/router-server.js:379:13)
    at async Server.requestListener (/opt/hostedapp/node/root/app/node_modules/next/dist/server/lib/start-server.js:141:13)
Error fetching stories: Error: Authentication required
    at requireAuth (/home/ubuntu/em_interview_prep/app/.next/server/app/api/auth/me/route.js:311:15)
    at GET (/home/ubuntu/em_interview_prep/app/.next/server/app/api/stories/route.js:190:80)
    at /opt/hostedapp/node/root/app/node_modules/next/dist/compiled/next-server/app-route.runtime.dev.js:6:57234
    at /opt/hostedapp/node/root/app/node_modules/next/dist/server/lib/trace/tracer.js:140:36
    at NoopContextManager.with (/opt/hostedapp/node/root/app/node_modules/next/dist/compiled/@opentelemetry/api/index.js:1:7062)
    at ContextAPI.with (/opt/hostedapp/node/root/app/node_modules/next/dist/compiled/@opentelemetry/api/index.js:1:518)
    at NoopTracer.startActiveSpan (/opt/hostedapp/node/root/app/node_modules/next/dist/compiled/@opentelemetry/api/index.js:1:18093)
    at ProxyTracer.startActiveSpan (/opt/hostedapp/node/root/app/node_modules/next/dist/compiled/@opentelemetry/api/index.js:1:18854)
    at /opt/hostedapp/node/root/app/node_modules/next/dist/server/lib/trace/tracer.js:122:103
    at NoopContextManager.with (/opt/hostedapp/node/root/app/node_modules/next/dist/compiled/@opentelemetry/api/index.js:1:7062)
    at ContextAPI.with (/opt/hostedapp/node/root/app/node_modules/next/dist/compiled/@opentelemetry/api/index.js:1:518)
    at NextTracerImpl.trace (/opt/hostedapp/node/root/app/node_modules/next/dist/server/lib/trace/tracer.js:122:28)
    at /opt/hostedapp/node/root/app/node_modules/next/dist/compiled/next-server/app-route.runtime.dev.js:6:48896
    at AsyncLocalStorage.run (node:internal/async_local_storage/async_hooks:91:14)
    at Object.wrap (/opt/hostedapp/node/root/app/node_modules/next/dist/compiled/next-server/app-route.runtime.dev.js:6:40958)
    at /opt/hostedapp/node/root/app/node_modules/next/dist/compiled/next-server/app-route.runtime.dev.js:6:47472
    at AsyncLocalStorage.run (node:internal/async_local_storage/async_hooks:91:14)
    at Object.wrap (/opt/hostedapp/node/root/app/node_modules/next/dist/compiled/next-server/app-route.runtime.dev.js:6:38293)
    at /opt/hostedapp/node/root/app/node_modules/next/dist/compiled/next-server/app-route.runtime.dev.js:6:47434
    at AsyncLocalStorage.run (node:internal/async_local_storage/async_hooks:91:14)
    at eT.execute (/opt/hostedapp/node/root/app/node_modules/next/dist/compiled/next-server/app-route.runtime.dev.js:6:46881)
    at eT.handle (/opt/hostedapp/node/root/app/node_modules/next/dist/compiled/next-server/app-route.runtime.dev.js:6:58771)
    at doRender (/opt/hostedapp/node/root/app/node_modules/next/dist/server/base-server.js:1366:60)
    at cacheEntry.responseCache.get.routeKind (/opt/hostedapp/node/root/app/node_modules/next/dist/server/base-server.js:1588:34)
    at ResponseCache.get (/opt/hostedapp/node/root/app/node_modules/next/dist/server/response-cache/index.js:49:26)
    at DevServer.renderToResponseWithComponentsImpl (/opt/hostedapp/node/root/app/node_modules/next/dist/server/base-server.js:1496:53)
    at /opt/hostedapp/node/root/app/node_modules/next/dist/server/base-server.js:1014:121
    at NextTracerImpl.trace (/opt/hostedapp/node/root/app/node_modules/next/dist/server/lib/trace/tracer.js:105:20)
    at DevServer.renderToResponseWithComponents (/opt/hostedapp/node/root/app/node_modules/next/dist/server/base-server.js:1014:41)
    at DevServer.renderPageComponent (/opt/hostedapp/node/root/app/node_modules/next/dist/server/base-server.js:1924:35)
    at async DevServer.renderToResponseImpl (/opt/hostedapp/node/root/app/node_modules/next/dist/server/base-server.js:1962:32)
    at async DevServer.pipeImpl (/opt/hostedapp/node/root/app/node_modules/next/dist/server/base-server.js:922:25)
    at async NextNodeServer.handleCatchallRenderRequest (/opt/hostedapp/node/root/app/node_modules/next/dist/server/next-server.js:272:17)
    at async DevServer.handleRequestImpl (/opt/hostedapp/node/root/app/node_modules/next/dist/server/base-server.js:818:17)
    at async /opt/hostedapp/node/root/app/node_modules/next/dist/server/dev/next-dev-server.js:339:20
    at async Span.traceAsyncFn (/opt/hostedapp/node/root/app/node_modules/next/dist/trace/trace.js:154:20)
    at async DevServer.handleRequest (/opt/hostedapp/node/root/app/node_modules/next/dist/server/dev/next-dev-server.js:336:24)
    at async invokeRender (/opt/hostedapp/node/root/app/node_modules/next/dist/server/lib/router-server.js:178:21)
    at async handleRequest (/opt/hostedapp/node/root/app/node_modules/next/dist/server/lib/router-server.js:355:24)
    at async requestHandlerImpl (/opt/hostedapp/node/root/app/node_modules/next/dist/server/lib/router-server.js:379:13)
    at async Server.requestListener (/opt/hostedapp/node/root/app/node_modules/next/dist/server/lib/start-server.js:141:13)
