  ▲ Next.js 14.2.28
  - Local:        http://localhost:3000
  - Environments: .env
  - Experiments (use with caution):
    · outputFileTracingRoot

 ✓ Starting...
 ✓ Ready in 1657ms
 ✓ Compiled /api/questions in 336ms (57 modules)
Error fetching questions: PrismaClientValidationError: 
Invalid `prisma.companyQuestion.findMany()` invocation in
/home/ubuntu/em_interview_prep/app/.next/server/app/api/questions/route.js:163:63

  160     ];
  161 }
  162 // Query through CompanyQuestion junction table
→ 163 const companyQuestions = await prisma.companyQuestion.findMany({
        where: {
          company: {
            slug: "amazon"
          }
        },
        orderBy: [
          {
            order: "asc"
          },
          {
            createdAt: "desc"
          }
        ],
        include: {
          question: {
            where: {},
            ~~~~~
            include: {
              userNotes: {
                take: 1,
                orderBy: {
                  updatedAt: "desc"
                }
              }
            }
          },
          company: true,
          category: true
        }
      })

Unknown argument `where`.
    at An (/opt/hostedapp/node/root/app/node_modules/.prisma/client/runtime/library.js:32:1363)
    at zn.handleRequestError (/opt/hostedapp/node/root/app/node_modules/.prisma/client/runtime/library.js:124:7102)
    at zn.handleAndLogRequestError (/opt/hostedapp/node/root/app/node_modules/.prisma/client/runtime/library.js:124:6784)
    at zn.request (/opt/hostedapp/node/root/app/node_modules/.prisma/client/runtime/library.js:124:6491)
    at async l (/opt/hostedapp/node/root/app/node_modules/.prisma/client/runtime/library.js:133:9778)
    at async GET (/home/ubuntu/em_interview_prep/app/.next/server/app/api/questions/route.js:163:34)
    at async /opt/hostedapp/node/root/app/node_modules/next/dist/compiled/next-server/app-route.runtime.dev.js:6:57228
    at async eT.execute (/opt/hostedapp/node/root/app/node_modules/next/dist/compiled/next-server/app-route.runtime.dev.js:6:46851)
    at async eT.handle (/opt/hostedapp/node/root/app/node_modules/next/dist/compiled/next-server/app-route.runtime.dev.js:6:58760)
    at async doRender (/opt/hostedapp/node/root/app/node_modules/next/dist/server/base-server.js:1366:42)
    at async cacheEntry.responseCache.get.routeKind (/opt/hostedapp/node/root/app/node_modules/next/dist/server/base-server.js:1588:28)
    at async DevServer.renderToResponseWithComponentsImpl (/opt/hostedapp/node/root/app/node_modules/next/dist/server/base-server.js:1496:28)
    at async DevServer.renderPageComponent (/opt/hostedapp/node/root/app/node_modules/next/dist/server/base-server.js:1924:24)
    at async DevServer.renderToResponseImpl (/opt/hostedapp/node/root/app/node_modules/next/dist/server/base-server.js:1962:32)
    at async DevServer.pipeImpl (/opt/hostedapp/node/root/app/node_modules/next/dist/server/base-server.js:922:25)
    at async NextNodeServer.handleCatchallRenderRequest (/opt/hostedapp/node/root/app/node_modules/next/dist/server/next-server.js:272:17)
    at async DevServer.handleRequestImpl (/opt/hostedapp/node/root/app/node_modules/next/dist/server/base-server.js:818:17)
    at async /opt/hostedapp/node/root/app/node_modules/next/dist/server/dev/next-dev-server.js:339:20
    at async Span.traceAsyncFn (/opt/hostedapp/node/root/app/node_modules/next/dist/trace/trace.js:154:20)
    at async DevServer.handleRequest (/opt/hostedapp/node/root/app/node_modules/next/dist/server/dev/next-dev-server.js:336:24)
    at async invokeRender (/opt/hostedapp/node/root/app/node_modules/next/dist/server/lib/router-server.js:178:21)
    at async handleRequest (/opt/hostedapp/node/root/app/node_modules/next/dist/server/lib/router-server.js:355:24)
    at async requestHandlerImpl (/opt/hostedapp/node/root/app/node_modules/next/dist/server/lib/router-server.js:379:13)
    at async Server.requestListener (/opt/hostedapp/node/root/app/node_modules/next/dist/server/lib/start-server.js:141:13) {
  clientVersion: '6.7.0'
}
 GET /api/questions?company=amazon 500 in 548ms
Error fetching questions: PrismaClientValidationError: 
Invalid `prisma.companyQuestion.findMany()` invocation in
/home/ubuntu/em_interview_prep/app/.next/server/app/api/questions/route.js:163:63

  160     ];
  161 }
  162 // Query through CompanyQuestion junction table
→ 163 const companyQuestions = await prisma.companyQuestion.findMany({
        where: {
          company: {
            slug: "amazon"
          }
        },
        orderBy: [
          {
            order: "asc"
          },
          {
            createdAt: "desc"
          }
        ],
        include: {
          question: {
            where: {},
            ~~~~~
            include: {
              userNotes: {
                take: 1,
                orderBy: {
                  updatedAt: "desc"
                }
              }
            }
          },
          company: true,
          category: true
        }
      })

Unknown argument `where`.
    at An (/opt/hostedapp/node/root/app/node_modules/.prisma/client/runtime/library.js:32:1363)
    at zn.handleRequestError (/opt/hostedapp/node/root/app/node_modules/.prisma/client/runtime/library.js:124:7102)
    at zn.handleAndLogRequestError (/opt/hostedapp/node/root/app/node_modules/.prisma/client/runtime/library.js:124:6784)
    at zn.request (/opt/hostedapp/node/root/app/node_modules/.prisma/client/runtime/library.js:124:6491)
    at async l (/opt/hostedapp/node/root/app/node_modules/.prisma/client/runtime/library.js:133:9778)
    at async GET (/home/ubuntu/em_interview_prep/app/.next/server/app/api/questions/route.js:163:34)
    at async /opt/hostedapp/node/root/app/node_modules/next/dist/compiled/next-server/app-route.runtime.dev.js:6:57228
    at async eT.execute (/opt/hostedapp/node/root/app/node_modules/next/dist/compiled/next-server/app-route.runtime.dev.js:6:46851)
    at async eT.handle (/opt/hostedapp/node/root/app/node_modules/next/dist/compiled/next-server/app-route.runtime.dev.js:6:58760)
    at async doRender (/opt/hostedapp/node/root/app/node_modules/next/dist/server/base-server.js:1366:42)
    at async cacheEntry.responseCache.get.routeKind (/opt/hostedapp/node/root/app/node_modules/next/dist/server/base-server.js:1588:28)
    at async DevServer.renderToResponseWithComponentsImpl (/opt/hostedapp/node/root/app/node_modules/next/dist/server/base-server.js:1496:28)
    at async DevServer.renderPageComponent (/opt/hostedapp/node/root/app/node_modules/next/dist/server/base-server.js:1924:24)
    at async DevServer.renderToResponseImpl (/opt/hostedapp/node/root/app/node_modules/next/dist/server/base-server.js:1962:32)
    at async DevServer.pipeImpl (/opt/hostedapp/node/root/app/node_modules/next/dist/server/base-server.js:922:25)
    at async NextNodeServer.handleCatchallRenderRequest (/opt/hostedapp/node/root/app/node_modules/next/dist/server/next-server.js:272:17)
    at async DevServer.handleRequestImpl (/opt/hostedapp/node/root/app/node_modules/next/dist/server/base-server.js:818:17)
    at async /opt/hostedapp/node/root/app/node_modules/next/dist/server/dev/next-dev-server.js:339:20
    at async Span.traceAsyncFn (/opt/hostedapp/node/root/app/node_modules/next/dist/trace/trace.js:154:20)
    at async DevServer.handleRequest (/opt/hostedapp/node/root/app/node_modules/next/dist/server/dev/next-dev-server.js:336:24)
    at async invokeRender (/opt/hostedapp/node/root/app/node_modules/next/dist/server/lib/router-server.js:178:21)
    at async handleRequest (/opt/hostedapp/node/root/app/node_modules/next/dist/server/lib/router-server.js:355:24)
    at async requestHandlerImpl (/opt/hostedapp/node/root/app/node_modules/next/dist/server/lib/router-server.js:379:13)
    at async Server.requestListener (/opt/hostedapp/node/root/app/node_modules/next/dist/server/lib/start-server.js:141:13) {
  clientVersion: '6.7.0'
}
 GET /api/questions?company=amazon 500 in 20ms
 ✓ Compiled in 160ms (57 modules)
 ✓ Compiled in 63ms (57 modules)
 GET /api/questions?company=amazon 200 in 133ms
 ○ Compiling /comprehensive ...
 ✓ Compiled /comprehensive in 3.8s (1383 modules)
 GET /comprehensive?company=amazon 200 in 4267ms
 ✓ Compiled in 527ms (678 modules)
 GET /comprehensive?company=amazon 200 in 48ms
 ✓ Compiled /api/categories in 298ms (700 modules)
 ✓ Compiled (702 modules)
 GET /api/companies 200 in 714ms
 GET /api/questions 200 in 708ms
 GET /api/categories 200 in 715ms
 GET /api/companies 200 in 23ms
 GET /api/questions 200 in 30ms
 GET /api/categories 200 in 26ms
 GET /api/companies 200 in 16ms
 GET /api/companies 200 in 22ms
 GET /api/companies 200 in 20ms
 GET /api/companies 200 in 18ms
 GET /api/questions?company=amazon 200 in 18ms
 GET /api/questions?company=meta 200 in 18ms
 GET /api/questions?company=amazon 200 in 19ms
 ✓ Compiled /api/user-notes in 126ms (704 modules)
Error saving user note: PrismaClientValidationError: 
Invalid `prisma.userNote.create()` invocation in
/home/ubuntu/em_interview_prep/app/.next/server/app/api/user-notes/route.js:177:46

  174     });
  175 } else {
  176     // Create new note
→ 177     userNote = await prisma.userNote.create({
            data: {
              questionId: "cmbwmlbkq002htopzdmw0an0b",
              content: "This is a shared note for the change management question. It should appear for both Amazon and Meta since this question is shared between companies.",
              status: "IN_PROGRESS"
            },
            include: {
              question: {
                include: {
                  company: true,
                  ~~~~~~~
                  category: true,
          ?       userNotes?: true,
          ?       storyLinks?: true,
          ?       companyQuestions?: true
                }
              }
            }
          })

Unknown field `company` for include statement on model `Question`. Available options are marked with ?.
    at An (/opt/hostedapp/node/root/app/node_modules/.prisma/client/runtime/library.js:32:1363)
    at zn.handleRequestError (/opt/hostedapp/node/root/app/node_modules/.prisma/client/runtime/library.js:124:7102)
    at zn.handleAndLogRequestError (/opt/hostedapp/node/root/app/node_modules/.prisma/client/runtime/library.js:124:6784)
    at zn.request (/opt/hostedapp/node/root/app/node_modules/.prisma/client/runtime/library.js:124:6491)
    at async l (/opt/hostedapp/node/root/app/node_modules/.prisma/client/runtime/library.js:133:9778)
    at async POST (/home/ubuntu/em_interview_prep/app/.next/server/app/api/user-notes/route.js:177:24)
    at async /opt/hostedapp/node/root/app/node_modules/next/dist/compiled/next-server/app-route.runtime.dev.js:6:57228
    at async eT.execute (/opt/hostedapp/node/root/app/node_modules/next/dist/compiled/next-server/app-route.runtime.dev.js:6:46851)
    at async eT.handle (/opt/hostedapp/node/root/app/node_modules/next/dist/compiled/next-server/app-route.runtime.dev.js:6:58760)
    at async doRender (/opt/hostedapp/node/root/app/node_modules/next/dist/server/base-server.js:1366:42)
    at async cacheEntry.responseCache.get.routeKind (/opt/hostedapp/node/root/app/node_modules/next/dist/server/base-server.js:1588:28)
    at async DevServer.renderToResponseWithComponentsImpl (/opt/hostedapp/node/root/app/node_modules/next/dist/server/base-server.js:1496:28)
    at async DevServer.renderPageComponent (/opt/hostedapp/node/root/app/node_modules/next/dist/server/base-server.js:1924:24)
    at async DevServer.renderToResponseImpl (/opt/hostedapp/node/root/app/node_modules/next/dist/server/base-server.js:1962:32)
    at async DevServer.pipeImpl (/opt/hostedapp/node/root/app/node_modules/next/dist/server/base-server.js:922:25)
    at async NextNodeServer.handleCatchallRenderRequest (/opt/hostedapp/node/root/app/node_modules/next/dist/server/next-server.js:272:17)
    at async DevServer.handleRequestImpl (/opt/hostedapp/node/root/app/node_modules/next/dist/server/base-server.js:818:17)
    at async /opt/hostedapp/node/root/app/node_modules/next/dist/server/dev/next-dev-server.js:339:20
    at async Span.traceAsyncFn (/opt/hostedapp/node/root/app/node_modules/next/dist/trace/trace.js:154:20)
    at async DevServer.handleRequest (/opt/hostedapp/node/root/app/node_modules/next/dist/server/dev/next-dev-server.js:336:24)
    at async invokeRender (/opt/hostedapp/node/root/app/node_modules/next/dist/server/lib/router-server.js:178:21)
    at async handleRequest (/opt/hostedapp/node/root/app/node_modules/next/dist/server/lib/router-server.js:355:24)
    at async requestHandlerImpl (/opt/hostedapp/node/root/app/node_modules/next/dist/server/lib/router-server.js:379:13)
    at async Server.requestListener (/opt/hostedapp/node/root/app/node_modules/next/dist/server/lib/start-server.js:141:13) {
  clientVersion: '6.7.0'
}
 POST /api/user-notes 500 in 245ms
 ✓ Compiled in 487ms (1382 modules)
 ✓ Compiled in 373ms (1378 modules)
 POST /api/user-notes 201 in 102ms
 GET /api/questions?company=amazon 200 in 97ms
 GET /api/questions?company=meta 200 in 18ms
 ✓ Compiled in 372ms (678 modules)
 ⚠ Fast Refresh had to perform a full reload due to a runtime error.
 GET /comprehensive?company=amazon 200 in 119ms
 ✓ Compiled /api/categories in 209ms (702 modules)
 ✓ Compiled (704 modules)
 GET /api/questions 200 in 448ms
 GET /api/categories 200 in 476ms
 GET /api/questions 200 in 15ms
 GET /api/companies 200 in 493ms
 GET /api/categories 200 in 20ms
 GET /api/companies 200 in 19ms
 GET /api/companies 200 in 14ms
 GET /api/companies 200 in 14ms
 GET /api/companies 200 in 14ms
 GET /api/companies 200 in 15ms
 ✓ Compiled in 252ms (678 modules)
 ○ Compiling / ...
 ✓ Compiled / in 795ms (1380 modules)
 GET / 200 in 948ms
 GET / 200 in 951ms
 GET / 200 in 30ms
 GET /api/companies?slug=meta 200 in 79ms
 GET /api/companies 200 in 110ms
 GET /api/companies 200 in 20ms
 GET /api/companies?slug=meta 200 in 19ms
 GET /api/companies 200 in 16ms
 GET /api/companies 200 in 15ms
 GET /api/companies 200 in 14ms
 GET /api/companies 200 in 14ms
 GET / 200 in 33ms
 GET / 200 in 26ms
 GET / 200 in 31ms
 GET /api/companies 200 in 32ms
 GET /api/companies?slug=meta 200 in 28ms
 GET /api/companies 200 in 16ms
 GET /api/companies?slug=meta 200 in 17ms
 GET /api/companies 200 in 15ms
 GET /api/companies 200 in 15ms
 GET /api/companies 200 in 15ms
 GET /api/companies 200 in 14ms
 ○ Compiling /middleware ...
 ✓ Compiled /middleware in 1229ms (1521 modules)
 ✓ Compiled in 815ms (1521 modules)
 ✓ Compiled in 363ms (683 modules)
 ✓ Compiled in 313ms (683 modules)
 ✓ Compiled in 324ms (683 modules)
 ✓ Compiled in 947ms (1357 modules)
 ✓ Compiled /_not-found in 347ms (1348 modules)
 GET /_next/static/css/app/layout.css?v=1749932017903 404 in 449ms
 GET /_next/static/css/app/layout.css?v=1749932017953 404 in 327ms
 ✓ Compiled /api/companies in 487ms (1362 modules)
 ✓ Compiled in 0ms (796 modules)
 GET /api/auth/me 401 in 881ms
 GET /api/companies 200 in 915ms
 GET /_next/static/css/app/layout.css?v=1749932028458 404 in 68ms
 GET /api/auth/me 401 in 86ms
 GET /api/auth/me 401 in 27ms
 GET /_next/static/css/app/layout.css?v=1749932028571 404 in 34ms
 GET /api/companies 200 in 52ms
 GET /api/auth/me 401 in 45ms
 GET /api/companies 200 in 19ms
 GET /api/companies 200 in 15ms
 GET /api/companies 200 in 18ms
 GET /api/companies 200 in 18ms
 GET /api/companies 200 in 17ms
 GET /api/companies 200 in 17ms
 ✓ Compiled in 473ms (1492 modules)
 ✓ Compiled in 594ms (1492 modules)
 ✓ Compiled in 879ms (1564 modules)
 ○ Compiling /_not-found ...
 ✓ Compiled /_not-found in 1169ms (1536 modules)
 GET /comprehensive?company=amazon 200 in 119ms
 GET /_next/static/chunks/app/comprehensive/page.js 404 in 56ms
 GET /_next/static/chunks/app-pages-internals.js 404 in 59ms
 ✓ Compiled in 828ms (1536 modules)
[?25h
